#
# There is insufficient memory for the Java Runtime Environment to continue.
# Native memory allocation (mmap) failed to map 268435456 bytes for Failed to commit area from 0x0000000700c00000 to 0x0000000710c00000 of length 268435456.
# Possible reasons:
#   The system is out of physical RAM or swap space
#   The process is running with CompressedOops enabled, and the Java Heap may be blocking the growth of the native heap
# Possible solutions:
#   Reduce memory load on the system
#   Increase physical memory or swap space
#   Check if swap backing store is full
#   Decrease Java heap size (-Xmx/-Xms)
#   Decrease number of Java threads
#   Decrease Java thread stack sizes (-Xss)
#   Set larger code cache with -XX:ReservedCodeCacheSize=
#   JVM is running with Zero Based Compressed Oops mode in which the Java heap is
#     placed in the first 32GB address space. The Java Heap base address is the
#     maximum limit for the native heap growth. Please use -XX:HeapBaseMinAddress
#     to set the Java Heap base and to place the Java Heap above 32GB virtual address.
# This output file may be truncated or incomplete.
#
#  Out of Memory Error (./open/src/hotspot/os/windows/os_windows.cpp:3315), pid=12228, tid=11704
#
# JRE version:  (14.0.1+7) (build )
# Java VM: Java HotSpot(TM) 64-Bit Server VM (14.0.1+7, mixed mode, sharing, tiered, compressed oops, g1 gc, windows-amd64)
# No core dump will be written. Minidumps are not enabled by default on client versions of Windows
#

---------------  S U M M A R Y ------------

Command Line: -Dfile.encoding=windows-1251 -Duser.country=RU -Duser.language=ru -Duser.variant io.vertx.core.Launcher run dizzybrawl.verticles.MainVerticle --launcher-class io.vertx.core.Launcher --redeploy C:\Users\Andrew Aleynikov\IdeaProjects\db-server/src/**/* --on-redeploy C:\Users\Andrew Aleynikov\IdeaProjects\db-server\gradlew.bat classes --redeploy-grace-period 1000 --redeploy-scan-period 1000 --redeploy-termination-period 1000

Host: Intel(R) Core(TM) i7-3770K CPU @ 3.50GHz, 8 cores, 15G,  Windows 10 , 64 bit Build 19041 (10.0.19041.292)
Time: Sun Oct  4 17:10:40 2020 RTZ 2 (зима) elapsed time: 0 seconds (0d 0h 0m 0s)

---------------  T H R E A D  ---------------

Current thread (0x0000019c1e564000):  JavaThread "Unknown thread" [_thread_in_vm, id=11704, stack(0x00000049eab00000,0x00000049eac00000)]

Stack: [0x00000049eab00000,0x00000049eac00000]
Native frames: (J=compiled Java code, j=interpreted, Vv=VM code, C=native code)
V  [jvm.dll+0x5f840a]
V  [jvm.dll+0x741e4a]
V  [jvm.dll+0x7435ff]
V  [jvm.dll+0x743c43]
V  [jvm.dll+0x20d288]
V  [jvm.dll+0x5f57ba]
V  [jvm.dll+0x5ea615]
V  [jvm.dll+0x2c7e9c]
V  [jvm.dll+0x2c7cd2]
V  [jvm.dll+0x2cdbbc]
V  [jvm.dll+0x313ff8]
V  [jvm.dll+0x313720]
V  [jvm.dll+0x2a092a]
V  [jvm.dll+0x2a1a79]
V  [jvm.dll+0x71f718]
V  [jvm.dll+0x321c44]
V  [jvm.dll+0x700b0c]
V  [jvm.dll+0x392dff]
V  [jvm.dll+0x394e71]
C  [jli.dll+0x523b]
C  [ucrtbase.dll+0x21542]
C  [KERNEL32.DLL+0x16fd4]
C  [ntdll.dll+0x4cec1]


---------------  P R O C E S S  ---------------

Threads class SMR info:
_java_thread_list=0x00007ff99ec83078, length=0, elements={
}

Java Threads: ( => current thread )

Other Threads:
  0x0000019c1e5cc800 GCTaskThread "GC Thread#0" [stack: 0x00000049eac00000,0x00000049ead00000] [id=2192]
  0x0000019c1e5f0000 ConcurrentGCThread "G1 Main Marker" [stack: 0x00000049ead00000,0x00000049eae00000] [id=6832]
  0x0000019c1e5f1800 ConcurrentGCThread "G1 Conc#0" [stack: 0x00000049eae00000,0x00000049eaf00000] [id=8304]

[error occurred during error reporting (printing all threads), id 0xc0000005, EXCEPTION_ACCESS_VIOLATION (0xc0000005) at pc=0x00007ff99e4b1257]

VM state:not at safepoint (not fully initialized)

VM Mutex/Monitor currently owned by a thread:  ([mutex/lock_event])
[0x0000019c1e53c820] Heap_lock - owner thread: 0x0000019c1e564000

Heap address: 0x0000000700c00000, size: 4084 MB, Compressed Oops mode: Zero based, Oop shift amount: 3
Narrow klass base: 0x0000000000000000, Narrow klass shift: 0

GC Heap History (0 events):
No events

Deoptimization events (0 events):
No events

Classes unloaded (0 events):
No events

Classes redefined (0 events):
No events

Internal exceptions (0 events):
No events

Events (2 events):
Event: 0.004 Loaded shared library C:\Program Files\Java\jdk-14.0.1\bin\java.dll
Event: 0.005 Loaded shared library C:\Program Files\Java\jdk-14.0.1\bin\zip.dll


Dynamic libraries:
0x00007ff6ab9c0000 - 0x00007ff6ab9cf000 	C:\Program Files\Java\jdk-14.0.1\bin\java.exe
0x00007ff9e75d0000 - 0x00007ff9e77c4000 	C:\Windows\SYSTEM32\ntdll.dll
0x00007ff9e5640000 - 0x00007ff9e56fd000 	C:\Windows\System32\KERNEL32.DLL
0x00007ff9e4e40000 - 0x00007ff9e5107000 	C:\Windows\System32\KERNELBASE.dll
0x00007ff9e5540000 - 0x00007ff9e5640000 	C:\Windows\System32\ucrtbase.dll
0x00007ff9cc620000 - 0x00007ff9cc635000 	C:\Program Files\Java\jdk-14.0.1\bin\VCRUNTIME140.dll
0x00007ff9cd900000 - 0x00007ff9cd918000 	C:\Program Files\Java\jdk-14.0.1\bin\jli.dll
0x00007ff9e5700000 - 0x00007ff9e57aa000 	C:\Windows\System32\ADVAPI32.dll
0x00007ff9e57f0000 - 0x00007ff9e588e000 	C:\Windows\System32\msvcrt.dll
0x00007ff9e6dd0000 - 0x00007ff9e6e6b000 	C:\Windows\System32\sechost.dll
0x00007ff9e7100000 - 0x00007ff9e7223000 	C:\Windows\System32\RPCRT4.dll
0x00007ff9e5fd0000 - 0x00007ff9e6170000 	C:\Windows\System32\USER32.dll
0x00007ff9e4d70000 - 0x00007ff9e4d92000 	C:\Windows\System32\win32u.dll
0x00007ff9e4150000 - 0x00007ff9e43ea000 	C:\Windows\WinSxS\amd64_microsoft.windows.common-controls_6595b64144ccf1df_6.0.19041.1_none_b555e41d4684ddec\COMCTL32.dll
0x00007ff9e6790000 - 0x00007ff9e67ba000 	C:\Windows\System32\GDI32.dll
0x00007ff9e52a0000 - 0x00007ff9e53aa000 	C:\Windows\System32\gdi32full.dll
0x00007ff9e4da0000 - 0x00007ff9e4e3d000 	C:\Windows\System32\msvcp_win.dll
0x00007ff9de920000 - 0x00007ff9de92a000 	C:\Windows\SYSTEM32\VERSION.dll
0x00007ff9e57b0000 - 0x00007ff9e57e0000 	C:\Windows\System32\IMM32.DLL
0x00007ff9c8590000 - 0x00007ff9c862b000 	C:\Program Files\Java\jdk-14.0.1\bin\msvcp140.dll
0x00007ff99e200000 - 0x00007ff99ed1e000 	C:\Program Files\Java\jdk-14.0.1\bin\server\jvm.dll
0x00007ff9e6780000 - 0x00007ff9e6788000 	C:\Windows\System32\PSAPI.DLL
0x00007ff9d1610000 - 0x00007ff9d1619000 	C:\Windows\SYSTEM32\WSOCK32.dll
0x00007ff9d70b0000 - 0x00007ff9d70d7000 	C:\Windows\SYSTEM32\WINMM.dll
0x00007ff9e6710000 - 0x00007ff9e677b000 	C:\Windows\System32\WS2_32.dll
0x00007ff9e2680000 - 0x00007ff9e2693000 	C:\Windows\SYSTEM32\kernel.appcore.dll
0x00007ff9d4bf0000 - 0x00007ff9d4bfa000 	C:\Program Files\Java\jdk-14.0.1\bin\jimage.dll
0x00007ff9e47f0000 - 0x00007ff9e49d4000 	C:\Windows\SYSTEM32\DBGHELP.DLL
0x00007ff9e4510000 - 0x00007ff9e453c000 	C:\Windows\SYSTEM32\dbgcore.DLL
0x00007ff9e5460000 - 0x00007ff9e54df000 	C:\Windows\System32\bcryptPrimitives.dll
0x00007ff9cb080000 - 0x00007ff9cb0a5000 	C:\Program Files\Java\jdk-14.0.1\bin\java.dll
0x00007ff9cadd0000 - 0x00007ff9cade6000 	C:\Program Files\Java\jdk-14.0.1\bin\zip.dll

dbghelp: loaded successfully - version: 4.0.5 - missing functions: none
symbol engine: initialized successfully - sym options: 0x614 - pdb path: .;C:\Program Files\Java\jdk-14.0.1\bin;C:\Windows\SYSTEM32;C:\Windows\WinSxS\amd64_microsoft.windows.common-controls_6595b64144ccf1df_6.0.19041.1_none_b555e41d4684ddec;C:\Program Files\Java\jdk-14.0.1\bin\server

VM Arguments:
jvm_args: -Dfile.encoding=windows-1251 -Duser.country=RU -Duser.language=ru -Duser.variant 
java_command: io.vertx.core.Launcher run dizzybrawl.verticles.MainVerticle --launcher-class io.vertx.core.Launcher --redeploy C:\Users\Andrew Aleynikov\IdeaProjects\db-server/src/**/* --on-redeploy C:\Users\Andrew Aleynikov\IdeaProjects\db-server\gradlew.bat classes --redeploy-grace-period 1000 --redeploy-scan-period 1000 --redeploy-termination-period 1000
java_class_path (initial): C:\Users\Andrew Aleynikov\IdeaProjects\db-server\build\classes\java\main;C:\Users\Andrew Aleynikov\IdeaProjects\db-server\build\resources\main;C:\Users\Andrew Aleynikov\.gradle\caches\modules-2\files-2.1\io.vertx\vertx-web\4.0.0-milestone5\c9c58ff0b72fd94aafebb102fd7e4e737b6774d5\vertx-web-4.0.0-milestone5.jar;C:\Users\Andrew Aleynikov\.gradle\caches\modules-2\files-2.1\io.vertx\vertx-pg-client\4.0.0-milestone5\8eedf48439716fdb8c6466913517aad1fdcfdb10\vertx-pg-client-4.0.0-milestone5.jar;C:\Users\Andrew Aleynikov\.gradle\caches\modules-2\files-2.1\io.vertx\vertx-web-common\4.0.0-milestone5\e829d433f4eb0f6d92baa7394437f523d7251fe1\vertx-web-common-4.0.0-milestone5.jar;C:\Users\Andrew Aleynikov\.gradle\caches\modules-2\files-2.1\io.vertx\vertx-auth-common\4.0.0-milestone5\6f3756eff3e11465353807762e81181df366ad83\vertx-auth-common-4.0.0-milestone5.jar;C:\Users\Andrew Aleynikov\.gradle\caches\modules-2\files-2.1\io.vertx\vertx-jdbc-client\4.0.0-milestone5\3eae15a46841bdae87817266c9fe988ad45f4263\vertx-jdbc-client-4.0.0-milestone5.jar;C:\Users\Andrew Aleynikov\.gradle\caches\modules-2\files-2.1\io.vertx\vertx-sql-common\4.0.0-milestone5\2a01712e4af831c6ad2b7fc10374e2b2ed1a5383\vertx-sql-common-4.0.0-milestone5.jar;C:\Users\Andrew Aleynikov\.gradle\caches\modules-2\files-2.1\io.vertx\vertx-sql-client\4.0.0-milestone5\2db4a271558e0b0cfb5aef9623d6b015f99d0713\vertx-sql-client-4.0.0-milestone5.jar;C:\Users\Andrew Aleynikov\.gradle\caches\modules-2\files-2.1\io.vertx\vertx-core\4.0.0-milestone5\d895034a0fbabe67938e4023197b10070cb91837\vertx-core-4.0.0-milestone5.jar;C:\Users\Andrew Aleynikov\.gradle\caches\modules-2\files-2.1\io.vertx\vertx-bridge-common\4.0.0-milestone5\43f8e57642bdcb580b1a733961e60b97101f5275\vertx-bridge-common-4.0.0-milestone5.jar;C:\Users\Andrew Aleynikov\.gradle\caches\modules-2\files-2.1\io.netty\netty-handler-proxy\4.1.49.Final\6a2064cc62c7d18719742e1e101199c04c66356c\netty-handler-proxy-4.1.49.Final.jar;C:\Users\Andrew Al
Launcher Type: SUN_STANDARD

[Global flags]
     intx CICompilerCount                          = 4                                         {product} {ergonomic}
     uint ConcGCThreads                            = 2                                         {product} {ergonomic}
     uint G1ConcRefinementThreads                  = 8                                         {product} {ergonomic}
   size_t G1HeapRegionSize                         = 1048576                                   {product} {ergonomic}
    uintx GCDrainStackTargetSize                   = 64                                        {product} {ergonomic}
   size_t InitialHeapSize                          = 268435456                                 {product} {ergonomic}
   size_t MarkStackSize                            = 4194304                                   {product} {ergonomic}
   size_t MaxHeapSize                              = 4282384384                                {product} {ergonomic}
   size_t MinHeapDeltaBytes                        = 1048576                                   {product} {ergonomic}
   size_t MinHeapSize                              = 8388608                                   {product} {ergonomic}
    uintx NonNMethodCodeHeapSize                   = 5839372                                {pd product} {ergonomic}
    uintx NonProfiledCodeHeapSize                  = 122909434                              {pd product} {ergonomic}
    uintx ProfiledCodeHeapSize                     = 122909434                              {pd product} {ergonomic}
    uintx ReservedCodeCacheSize                    = 251658240                              {pd product} {ergonomic}
     bool SegmentedCodeCache                       = true                                      {product} {ergonomic}
   size_t SoftMaxHeapSize                          = 4282384384                             {manageable} {ergonomic}
     bool UseCompressedClassPointers               = true                                 {lp64_product} {ergonomic}
     bool UseCompressedOops                        = true                                 {lp64_product} {ergonomic}
     bool UseG1GC                                  = true                                      {product} {ergonomic}
     bool UseLargePagesIndividualAllocation        = false                                  {pd product} {ergonomic}

Logging:
Log output configuration:
 #0: stdout all=warning uptime,level,tags
 #1: stderr all=off uptime,level,tags

Environment Variables:
PATH=C:\Program Files (x86)\Common Files\Oracle\Java\javapath;C:\Windows\system32;C:\Windows;C:\Windows\System32\Wbem;C:\Windows\System32\WindowsPowerShell\v1.0\;C:\Windows\System32\OpenSSH\;C:\Program Files\NVIDIA Corporation\NVIDIA NvDLISR;C:\Program Files (x86)\NVIDIA Corporation\PhysX\Common;C:\Program Files\Git\cmd;C:\Users\Andrew Aleynikov\AppData\Local\Microsoft\WindowsApps;C:\Users\Andrew Aleynikov\AppData\Local\atom\bin;D:\Program Files\Development Software\JetBrains\IntelliJ IDEA 2020.2.2\bin;;D:\Program Files\Development Software\JetBrains\Rider for Unreal Engine 2020.2.1\bin;;D:\Program Files\Development Software\JetBrains\DataGrip 2020.2.3\bin;
USERNAME=Andrew Aleynikov
OS=Windows_NT
PROCESSOR_IDENTIFIER=Intel64 Family 6 Model 58 Stepping 9, GenuineIntel



---------------  S Y S T E M  ---------------

OS: Windows 10 , 64 bit Build 19041 (10.0.19041.292)
OS uptime: 0 days 0:54 hours

CPU:total 8 (initial active 8) (4 cores per cpu, 2 threads per core) family 6 model 58 stepping 9, cmov, cx8, fxsr, mmx, sse, sse2, sse3, ssse3, sse4.1, sse4.2, popcnt, avx, aes, clmul, erms, ht, tsc, tscinvbit, tscinv

Memory: 4k page, system-wide physical 16333M (7310M free)
TotalPageFile size 18381M (AvailPageFile size 11M)
current process WorkingSet (physical memory assigned to process): 10M, peak: 10M
current process commit charge ("private bytes"): 61M, peak: 317M

vm_info: Java HotSpot(TM) 64-Bit Server VM (14.0.1+7) for windows-amd64 JRE (14.0.1+7), built on Mar  5 2020 10:30:14 by "mach5one" with MS VC++ 15.9 (VS2017)

END.
