#
# There is insufficient memory for the Java Runtime Environment to continue.
# Native memory allocation (malloc) failed to allocate 32744 bytes for ChunkPool::allocate
# Possible reasons:
#   The system is out of physical RAM or swap space
#   The process is running with CompressedOops enabled, and the Java Heap may be blocking the growth of the native heap
# Possible solutions:
#   Reduce memory load on the system
#   Increase physical memory or swap space
#   Check if swap backing store is full
#   Decrease Java heap size (-Xmx/-Xms)
#   Decrease number of Java threads
#   Decrease Java thread stack sizes (-Xss)
#   Set larger code cache with -XX:ReservedCodeCacheSize=
#   JVM is running with Zero Based Compressed Oops mode in which the Java heap is
#     placed in the first 32GB address space. The Java Heap base address is the
#     maximum limit for the native heap growth. Please use -XX:HeapBaseMinAddress
#     to set the Java Heap base and to place the Java Heap above 32GB virtual address.
# This output file may be truncated or incomplete.
#
#  Out of Memory Error (./open/src/hotspot/share/memory/arena.cpp:79), pid=11416, tid=12224
#
# JRE version: Java(TM) SE Runtime Environment (14.0.1+7) (build 14.0.1+7)
# Java VM: Java HotSpot(TM) 64-Bit Server VM (14.0.1+7, mixed mode, sharing, tiered, compressed oops, g1 gc, windows-amd64)
# No core dump will be written. Minidumps are not enabled by default on client versions of Windows
#

---------------  S U M M A R Y ------------

Command Line: -agentlib:jdwp=transport=dt_socket,server=n,suspend=y,address=50965 -Dfile.encoding=windows-1251 -Duser.country=RU -Duser.language=ru -Duser.variant io.vertx.core.Launcher run dizzybrawl.verticles.MainVerticle --launcher-class io.vertx.core.Launcher --redeploy C:\Users\Andrew Aleynikov\IdeaProjects\db-server/src/**/* --on-redeploy C:\Users\Andrew Aleynikov\IdeaProjects\db-server\gradlew.bat classes --redeploy-grace-period 1000 --redeploy-scan-period 1000 --redeploy-termination-period 1000

Host: Intel(R) Core(TM) i7-3770K CPU @ 3.50GHz, 8 cores, 15G,  Windows 10 , 64 bit Build 19041 (10.0.19041.292)
Time: Sun Oct  4 17:08:35 2020 RTZ 2 (зима) elapsed time: 0 seconds (0d 0h 0m 0s)

---------------  T H R E A D  ---------------

Current thread (0x000002e058012800):  JavaThread "C1 CompilerThread0" daemon [_thread_in_native, id=12224, stack(0x000000eaf2300000,0x000000eaf2400000)]


Current CompileTask:
C1:    246  335       3       jdk.internal.org.objectweb.asm.Frame::execute (2305 bytes)

Stack: [0x000000eaf2300000,0x000000eaf2400000]
Native frames: (J=compiled Java code, j=interpreted, Vv=VM code, C=native code)
V  [jvm.dll+0x5f840a]
V  [jvm.dll+0x741e4a]
V  [jvm.dll+0x7435ff]
V  [jvm.dll+0x743c43]
V  [jvm.dll+0x20d288]
V  [jvm.dll+0xabea6]
V  [jvm.dll+0xac1fc]
V  [jvm.dll+0x1a1a25]
V  [jvm.dll+0x1a14c9]
V  [jvm.dll+0x13c39c]
V  [jvm.dll+0x134877]
V  [jvm.dll+0x1346ae]
V  [jvm.dll+0x117939]
V  [jvm.dll+0x11741a]
V  [jvm.dll+0x1175ff]
V  [jvm.dll+0x116884]
V  [jvm.dll+0x1187d7]
V  [jvm.dll+0x1f4105]
V  [jvm.dll+0x1f22eb]
V  [jvm.dll+0x706a9d]
V  [jvm.dll+0x6ff8ba]
V  [jvm.dll+0x5f72c6]
C  [ucrtbase.dll+0x21542]
C  [KERNEL32.DLL+0x16fd4]
C  [ntdll.dll+0x4cec1]


---------------  P R O C E S S  ---------------

Threads class SMR info:
_java_thread_list=0x000002e0581a9520, length=14, elements={
0x000002e031a74000, 0x000002e057761000, 0x000002e057762800, 0x000002e05777b800,
0x000002e05777e000, 0x000002e058002800, 0x000002e058004000, 0x000002e058012800,
0x000002e058015800, 0x000002e05816d000, 0x000002e058187800, 0x000002e05818c800,
0x000002e058197800, 0x000002e0581ac800
}

Java Threads: ( => current thread )
  0x000002e031a74000 JavaThread "main" [_thread_in_Java, id=9624, stack(0x000000eaf1600000,0x000000eaf1700000)]
  0x000002e057761000 JavaThread "Reference Handler" daemon [_thread_blocked, id=9736, stack(0x000000eaf1d00000,0x000000eaf1e00000)]
  0x000002e057762800 JavaThread "Finalizer" daemon [_thread_blocked, id=11424, stack(0x000000eaf1e00000,0x000000eaf1f00000)]
  0x000002e05777b800 JavaThread "Signal Dispatcher" daemon [_thread_blocked, id=5708, stack(0x000000eaf1f00000,0x000000eaf2000000)]
  0x000002e05777e000 JavaThread "Attach Listener" daemon [_thread_blocked, id=1244, stack(0x000000eaf2000000,0x000000eaf2100000)]
  0x000002e058002800 JavaThread "Service Thread" daemon [_thread_blocked, id=4632, stack(0x000000eaf2100000,0x000000eaf2200000)]
  0x000002e058004000 JavaThread "C2 CompilerThread0" daemon [_thread_blocked, id=12088, stack(0x000000eaf2200000,0x000000eaf2300000)]
=>0x000002e058012800 JavaThread "C1 CompilerThread0" daemon [_thread_in_native, id=12224, stack(0x000000eaf2300000,0x000000eaf2400000)]
  0x000002e058015800 JavaThread "Sweeper thread" daemon [_thread_blocked, id=6536, stack(0x000000eaf2400000,0x000000eaf2500000)]
  0x000002e05816d000 JavaThread "JDWP Transport Listener: dt_socket" daemon [_thread_blocked, id=11764, stack(0x000000eaf2500000,0x000000eaf2600000)]
  0x000002e058187800 JavaThread "JDWP Event Helper Thread" daemon [_thread_blocked, id=3460, stack(0x000000eaf2600000,0x000000eaf2700000)]
  0x000002e05818c800 JavaThread "JDWP Command Reader" daemon [_thread_in_native, id=5076, stack(0x000000eaf2700000,0x000000eaf2800000)]
  0x000002e058197800 JavaThread "Notification Thread" daemon [_thread_blocked, id=10576, stack(0x000000eaf2800000,0x000000eaf2900000)]
  0x000002e0581ac800 JavaThread "Common-Cleaner" daemon [_thread_blocked, id=1196, stack(0x000000eaf2a00000,0x000000eaf2b00000)]

Other Threads:
  0x000002e05775d800 VMThread "VM Thread" [stack: 0x000000eaf1c00000,0x000000eaf1d00000] [id=4280]
  0x000002e05819d000 WatcherThread [stack: 0x000000eaf2900000,0x000000eaf2a00000] [id=1832]
  0x000002e031adb000 GCTaskThread "GC Thread#0" [stack: 0x000000eaf1700000,0x000000eaf1800000] [id=10064]
  0x000002e031afd000 ConcurrentGCThread "G1 Main Marker" [stack: 0x000000eaf1800000,0x000000eaf1900000] [id=11980]
  0x000002e031afe800 ConcurrentGCThread "G1 Conc#0" [stack: 0x000000eaf1900000,0x000000eaf1a00000] [id=12280]
  0x000002e057644800 ConcurrentGCThread "G1 Refine#0" [stack: 0x000000eaf1a00000,0x000000eaf1b00000] [id=11252]
  0x000002e057646000 ConcurrentGCThread "G1 Young RemSet Sampling" [stack: 0x000000eaf1b00000,0x000000eaf1c00000] [id=11612]

Threads with active compile tasks:
C1 CompilerThread0      264  335       3       jdk.internal.org.objectweb.asm.Frame::execute (2305 bytes)

VM state:not at safepoint (normal execution)

VM Mutex/Monitor currently owned by a thread: None

Heap address: 0x0000000700c00000, size: 4084 MB, Compressed Oops mode: Zero based, Oop shift amount: 3
Narrow klass base: 0x0000000800000000, Narrow klass shift: 3
Compressed class space size: 1073741824 Address: 0x0000000800b30000

Heap:
 garbage-first heap   total 262144K, used 4096K [0x0000000700c00000, 0x0000000800000000)
  region size 1024K, 5 young (5120K), 0 survivors (0K)
 Metaspace       used 1449K, capacity 4938K, committed 5120K, reserved 1056768K
  class space    used 138K, capacity 478K, committed 512K, reserved 1048576K
Heap Regions: E=young(eden), S=young(survivor), O=old, HS=humongous(starts), HC=humongous(continues), CS=collection set, F=free, OA=open archive, CA=closed archive, TAMS=top-at-mark-start (previous, next)
|   0|0x0000000700c00000, 0x0000000700c00000, 0x0000000700d00000|  0%| F|  |TAMS 0x0000000700c00000, 0x0000000700c00000| Untracked 
|   1|0x0000000700d00000, 0x0000000700d00000, 0x0000000700e00000|  0%| F|  |TAMS 0x0000000700d00000, 0x0000000700d00000| Untracked 
|   2|0x0000000700e00000, 0x0000000700e00000, 0x0000000700f00000|  0%| F|  |TAMS 0x0000000700e00000, 0x0000000700e00000| Untracked 
|   3|0x0000000700f00000, 0x0000000700f00000, 0x0000000701000000|  0%| F|  |TAMS 0x0000000700f00000, 0x0000000700f00000| Untracked 
|   4|0x0000000701000000, 0x0000000701000000, 0x0000000701100000|  0%| F|  |TAMS 0x0000000701000000, 0x0000000701000000| Untracked 
|   5|0x0000000701100000, 0x0000000701100000, 0x0000000701200000|  0%| F|  |TAMS 0x0000000701100000, 0x0000000701100000| Untracked 
|   6|0x0000000701200000, 0x0000000701200000, 0x0000000701300000|  0%| F|  |TAMS 0x0000000701200000, 0x0000000701200000| Untracked 
|   7|0x0000000701300000, 0x0000000701300000, 0x0000000701400000|  0%| F|  |TAMS 0x0000000701300000, 0x0000000701300000| Untracked 
|   8|0x0000000701400000, 0x0000000701400000, 0x0000000701500000|  0%| F|  |TAMS 0x0000000701400000, 0x0000000701400000| Untracked 
|   9|0x0000000701500000, 0x0000000701500000, 0x0000000701600000|  0%| F|  |TAMS 0x0000000701500000, 0x0000000701500000| Untracked 
|  10|0x0000000701600000, 0x0000000701600000, 0x0000000701700000|  0%| F|  |TAMS 0x0000000701600000, 0x0000000701600000| Untracked 
|  11|0x0000000701700000, 0x0000000701700000, 0x0000000701800000|  0%| F|  |TAMS 0x0000000701700000, 0x0000000701700000| Untracked 
|  12|0x0000000701800000, 0x0000000701800000, 0x0000000701900000|  0%| F|  |TAMS 0x0000000701800000, 0x0000000701800000| Untracked 
|  13|0x0000000701900000, 0x0000000701900000, 0x0000000701a00000|  0%| F|  |TAMS 0x0000000701900000, 0x0000000701900000| Untracked 
|  14|0x0000000701a00000, 0x0000000701a00000, 0x0000000701b00000|  0%| F|  |TAMS 0x0000000701a00000, 0x0000000701a00000| Untracked 
|  15|0x0000000701b00000, 0x0000000701b00000, 0x0000000701c00000|  0%| F|  |TAMS 0x0000000701b00000, 0x0000000701b00000| Untracked 
|  16|0x0000000701c00000, 0x0000000701c00000, 0x0000000701d00000|  0%| F|  |TAMS 0x0000000701c00000, 0x0000000701c00000| Untracked 
|  17|0x0000000701d00000, 0x0000000701d00000, 0x0000000701e00000|  0%| F|  |TAMS 0x0000000701d00000, 0x0000000701d00000| Untracked 
|  18|0x0000000701e00000, 0x0000000701e00000, 0x0000000701f00000|  0%| F|  |TAMS 0x0000000701e00000, 0x0000000701e00000| Untracked 
|  19|0x0000000701f00000, 0x0000000701f00000, 0x0000000702000000|  0%| F|  |TAMS 0x0000000701f00000, 0x0000000701f00000| Untracked 
|  20|0x0000000702000000, 0x0000000702000000, 0x0000000702100000|  0%| F|  |TAMS 0x0000000702000000, 0x0000000702000000| Untracked 
|  21|0x0000000702100000, 0x0000000702100000, 0x0000000702200000|  0%| F|  |TAMS 0x0000000702100000, 0x0000000702100000| Untracked 
|  22|0x0000000702200000, 0x0000000702200000, 0x0000000702300000|  0%| F|  |TAMS 0x0000000702200000, 0x0000000702200000| Untracked 
|  23|0x0000000702300000, 0x0000000702300000, 0x0000000702400000|  0%| F|  |TAMS 0x0000000702300000, 0x0000000702300000| Untracked 
|  24|0x0000000702400000, 0x0000000702400000, 0x0000000702500000|  0%| F|  |TAMS 0x0000000702400000, 0x0000000702400000| Untracked 
|  25|0x0000000702500000, 0x0000000702500000, 0x0000000702600000|  0%| F|  |TAMS 0x0000000702500000, 0x0000000702500000| Untracked 
|  26|0x0000000702600000, 0x0000000702600000, 0x0000000702700000|  0%| F|  |TAMS 0x0000000702600000, 0x0000000702600000| Untracked 
|  27|0x0000000702700000, 0x0000000702700000, 0x0000000702800000|  0%| F|  |TAMS 0x0000000702700000, 0x0000000702700000| Untracked 
|  28|0x0000000702800000, 0x0000000702800000, 0x0000000702900000|  0%| F|  |TAMS 0x0000000702800000, 0x0000000702800000| Untracked 
|  29|0x0000000702900000, 0x0000000702900000, 0x0000000702a00000|  0%| F|  |TAMS 0x0000000702900000, 0x0000000702900000| Untracked 
|  30|0x0000000702a00000, 0x0000000702a00000, 0x0000000702b00000|  0%| F|  |TAMS 0x0000000702a00000, 0x0000000702a00000| Untracked 
|  31|0x0000000702b00000, 0x0000000702b00000, 0x0000000702c00000|  0%| F|  |TAMS 0x0000000702b00000, 0x0000000702b00000| Untracked 
|  32|0x0000000702c00000, 0x0000000702c00000, 0x0000000702d00000|  0%| F|  |TAMS 0x0000000702c00000, 0x0000000702c00000| Untracked 
|  33|0x0000000702d00000, 0x0000000702d00000, 0x0000000702e00000|  0%| F|  |TAMS 0x0000000702d00000, 0x0000000702d00000| Untracked 
|  34|0x0000000702e00000, 0x0000000702e00000, 0x0000000702f00000|  0%| F|  |TAMS 0x0000000702e00000, 0x0000000702e00000| Untracked 
|  35|0x0000000702f00000, 0x0000000702f00000, 0x0000000703000000|  0%| F|  |TAMS 0x0000000702f00000, 0x0000000702f00000| Untracked 
|  36|0x0000000703000000, 0x0000000703000000, 0x0000000703100000|  0%| F|  |TAMS 0x0000000703000000, 0x0000000703000000| Untracked 
|  37|0x0000000703100000, 0x0000000703100000, 0x0000000703200000|  0%| F|  |TAMS 0x0000000703100000, 0x0000000703100000| Untracked 
|  38|0x0000000703200000, 0x0000000703200000, 0x0000000703300000|  0%| F|  |TAMS 0x0000000703200000, 0x0000000703200000| Untracked 
|  39|0x0000000703300000, 0x0000000703300000, 0x0000000703400000|  0%| F|  |TAMS 0x0000000703300000, 0x0000000703300000| Untracked 
|  40|0x0000000703400000, 0x0000000703400000, 0x0000000703500000|  0%| F|  |TAMS 0x0000000703400000, 0x0000000703400000| Untracked 
|  41|0x0000000703500000, 0x0000000703500000, 0x0000000703600000|  0%| F|  |TAMS 0x0000000703500000, 0x0000000703500000| Untracked 
|  42|0x0000000703600000, 0x0000000703600000, 0x0000000703700000|  0%| F|  |TAMS 0x0000000703600000, 0x0000000703600000| Untracked 
|  43|0x0000000703700000, 0x0000000703700000, 0x0000000703800000|  0%| F|  |TAMS 0x0000000703700000, 0x0000000703700000| Untracked 
|  44|0x0000000703800000, 0x0000000703800000, 0x0000000703900000|  0%| F|  |TAMS 0x0000000703800000, 0x0000000703800000| Untracked 
|  45|0x0000000703900000, 0x0000000703900000, 0x0000000703a00000|  0%| F|  |TAMS 0x0000000703900000, 0x0000000703900000| Untracked 
|  46|0x0000000703a00000, 0x0000000703a00000, 0x0000000703b00000|  0%| F|  |TAMS 0x0000000703a00000, 0x0000000703a00000| Untracked 
|  47|0x0000000703b00000, 0x0000000703b00000, 0x0000000703c00000|  0%| F|  |TAMS 0x0000000703b00000, 0x0000000703b00000| Untracked 
|  48|0x0000000703c00000, 0x0000000703c00000, 0x0000000703d00000|  0%| F|  |TAMS 0x0000000703c00000, 0x0000000703c00000| Untracked 
|  49|0x0000000703d00000, 0x0000000703d00000, 0x0000000703e00000|  0%| F|  |TAMS 0x0000000703d00000, 0x0000000703d00000| Untracked 
|  50|0x0000000703e00000, 0x0000000703e00000, 0x0000000703f00000|  0%| F|  |TAMS 0x0000000703e00000, 0x0000000703e00000| Untracked 
|  51|0x0000000703f00000, 0x0000000703f00000, 0x0000000704000000|  0%| F|  |TAMS 0x0000000703f00000, 0x0000000703f00000| Untracked 
|  52|0x0000000704000000, 0x0000000704000000, 0x0000000704100000|  0%| F|  |TAMS 0x0000000704000000, 0x0000000704000000| Untracked 
|  53|0x0000000704100000, 0x0000000704100000, 0x0000000704200000|  0%| F|  |TAMS 0x0000000704100000, 0x0000000704100000| Untracked 
|  54|0x0000000704200000, 0x0000000704200000, 0x0000000704300000|  0%| F|  |TAMS 0x0000000704200000, 0x0000000704200000| Untracked 
|  55|0x0000000704300000, 0x0000000704300000, 0x0000000704400000|  0%| F|  |TAMS 0x0000000704300000, 0x0000000704300000| Untracked 
|  56|0x0000000704400000, 0x0000000704400000, 0x0000000704500000|  0%| F|  |TAMS 0x0000000704400000, 0x0000000704400000| Untracked 
|  57|0x0000000704500000, 0x0000000704500000, 0x0000000704600000|  0%| F|  |TAMS 0x0000000704500000, 0x0000000704500000| Untracked 
|  58|0x0000000704600000, 0x0000000704600000, 0x0000000704700000|  0%| F|  |TAMS 0x0000000704600000, 0x0000000704600000| Untracked 
|  59|0x0000000704700000, 0x0000000704700000, 0x0000000704800000|  0%| F|  |TAMS 0x0000000704700000, 0x0000000704700000| Untracked 
|  60|0x0000000704800000, 0x0000000704800000, 0x0000000704900000|  0%| F|  |TAMS 0x0000000704800000, 0x0000000704800000| Untracked 
|  61|0x0000000704900000, 0x0000000704900000, 0x0000000704a00000|  0%| F|  |TAMS 0x0000000704900000, 0x0000000704900000| Untracked 
|  62|0x0000000704a00000, 0x0000000704a00000, 0x0000000704b00000|  0%| F|  |TAMS 0x0000000704a00000, 0x0000000704a00000| Untracked 
|  63|0x0000000704b00000, 0x0000000704b00000, 0x0000000704c00000|  0%| F|  |TAMS 0x0000000704b00000, 0x0000000704b00000| Untracked 
|  64|0x0000000704c00000, 0x0000000704c00000, 0x0000000704d00000|  0%| F|  |TAMS 0x0000000704c00000, 0x0000000704c00000| Untracked 
|  65|0x0000000704d00000, 0x0000000704d00000, 0x0000000704e00000|  0%| F|  |TAMS 0x0000000704d00000, 0x0000000704d00000| Untracked 
|  66|0x0000000704e00000, 0x0000000704e00000, 0x0000000704f00000|  0%| F|  |TAMS 0x0000000704e00000, 0x0000000704e00000| Untracked 
|  67|0x0000000704f00000, 0x0000000704f00000, 0x0000000705000000|  0%| F|  |TAMS 0x0000000704f00000, 0x0000000704f00000| Untracked 
|  68|0x0000000705000000, 0x0000000705000000, 0x0000000705100000|  0%| F|  |TAMS 0x0000000705000000, 0x0000000705000000| Untracked 
|  69|0x0000000705100000, 0x0000000705100000, 0x0000000705200000|  0%| F|  |TAMS 0x0000000705100000, 0x0000000705100000| Untracked 
|  70|0x0000000705200000, 0x0000000705200000, 0x0000000705300000|  0%| F|  |TAMS 0x0000000705200000, 0x0000000705200000| Untracked 
|  71|0x0000000705300000, 0x0000000705300000, 0x0000000705400000|  0%| F|  |TAMS 0x0000000705300000, 0x0000000705300000| Untracked 
|  72|0x0000000705400000, 0x0000000705400000, 0x0000000705500000|  0%| F|  |TAMS 0x0000000705400000, 0x0000000705400000| Untracked 
|  73|0x0000000705500000, 0x0000000705500000, 0x0000000705600000|  0%| F|  |TAMS 0x0000000705500000, 0x0000000705500000| Untracked 
|  74|0x0000000705600000, 0x0000000705600000, 0x0000000705700000|  0%| F|  |TAMS 0x0000000705600000, 0x0000000705600000| Untracked 
|  75|0x0000000705700000, 0x0000000705700000, 0x0000000705800000|  0%| F|  |TAMS 0x0000000705700000, 0x0000000705700000| Untracked 
|  76|0x0000000705800000, 0x0000000705800000, 0x0000000705900000|  0%| F|  |TAMS 0x0000000705800000, 0x0000000705800000| Untracked 
|  77|0x0000000705900000, 0x0000000705900000, 0x0000000705a00000|  0%| F|  |TAMS 0x0000000705900000, 0x0000000705900000| Untracked 
|  78|0x0000000705a00000, 0x0000000705a00000, 0x0000000705b00000|  0%| F|  |TAMS 0x0000000705a00000, 0x0000000705a00000| Untracked 
|  79|0x0000000705b00000, 0x0000000705b00000, 0x0000000705c00000|  0%| F|  |TAMS 0x0000000705b00000, 0x0000000705b00000| Untracked 
|  80|0x0000000705c00000, 0x0000000705c00000, 0x0000000705d00000|  0%| F|  |TAMS 0x0000000705c00000, 0x0000000705c00000| Untracked 
|  81|0x0000000705d00000, 0x0000000705d00000, 0x0000000705e00000|  0%| F|  |TAMS 0x0000000705d00000, 0x0000000705d00000| Untracked 
|  82|0x0000000705e00000, 0x0000000705e00000, 0x0000000705f00000|  0%| F|  |TAMS 0x0000000705e00000, 0x0000000705e00000| Untracked 
|  83|0x0000000705f00000, 0x0000000705f00000, 0x0000000706000000|  0%| F|  |TAMS 0x0000000705f00000, 0x0000000705f00000| Untracked 
|  84|0x0000000706000000, 0x0000000706000000, 0x0000000706100000|  0%| F|  |TAMS 0x0000000706000000, 0x0000000706000000| Untracked 
|  85|0x0000000706100000, 0x0000000706100000, 0x0000000706200000|  0%| F|  |TAMS 0x0000000706100000, 0x0000000706100000| Untracked 
|  86|0x0000000706200000, 0x0000000706200000, 0x0000000706300000|  0%| F|  |TAMS 0x0000000706200000, 0x0000000706200000| Untracked 
|  87|0x0000000706300000, 0x0000000706300000, 0x0000000706400000|  0%| F|  |TAMS 0x0000000706300000, 0x0000000706300000| Untracked 
|  88|0x0000000706400000, 0x0000000706400000, 0x0000000706500000|  0%| F|  |TAMS 0x0000000706400000, 0x0000000706400000| Untracked 
|  89|0x0000000706500000, 0x0000000706500000, 0x0000000706600000|  0%| F|  |TAMS 0x0000000706500000, 0x0000000706500000| Untracked 
|  90|0x0000000706600000, 0x0000000706600000, 0x0000000706700000|  0%| F|  |TAMS 0x0000000706600000, 0x0000000706600000| Untracked 
|  91|0x0000000706700000, 0x0000000706700000, 0x0000000706800000|  0%| F|  |TAMS 0x0000000706700000, 0x0000000706700000| Untracked 
|  92|0x0000000706800000, 0x0000000706800000, 0x0000000706900000|  0%| F|  |TAMS 0x0000000706800000, 0x0000000706800000| Untracked 
|  93|0x0000000706900000, 0x0000000706900000, 0x0000000706a00000|  0%| F|  |TAMS 0x0000000706900000, 0x0000000706900000| Untracked 
|  94|0x0000000706a00000, 0x0000000706a00000, 0x0000000706b00000|  0%| F|  |TAMS 0x0000000706a00000, 0x0000000706a00000| Untracked 
|  95|0x0000000706b00000, 0x0000000706b00000, 0x0000000706c00000|  0%| F|  |TAMS 0x0000000706b00000, 0x0000000706b00000| Untracked 
|  96|0x0000000706c00000, 0x0000000706c00000, 0x0000000706d00000|  0%| F|  |TAMS 0x0000000706c00000, 0x0000000706c00000| Untracked 
|  97|0x0000000706d00000, 0x0000000706d00000, 0x0000000706e00000|  0%| F|  |TAMS 0x0000000706d00000, 0x0000000706d00000| Untracked 
|  98|0x0000000706e00000, 0x0000000706e00000, 0x0000000706f00000|  0%| F|  |TAMS 0x0000000706e00000, 0x0000000706e00000| Untracked 
|  99|0x0000000706f00000, 0x0000000706f00000, 0x0000000707000000|  0%| F|  |TAMS 0x0000000706f00000, 0x0000000706f00000| Untracked 
| 100|0x0000000707000000, 0x0000000707000000, 0x0000000707100000|  0%| F|  |TAMS 0x0000000707000000, 0x0000000707000000| Untracked 
| 101|0x0000000707100000, 0x0000000707100000, 0x0000000707200000|  0%| F|  |TAMS 0x0000000707100000, 0x0000000707100000| Untracked 
| 102|0x0000000707200000, 0x0000000707200000, 0x0000000707300000|  0%| F|  |TAMS 0x0000000707200000, 0x0000000707200000| Untracked 
| 103|0x0000000707300000, 0x0000000707300000, 0x0000000707400000|  0%| F|  |TAMS 0x0000000707300000, 0x0000000707300000| Untracked 
| 104|0x0000000707400000, 0x0000000707400000, 0x0000000707500000|  0%| F|  |TAMS 0x0000000707400000, 0x0000000707400000| Untracked 
| 105|0x0000000707500000, 0x0000000707500000, 0x0000000707600000|  0%| F|  |TAMS 0x0000000707500000, 0x0000000707500000| Untracked 
| 106|0x0000000707600000, 0x0000000707600000, 0x0000000707700000|  0%| F|  |TAMS 0x0000000707600000, 0x0000000707600000| Untracked 
| 107|0x0000000707700000, 0x0000000707700000, 0x0000000707800000|  0%| F|  |TAMS 0x0000000707700000, 0x0000000707700000| Untracked 
| 108|0x0000000707800000, 0x0000000707800000, 0x0000000707900000|  0%| F|  |TAMS 0x0000000707800000, 0x0000000707800000| Untracked 
| 109|0x0000000707900000, 0x0000000707900000, 0x0000000707a00000|  0%| F|  |TAMS 0x0000000707900000, 0x0000000707900000| Untracked 
| 110|0x0000000707a00000, 0x0000000707a00000, 0x0000000707b00000|  0%| F|  |TAMS 0x0000000707a00000, 0x0000000707a00000| Untracked 
| 111|0x0000000707b00000, 0x0000000707b00000, 0x0000000707c00000|  0%| F|  |TAMS 0x0000000707b00000, 0x0000000707b00000| Untracked 
| 112|0x0000000707c00000, 0x0000000707c00000, 0x0000000707d00000|  0%| F|  |TAMS 0x0000000707c00000, 0x0000000707c00000| Untracked 
| 113|0x0000000707d00000, 0x0000000707d00000, 0x0000000707e00000|  0%| F|  |TAMS 0x0000000707d00000, 0x0000000707d00000| Untracked 
| 114|0x0000000707e00000, 0x0000000707e00000, 0x0000000707f00000|  0%| F|  |TAMS 0x0000000707e00000, 0x0000000707e00000| Untracked 
| 115|0x0000000707f00000, 0x0000000707f00000, 0x0000000708000000|  0%| F|  |TAMS 0x0000000707f00000, 0x0000000707f00000| Untracked 
| 116|0x0000000708000000, 0x0000000708000000, 0x0000000708100000|  0%| F|  |TAMS 0x0000000708000000, 0x0000000708000000| Untracked 
| 117|0x0000000708100000, 0x0000000708100000, 0x0000000708200000|  0%| F|  |TAMS 0x0000000708100000, 0x0000000708100000| Untracked 
| 118|0x0000000708200000, 0x0000000708200000, 0x0000000708300000|  0%| F|  |TAMS 0x0000000708200000, 0x0000000708200000| Untracked 
| 119|0x0000000708300000, 0x0000000708300000, 0x0000000708400000|  0%| F|  |TAMS 0x0000000708300000, 0x0000000708300000| Untracked 
| 120|0x0000000708400000, 0x0000000708400000, 0x0000000708500000|  0%| F|  |TAMS 0x0000000708400000, 0x0000000708400000| Untracked 
| 121|0x0000000708500000, 0x0000000708500000, 0x0000000708600000|  0%| F|  |TAMS 0x0000000708500000, 0x0000000708500000| Untracked 
| 122|0x0000000708600000, 0x0000000708600000, 0x0000000708700000|  0%| F|  |TAMS 0x0000000708600000, 0x0000000708600000| Untracked 
| 123|0x0000000708700000, 0x0000000708700000, 0x0000000708800000|  0%| F|  |TAMS 0x0000000708700000, 0x0000000708700000| Untracked 
| 124|0x0000000708800000, 0x0000000708800000, 0x0000000708900000|  0%| F|  |TAMS 0x0000000708800000, 0x0000000708800000| Untracked 
| 125|0x0000000708900000, 0x0000000708900000, 0x0000000708a00000|  0%| F|  |TAMS 0x0000000708900000, 0x0000000708900000| Untracked 
| 126|0x0000000708a00000, 0x0000000708a00000, 0x0000000708b00000|  0%| F|  |TAMS 0x0000000708a00000, 0x0000000708a00000| Untracked 
| 127|0x0000000708b00000, 0x0000000708b00000, 0x0000000708c00000|  0%| F|  |TAMS 0x0000000708b00000, 0x0000000708b00000| Untracked 
| 128|0x0000000708c00000, 0x0000000708c00000, 0x0000000708d00000|  0%| F|  |TAMS 0x0000000708c00000, 0x0000000708c00000| Untracked 
| 129|0x0000000708d00000, 0x0000000708d00000, 0x0000000708e00000|  0%| F|  |TAMS 0x0000000708d00000, 0x0000000708d00000| Untracked 
| 130|0x0000000708e00000, 0x0000000708e00000, 0x0000000708f00000|  0%| F|  |TAMS 0x0000000708e00000, 0x0000000708e00000| Untracked 
| 131|0x0000000708f00000, 0x0000000708f00000, 0x0000000709000000|  0%| F|  |TAMS 0x0000000708f00000, 0x0000000708f00000| Untracked 
| 132|0x0000000709000000, 0x0000000709000000, 0x0000000709100000|  0%| F|  |TAMS 0x0000000709000000, 0x0000000709000000| Untracked 
| 133|0x0000000709100000, 0x0000000709100000, 0x0000000709200000|  0%| F|  |TAMS 0x0000000709100000, 0x0000000709100000| Untracked 
| 134|0x0000000709200000, 0x0000000709200000, 0x0000000709300000|  0%| F|  |TAMS 0x0000000709200000, 0x0000000709200000| Untracked 
| 135|0x0000000709300000, 0x0000000709300000, 0x0000000709400000|  0%| F|  |TAMS 0x0000000709300000, 0x0000000709300000| Untracked 
| 136|0x0000000709400000, 0x0000000709400000, 0x0000000709500000|  0%| F|  |TAMS 0x0000000709400000, 0x0000000709400000| Untracked 
| 137|0x0000000709500000, 0x0000000709500000, 0x0000000709600000|  0%| F|  |TAMS 0x0000000709500000, 0x0000000709500000| Untracked 
| 138|0x0000000709600000, 0x0000000709600000, 0x0000000709700000|  0%| F|  |TAMS 0x0000000709600000, 0x0000000709600000| Untracked 
| 139|0x0000000709700000, 0x0000000709700000, 0x0000000709800000|  0%| F|  |TAMS 0x0000000709700000, 0x0000000709700000| Untracked 
| 140|0x0000000709800000, 0x0000000709800000, 0x0000000709900000|  0%| F|  |TAMS 0x0000000709800000, 0x0000000709800000| Untracked 
| 141|0x0000000709900000, 0x0000000709900000, 0x0000000709a00000|  0%| F|  |TAMS 0x0000000709900000, 0x0000000709900000| Untracked 
| 142|0x0000000709a00000, 0x0000000709a00000, 0x0000000709b00000|  0%| F|  |TAMS 0x0000000709a00000, 0x0000000709a00000| Untracked 
| 143|0x0000000709b00000, 0x0000000709b00000, 0x0000000709c00000|  0%| F|  |TAMS 0x0000000709b00000, 0x0000000709b00000| Untracked 
| 144|0x0000000709c00000, 0x0000000709c00000, 0x0000000709d00000|  0%| F|  |TAMS 0x0000000709c00000, 0x0000000709c00000| Untracked 
| 145|0x0000000709d00000, 0x0000000709d00000, 0x0000000709e00000|  0%| F|  |TAMS 0x0000000709d00000, 0x0000000709d00000| Untracked 
| 146|0x0000000709e00000, 0x0000000709e00000, 0x0000000709f00000|  0%| F|  |TAMS 0x0000000709e00000, 0x0000000709e00000| Untracked 
| 147|0x0000000709f00000, 0x0000000709f00000, 0x000000070a000000|  0%| F|  |TAMS 0x0000000709f00000, 0x0000000709f00000| Untracked 
| 148|0x000000070a000000, 0x000000070a000000, 0x000000070a100000|  0%| F|  |TAMS 0x000000070a000000, 0x000000070a000000| Untracked 
| 149|0x000000070a100000, 0x000000070a100000, 0x000000070a200000|  0%| F|  |TAMS 0x000000070a100000, 0x000000070a100000| Untracked 
| 150|0x000000070a200000, 0x000000070a200000, 0x000000070a300000|  0%| F|  |TAMS 0x000000070a200000, 0x000000070a200000| Untracked 
| 151|0x000000070a300000, 0x000000070a300000, 0x000000070a400000|  0%| F|  |TAMS 0x000000070a300000, 0x000000070a300000| Untracked 
| 152|0x000000070a400000, 0x000000070a400000, 0x000000070a500000|  0%| F|  |TAMS 0x000000070a400000, 0x000000070a400000| Untracked 
| 153|0x000000070a500000, 0x000000070a500000, 0x000000070a600000|  0%| F|  |TAMS 0x000000070a500000, 0x000000070a500000| Untracked 
| 154|0x000000070a600000, 0x000000070a600000, 0x000000070a700000|  0%| F|  |TAMS 0x000000070a600000, 0x000000070a600000| Untracked 
| 155|0x000000070a700000, 0x000000070a700000, 0x000000070a800000|  0%| F|  |TAMS 0x000000070a700000, 0x000000070a700000| Untracked 
| 156|0x000000070a800000, 0x000000070a800000, 0x000000070a900000|  0%| F|  |TAMS 0x000000070a800000, 0x000000070a800000| Untracked 
| 157|0x000000070a900000, 0x000000070a900000, 0x000000070aa00000|  0%| F|  |TAMS 0x000000070a900000, 0x000000070a900000| Untracked 
| 158|0x000000070aa00000, 0x000000070aa00000, 0x000000070ab00000|  0%| F|  |TAMS 0x000000070aa00000, 0x000000070aa00000| Untracked 
| 159|0x000000070ab00000, 0x000000070ab00000, 0x000000070ac00000|  0%| F|  |TAMS 0x000000070ab00000, 0x000000070ab00000| Untracked 
| 160|0x000000070ac00000, 0x000000070ac00000, 0x000000070ad00000|  0%| F|  |TAMS 0x000000070ac00000, 0x000000070ac00000| Untracked 
| 161|0x000000070ad00000, 0x000000070ad00000, 0x000000070ae00000|  0%| F|  |TAMS 0x000000070ad00000, 0x000000070ad00000| Untracked 
| 162|0x000000070ae00000, 0x000000070ae00000, 0x000000070af00000|  0%| F|  |TAMS 0x000000070ae00000, 0x000000070ae00000| Untracked 
| 163|0x000000070af00000, 0x000000070af00000, 0x000000070b000000|  0%| F|  |TAMS 0x000000070af00000, 0x000000070af00000| Untracked 
| 164|0x000000070b000000, 0x000000070b000000, 0x000000070b100000|  0%| F|  |TAMS 0x000000070b000000, 0x000000070b000000| Untracked 
| 165|0x000000070b100000, 0x000000070b100000, 0x000000070b200000|  0%| F|  |TAMS 0x000000070b100000, 0x000000070b100000| Untracked 
| 166|0x000000070b200000, 0x000000070b200000, 0x000000070b300000|  0%| F|  |TAMS 0x000000070b200000, 0x000000070b200000| Untracked 
| 167|0x000000070b300000, 0x000000070b300000, 0x000000070b400000|  0%| F|  |TAMS 0x000000070b300000, 0x000000070b300000| Untracked 
| 168|0x000000070b400000, 0x000000070b400000, 0x000000070b500000|  0%| F|  |TAMS 0x000000070b400000, 0x000000070b400000| Untracked 
| 169|0x000000070b500000, 0x000000070b500000, 0x000000070b600000|  0%| F|  |TAMS 0x000000070b500000, 0x000000070b500000| Untracked 
| 170|0x000000070b600000, 0x000000070b600000, 0x000000070b700000|  0%| F|  |TAMS 0x000000070b600000, 0x000000070b600000| Untracked 
| 171|0x000000070b700000, 0x000000070b700000, 0x000000070b800000|  0%| F|  |TAMS 0x000000070b700000, 0x000000070b700000| Untracked 
| 172|0x000000070b800000, 0x000000070b800000, 0x000000070b900000|  0%| F|  |TAMS 0x000000070b800000, 0x000000070b800000| Untracked 
| 173|0x000000070b900000, 0x000000070b900000, 0x000000070ba00000|  0%| F|  |TAMS 0x000000070b900000, 0x000000070b900000| Untracked 
| 174|0x000000070ba00000, 0x000000070ba00000, 0x000000070bb00000|  0%| F|  |TAMS 0x000000070ba00000, 0x000000070ba00000| Untracked 
| 175|0x000000070bb00000, 0x000000070bb00000, 0x000000070bc00000|  0%| F|  |TAMS 0x000000070bb00000, 0x000000070bb00000| Untracked 
| 176|0x000000070bc00000, 0x000000070bc00000, 0x000000070bd00000|  0%| F|  |TAMS 0x000000070bc00000, 0x000000070bc00000| Untracked 
| 177|0x000000070bd00000, 0x000000070bd00000, 0x000000070be00000|  0%| F|  |TAMS 0x000000070bd00000, 0x000000070bd00000| Untracked 
| 178|0x000000070be00000, 0x000000070be00000, 0x000000070bf00000|  0%| F|  |TAMS 0x000000070be00000, 0x000000070be00000| Untracked 
| 179|0x000000070bf00000, 0x000000070bf00000, 0x000000070c000000|  0%| F|  |TAMS 0x000000070bf00000, 0x000000070bf00000| Untracked 
| 180|0x000000070c000000, 0x000000070c000000, 0x000000070c100000|  0%| F|  |TAMS 0x000000070c000000, 0x000000070c000000| Untracked 
| 181|0x000000070c100000, 0x000000070c100000, 0x000000070c200000|  0%| F|  |TAMS 0x000000070c100000, 0x000000070c100000| Untracked 
| 182|0x000000070c200000, 0x000000070c200000, 0x000000070c300000|  0%| F|  |TAMS 0x000000070c200000, 0x000000070c200000| Untracked 
| 183|0x000000070c300000, 0x000000070c300000, 0x000000070c400000|  0%| F|  |TAMS 0x000000070c300000, 0x000000070c300000| Untracked 
| 184|0x000000070c400000, 0x000000070c400000, 0x000000070c500000|  0%| F|  |TAMS 0x000000070c400000, 0x000000070c400000| Untracked 
| 185|0x000000070c500000, 0x000000070c500000, 0x000000070c600000|  0%| F|  |TAMS 0x000000070c500000, 0x000000070c500000| Untracked 
| 186|0x000000070c600000, 0x000000070c600000, 0x000000070c700000|  0%| F|  |TAMS 0x000000070c600000, 0x000000070c600000| Untracked 
| 187|0x000000070c700000, 0x000000070c700000, 0x000000070c800000|  0%| F|  |TAMS 0x000000070c700000, 0x000000070c700000| Untracked 
| 188|0x000000070c800000, 0x000000070c800000, 0x000000070c900000|  0%| F|  |TAMS 0x000000070c800000, 0x000000070c800000| Untracked 
| 189|0x000000070c900000, 0x000000070c900000, 0x000000070ca00000|  0%| F|  |TAMS 0x000000070c900000, 0x000000070c900000| Untracked 
| 190|0x000000070ca00000, 0x000000070ca00000, 0x000000070cb00000|  0%| F|  |TAMS 0x000000070ca00000, 0x000000070ca00000| Untracked 
| 191|0x000000070cb00000, 0x000000070cb00000, 0x000000070cc00000|  0%| F|  |TAMS 0x000000070cb00000, 0x000000070cb00000| Untracked 
| 192|0x000000070cc00000, 0x000000070cc00000, 0x000000070cd00000|  0%| F|  |TAMS 0x000000070cc00000, 0x000000070cc00000| Untracked 
| 193|0x000000070cd00000, 0x000000070cd00000, 0x000000070ce00000|  0%| F|  |TAMS 0x000000070cd00000, 0x000000070cd00000| Untracked 
| 194|0x000000070ce00000, 0x000000070ce00000, 0x000000070cf00000|  0%| F|  |TAMS 0x000000070ce00000, 0x000000070ce00000| Untracked 
| 195|0x000000070cf00000, 0x000000070cf00000, 0x000000070d000000|  0%| F|  |TAMS 0x000000070cf00000, 0x000000070cf00000| Untracked 
| 196|0x000000070d000000, 0x000000070d000000, 0x000000070d100000|  0%| F|  |TAMS 0x000000070d000000, 0x000000070d000000| Untracked 
| 197|0x000000070d100000, 0x000000070d100000, 0x000000070d200000|  0%| F|  |TAMS 0x000000070d100000, 0x000000070d100000| Untracked 
| 198|0x000000070d200000, 0x000000070d200000, 0x000000070d300000|  0%| F|  |TAMS 0x000000070d200000, 0x000000070d200000| Untracked 
| 199|0x000000070d300000, 0x000000070d300000, 0x000000070d400000|  0%| F|  |TAMS 0x000000070d300000, 0x000000070d300000| Untracked 
| 200|0x000000070d400000, 0x000000070d400000, 0x000000070d500000|  0%| F|  |TAMS 0x000000070d400000, 0x000000070d400000| Untracked 
| 201|0x000000070d500000, 0x000000070d500000, 0x000000070d600000|  0%| F|  |TAMS 0x000000070d500000, 0x000000070d500000| Untracked 
| 202|0x000000070d600000, 0x000000070d600000, 0x000000070d700000|  0%| F|  |TAMS 0x000000070d600000, 0x000000070d600000| Untracked 
| 203|0x000000070d700000, 0x000000070d700000, 0x000000070d800000|  0%| F|  |TAMS 0x000000070d700000, 0x000000070d700000| Untracked 
| 204|0x000000070d800000, 0x000000070d800000, 0x000000070d900000|  0%| F|  |TAMS 0x000000070d800000, 0x000000070d800000| Untracked 
| 205|0x000000070d900000, 0x000000070d900000, 0x000000070da00000|  0%| F|  |TAMS 0x000000070d900000, 0x000000070d900000| Untracked 
| 206|0x000000070da00000, 0x000000070da00000, 0x000000070db00000|  0%| F|  |TAMS 0x000000070da00000, 0x000000070da00000| Untracked 
| 207|0x000000070db00000, 0x000000070db00000, 0x000000070dc00000|  0%| F|  |TAMS 0x000000070db00000, 0x000000070db00000| Untracked 
| 208|0x000000070dc00000, 0x000000070dc00000, 0x000000070dd00000|  0%| F|  |TAMS 0x000000070dc00000, 0x000000070dc00000| Untracked 
| 209|0x000000070dd00000, 0x000000070dd00000, 0x000000070de00000|  0%| F|  |TAMS 0x000000070dd00000, 0x000000070dd00000| Untracked 
| 210|0x000000070de00000, 0x000000070de00000, 0x000000070df00000|  0%| F|  |TAMS 0x000000070de00000, 0x000000070de00000| Untracked 
| 211|0x000000070df00000, 0x000000070df00000, 0x000000070e000000|  0%| F|  |TAMS 0x000000070df00000, 0x000000070df00000| Untracked 
| 212|0x000000070e000000, 0x000000070e000000, 0x000000070e100000|  0%| F|  |TAMS 0x000000070e000000, 0x000000070e000000| Untracked 
| 213|0x000000070e100000, 0x000000070e100000, 0x000000070e200000|  0%| F|  |TAMS 0x000000070e100000, 0x000000070e100000| Untracked 
| 214|0x000000070e200000, 0x000000070e200000, 0x000000070e300000|  0%| F|  |TAMS 0x000000070e200000, 0x000000070e200000| Untracked 
| 215|0x000000070e300000, 0x000000070e300000, 0x000000070e400000|  0%| F|  |TAMS 0x000000070e300000, 0x000000070e300000| Untracked 
| 216|0x000000070e400000, 0x000000070e400000, 0x000000070e500000|  0%| F|  |TAMS 0x000000070e400000, 0x000000070e400000| Untracked 
| 217|0x000000070e500000, 0x000000070e500000, 0x000000070e600000|  0%| F|  |TAMS 0x000000070e500000, 0x000000070e500000| Untracked 
| 218|0x000000070e600000, 0x000000070e600000, 0x000000070e700000|  0%| F|  |TAMS 0x000000070e600000, 0x000000070e600000| Untracked 
| 219|0x000000070e700000, 0x000000070e700000, 0x000000070e800000|  0%| F|  |TAMS 0x000000070e700000, 0x000000070e700000| Untracked 
| 220|0x000000070e800000, 0x000000070e800000, 0x000000070e900000|  0%| F|  |TAMS 0x000000070e800000, 0x000000070e800000| Untracked 
| 221|0x000000070e900000, 0x000000070e900000, 0x000000070ea00000|  0%| F|  |TAMS 0x000000070e900000, 0x000000070e900000| Untracked 
| 222|0x000000070ea00000, 0x000000070ea00000, 0x000000070eb00000|  0%| F|  |TAMS 0x000000070ea00000, 0x000000070ea00000| Untracked 
| 223|0x000000070eb00000, 0x000000070eb00000, 0x000000070ec00000|  0%| F|  |TAMS 0x000000070eb00000, 0x000000070eb00000| Untracked 
| 224|0x000000070ec00000, 0x000000070ec00000, 0x000000070ed00000|  0%| F|  |TAMS 0x000000070ec00000, 0x000000070ec00000| Untracked 
| 225|0x000000070ed00000, 0x000000070ed00000, 0x000000070ee00000|  0%| F|  |TAMS 0x000000070ed00000, 0x000000070ed00000| Untracked 
| 226|0x000000070ee00000, 0x000000070ee00000, 0x000000070ef00000|  0%| F|  |TAMS 0x000000070ee00000, 0x000000070ee00000| Untracked 
| 227|0x000000070ef00000, 0x000000070ef00000, 0x000000070f000000|  0%| F|  |TAMS 0x000000070ef00000, 0x000000070ef00000| Untracked 
| 228|0x000000070f000000, 0x000000070f000000, 0x000000070f100000|  0%| F|  |TAMS 0x000000070f000000, 0x000000070f000000| Untracked 
| 229|0x000000070f100000, 0x000000070f100000, 0x000000070f200000|  0%| F|  |TAMS 0x000000070f100000, 0x000000070f100000| Untracked 
| 230|0x000000070f200000, 0x000000070f200000, 0x000000070f300000|  0%| F|  |TAMS 0x000000070f200000, 0x000000070f200000| Untracked 
| 231|0x000000070f300000, 0x000000070f300000, 0x000000070f400000|  0%| F|  |TAMS 0x000000070f300000, 0x000000070f300000| Untracked 
| 232|0x000000070f400000, 0x000000070f400000, 0x000000070f500000|  0%| F|  |TAMS 0x000000070f400000, 0x000000070f400000| Untracked 
| 233|0x000000070f500000, 0x000000070f500000, 0x000000070f600000|  0%| F|  |TAMS 0x000000070f500000, 0x000000070f500000| Untracked 
| 234|0x000000070f600000, 0x000000070f600000, 0x000000070f700000|  0%| F|  |TAMS 0x000000070f600000, 0x000000070f600000| Untracked 
| 235|0x000000070f700000, 0x000000070f700000, 0x000000070f800000|  0%| F|  |TAMS 0x000000070f700000, 0x000000070f700000| Untracked 
| 236|0x000000070f800000, 0x000000070f800000, 0x000000070f900000|  0%| F|  |TAMS 0x000000070f800000, 0x000000070f800000| Untracked 
| 237|0x000000070f900000, 0x000000070f900000, 0x000000070fa00000|  0%| F|  |TAMS 0x000000070f900000, 0x000000070f900000| Untracked 
| 238|0x000000070fa00000, 0x000000070fa00000, 0x000000070fb00000|  0%| F|  |TAMS 0x000000070fa00000, 0x000000070fa00000| Untracked 
| 239|0x000000070fb00000, 0x000000070fb00000, 0x000000070fc00000|  0%| F|  |TAMS 0x000000070fb00000, 0x000000070fb00000| Untracked 
| 240|0x000000070fc00000, 0x000000070fc00000, 0x000000070fd00000|  0%| F|  |TAMS 0x000000070fc00000, 0x000000070fc00000| Untracked 
| 241|0x000000070fd00000, 0x000000070fd00000, 0x000000070fe00000|  0%| F|  |TAMS 0x000000070fd00000, 0x000000070fd00000| Untracked 
| 242|0x000000070fe00000, 0x000000070fe00000, 0x000000070ff00000|  0%| F|  |TAMS 0x000000070fe00000, 0x000000070fe00000| Untracked 
| 243|0x000000070ff00000, 0x000000070ff00000, 0x0000000710000000|  0%| F|  |TAMS 0x000000070ff00000, 0x000000070ff00000| Untracked 
| 244|0x0000000710000000, 0x0000000710000000, 0x0000000710100000|  0%| F|  |TAMS 0x0000000710000000, 0x0000000710000000| Untracked 
| 245|0x0000000710100000, 0x0000000710100000, 0x0000000710200000|  0%| F|  |TAMS 0x0000000710100000, 0x0000000710100000| Untracked 
| 246|0x0000000710200000, 0x0000000710200000, 0x0000000710300000|  0%| F|  |TAMS 0x0000000710200000, 0x0000000710200000| Untracked 
| 247|0x0000000710300000, 0x0000000710300000, 0x0000000710400000|  0%| F|  |TAMS 0x0000000710300000, 0x0000000710300000| Untracked 
| 248|0x0000000710400000, 0x0000000710400000, 0x0000000710500000|  0%| F|  |TAMS 0x0000000710400000, 0x0000000710400000| Untracked 
| 249|0x0000000710500000, 0x0000000710500000, 0x0000000710600000|  0%| F|  |TAMS 0x0000000710500000, 0x0000000710500000| Untracked 
| 250|0x0000000710600000, 0x0000000710600000, 0x0000000710700000|  0%| F|  |TAMS 0x0000000710600000, 0x0000000710600000| Untracked 
| 251|0x0000000710700000, 0x00000007107ec0d8, 0x0000000710800000| 92%| E|  |TAMS 0x0000000710700000, 0x0000000710700000| Complete 
| 252|0x0000000710800000, 0x0000000710900000, 0x0000000710900000|100%| E|CS|TAMS 0x0000000710800000, 0x0000000710800000| Complete 
| 253|0x0000000710900000, 0x0000000710a00000, 0x0000000710a00000|100%| E|CS|TAMS 0x0000000710900000, 0x0000000710900000| Complete 
| 254|0x0000000710a00000, 0x0000000710b00000, 0x0000000710b00000|100%| E|CS|TAMS 0x0000000710a00000, 0x0000000710a00000| Complete 
| 255|0x0000000710b00000, 0x0000000710c00000, 0x0000000710c00000|100%| E|CS|TAMS 0x0000000710b00000, 0x0000000710b00000| Complete 

Card table byte_map: [0x000002e04bc50000,0x000002e04c450000] _byte_map_base: 0x000002e04844a000

Marking Bits (Prev, Next): (CMBitMap*) 0x000002e031adc508, (CMBitMap*) 0x000002e031adc548
 Prev Bits: [0x000002e04cc50000, 0x000002e050c20000)
 Next Bits: [0x000002e050c20000, 0x000002e054bf0000)

Polling page: 0x000002e031910000

Metaspace:

Usage:
  Non-class:      4.36 MB capacity,     1.33 MB ( 31%) used,     3.02 MB ( 69%) free+waste,     2.75 KB ( <1%) overhead. 
      Class:    478.00 KB capacity,   152.48 KB ( 32%) used,   323.71 KB ( 68%) free+waste,     1.81 KB ( <1%) overhead. 
       Both:      4.82 MB capacity,     1.48 MB ( 31%) used,     3.34 MB ( 69%) free+waste,     4.56 KB ( <1%) overhead. 

Virtual space:
  Non-class space:        8.00 MB reserved,       4.50 MB ( 56%) committed 
      Class space:        1.00 GB reserved,     512.00 KB ( <1%) committed 
             Both:        1.01 GB reserved,       5.00 MB ( <1%) committed 

Chunk freelists:
   Non-Class:  20.00 KB
       Class:  2.00 KB
        Both:  22.00 KB

MaxMetaspaceSize: 17179869184.00 GB
CompressedClassSpaceSize: 1.00 GB

CodeHeap 'non-profiled nmethods': size=120000Kb used=90Kb max_used=90Kb free=119909Kb
 bounds [0x000002e0434c0000, 0x000002e043730000, 0x000002e04a9f0000]
CodeHeap 'profiled nmethods': size=120000Kb used=502Kb max_used=502Kb free=119497Kb
 bounds [0x000002e03bf90000, 0x000002e03c200000, 0x000002e0434c0000]
CodeHeap 'non-nmethods': size=5760Kb used=1195Kb max_used=1209Kb free=4564Kb
 bounds [0x000002e03b9f0000, 0x000002e03bc60000, 0x000002e03bf90000]
 total_blobs=1046 nmethods=338 adapters=259
 compilation: enabled
              stopped_count=0, restarted_count=0
 full_count=0

Compilation events (20 events):
Event: 0.235 Thread 0x000002e058012800  325       3       java.lang.invoke.MethodType::makeImpl (108 bytes)
Event: 0.236 Thread 0x000002e058012800 nmethod 325 0x000002e03c009890 code [0x000002e03c009b40, 0x000002e03c00aa58]
Event: 0.236 Thread 0x000002e058012800  328       3       jdk.internal.org.objectweb.asm.SymbolTable::addConstantUtf8 (98 bytes)
Event: 0.236 Thread 0x000002e058012800 nmethod 328 0x000002e03c00af10 code [0x000002e03c00b140, 0x000002e03c00b838]
Event: 0.236 Thread 0x000002e058012800  326       3       java.lang.invoke.MethodType::<init> (15 bytes)
Event: 0.236 Thread 0x000002e058012800 nmethod 326 0x000002e03c00bc10 code [0x000002e03c00bdc0, 0x000002e03c00bff8]
Event: 0.236 Thread 0x000002e058012800  329       3       jdk.internal.org.objectweb.asm.Symbol::<init> (38 bytes)
Event: 0.236 Thread 0x000002e058012800 nmethod 329 0x000002e03c00c090 code [0x000002e03c00c240, 0x000002e03c00c4f8]
Event: 0.238 Thread 0x000002e058012800  330       3       java.lang.String::toString (2 bytes)
Event: 0.238 Thread 0x000002e058012800 nmethod 330 0x000002e03c00c610 code [0x000002e03c00c7a0, 0x000002e03c00c8b8]
Event: 0.238 Thread 0x000002e058012800  331       1       jdk.internal.org.objectweb.asm.SymbolTable::getMajorVersion (5 bytes)
Event: 0.238 Thread 0x000002e058012800 nmethod 331 0x000002e0434d4e90 code [0x000002e0434d5020, 0x000002e0434d50f8]
Event: 0.238 Thread 0x000002e058012800  332       3       jdk.internal.org.objectweb.asm.ByteVector::put12 (64 bytes)
Event: 0.238 Thread 0x000002e058004000  333       4       java.lang.String::indexOf (29 bytes)
Event: 0.238 Thread 0x000002e058012800 nmethod 332 0x000002e03c00c990 code [0x000002e03c00cb40, 0x000002e03c00cda8]
Event: 0.239 Thread 0x000002e058012800  334       3       jdk.internal.org.objectweb.asm.SymbolTable::addConstantUtf8Reference (101 bytes)
Event: 0.239 Thread 0x000002e058012800 nmethod 334 0x000002e03c00cf10 code [0x000002e03c00d140, 0x000002e03c00d818]
Event: 0.240 Thread 0x000002e058012800  335       3       jdk.internal.org.objectweb.asm.Frame::execute (2305 bytes)
Event: 0.242 Thread 0x000002e058004000 nmethod 333 0x000002e0434d5190 code [0x000002e0434d5360, 0x000002e0434d5678]
Event: 0.245 Thread 0x000002e058004000  339       4       java.lang.String::hashCode (60 bytes)

GC Heap History (0 events):
No events

Deoptimization events (10 events):
Event: 0.102 Thread 0x000002e031a74000 Uncommon trap: trap_request=0xffffff45 fr.pc=0x000002e0434c485c relative=0x00000000000001fc
Event: 0.102 Thread 0x000002e031a74000 Uncommon trap: reason=unstable_if action=reinterpret pc=0x000002e0434c485c method=java.lang.String.hashCode()I @ 42 c2
Event: 0.102 Thread 0x000002e031a74000 DEOPT PACKING pc=0x000002e0434c485c sp=0x000000eaf16fe020
Event: 0.102 Thread 0x000002e031a74000 DEOPT UNPACKING pc=0x000002e03ba3912f sp=0x000000eaf16fdfb8 mode 2
Event: 0.195 Thread 0x000002e031a74000 Uncommon trap: trap_request=0xffffff45 fr.pc=0x000002e0434cef94 relative=0x0000000000000074
Event: 0.195 Thread 0x000002e031a74000 Uncommon trap: reason=unstable_if action=reinterpret pc=0x000002e0434cef94 method=java.io.WinNTFileSystem.isSlash(C)Z @ 9 c2
Event: 0.195 Thread 0x000002e031a74000 DEOPT PACKING pc=0x000002e0434cef94 sp=0x000000eaf16fe9d0
Event: 0.195 Thread 0x000002e031a74000 DEOPT UNPACKING pc=0x000002e03ba3912f sp=0x000000eaf16fe968 mode 2
Event: 0.204 Thread 0x000002e031a74000 DEOPT PACKING pc=0x000002e03bfcab18 sp=0x000000eaf16f8dd0
Event: 0.204 Thread 0x000002e031a74000 DEOPT UNPACKING pc=0x000002e03ba3964e sp=0x000000eaf16f8238 mode 0

Classes unloaded (0 events):
No events

Classes redefined (0 events):
No events

Internal exceptions (0 events):
No events

Events (20 events):
Event: 0.233 loading class java/lang/PublicMethods
Event: 0.233 loading class java/lang/PublicMethods done
Event: 0.233 loading class java/util/LinkedHashMap$LinkedValues
Event: 0.233 loading class java/util/LinkedHashMap$LinkedValues done
Event: 0.233 loading class java/util/LinkedHashMap$LinkedValueIterator
Event: 0.233 loading class java/util/LinkedHashMap$LinkedValueIterator done
Event: 0.234 loading class java/lang/reflect/ProxyGenerator
Event: 0.234 loading class java/lang/reflect/ProxyGenerator done
Event: 0.234 loading class java/lang/reflect/ProxyGenerator$ProxyMethod
Event: 0.234 loading class java/lang/reflect/ProxyGenerator$ProxyMethod done
Event: 0.236 loading class java/lang/reflect/ProxyGenerator$PrimitiveTypeInfo
Event: 0.236 loading class java/lang/reflect/ProxyGenerator$PrimitiveTypeInfo done
Event: 0.236 loading class jdk/internal/org/objectweb/asm/Edge
Event: 0.236 loading class jdk/internal/org/objectweb/asm/Edge done
Event: 0.237 loading class java/lang/reflect/Proxy$ProxyBuilder$1
Event: 0.237 loading class java/lang/reflect/Proxy$ProxyBuilder$1 done
Event: 0.237 loading class java/lang/annotation/Target
Event: 0.237 loading class java/lang/annotation/Target done
Event: 0.240 loading class java/lang/reflect/UndeclaredThrowableException
Event: 0.240 loading class java/lang/reflect/UndeclaredThrowableException done


Dynamic libraries:
0x00007ff6ab9c0000 - 0x00007ff6ab9cf000 	C:\Program Files\Java\jdk-14.0.1\bin\java.exe
0x00007ff9e75d0000 - 0x00007ff9e77c4000 	C:\Windows\SYSTEM32\ntdll.dll
0x00007ff9e5640000 - 0x00007ff9e56fd000 	C:\Windows\System32\KERNEL32.DLL
0x00007ff9e4e40000 - 0x00007ff9e5107000 	C:\Windows\System32\KERNELBASE.dll
0x00007ff9e5540000 - 0x00007ff9e5640000 	C:\Windows\System32\ucrtbase.dll
0x00007ff9cd900000 - 0x00007ff9cd918000 	C:\Program Files\Java\jdk-14.0.1\bin\jli.dll
0x00007ff9e5700000 - 0x00007ff9e57aa000 	C:\Windows\System32\ADVAPI32.dll
0x00007ff9cc620000 - 0x00007ff9cc635000 	C:\Program Files\Java\jdk-14.0.1\bin\VCRUNTIME140.dll
0x00007ff9e57f0000 - 0x00007ff9e588e000 	C:\Windows\System32\msvcrt.dll
0x00007ff9e6dd0000 - 0x00007ff9e6e6b000 	C:\Windows\System32\sechost.dll
0x00007ff9e7100000 - 0x00007ff9e7223000 	C:\Windows\System32\RPCRT4.dll
0x00007ff9e5fd0000 - 0x00007ff9e6170000 	C:\Windows\System32\USER32.dll
0x00007ff9e4150000 - 0x00007ff9e43ea000 	C:\Windows\WinSxS\amd64_microsoft.windows.common-controls_6595b64144ccf1df_6.0.19041.1_none_b555e41d4684ddec\COMCTL32.dll
0x00007ff9e4d70000 - 0x00007ff9e4d92000 	C:\Windows\System32\win32u.dll
0x00007ff9e6790000 - 0x00007ff9e67ba000 	C:\Windows\System32\GDI32.dll
0x00007ff9e52a0000 - 0x00007ff9e53aa000 	C:\Windows\System32\gdi32full.dll
0x00007ff9e4da0000 - 0x00007ff9e4e3d000 	C:\Windows\System32\msvcp_win.dll
0x00007ff9de920000 - 0x00007ff9de92a000 	C:\Windows\SYSTEM32\VERSION.dll
0x00007ff9e57b0000 - 0x00007ff9e57e0000 	C:\Windows\System32\IMM32.DLL
0x00007ff9c8590000 - 0x00007ff9c862b000 	C:\Program Files\Java\jdk-14.0.1\bin\msvcp140.dll
0x00007ff99e200000 - 0x00007ff99ed1e000 	C:\Program Files\Java\jdk-14.0.1\bin\server\jvm.dll
0x00007ff9e6780000 - 0x00007ff9e6788000 	C:\Windows\System32\PSAPI.DLL
0x00007ff9d1610000 - 0x00007ff9d1619000 	C:\Windows\SYSTEM32\WSOCK32.dll
0x00007ff9d70b0000 - 0x00007ff9d70d7000 	C:\Windows\SYSTEM32\WINMM.dll
0x00007ff9e6710000 - 0x00007ff9e677b000 	C:\Windows\System32\WS2_32.dll
0x00007ff9e2680000 - 0x00007ff9e2693000 	C:\Windows\SYSTEM32\kernel.appcore.dll
0x00007ff9d4bf0000 - 0x00007ff9d4bfa000 	C:\Program Files\Java\jdk-14.0.1\bin\jimage.dll
0x00007ff9e47f0000 - 0x00007ff9e49d4000 	C:\Windows\SYSTEM32\DBGHELP.DLL
0x00007ff9e4510000 - 0x00007ff9e453c000 	C:\Windows\SYSTEM32\dbgcore.DLL
0x00007ff9e5460000 - 0x00007ff9e54df000 	C:\Windows\System32\bcryptPrimitives.dll
0x00007ff9d3d10000 - 0x00007ff9d3d48000 	C:\Program Files\Java\jdk-14.0.1\bin\jdwp.dll
0x00007ff9cb080000 - 0x00007ff9cb0a5000 	C:\Program Files\Java\jdk-14.0.1\bin\java.dll
0x00007ff9cadd0000 - 0x00007ff9cade6000 	C:\Program Files\Java\jdk-14.0.1\bin\zip.dll
0x00007ff9e5890000 - 0x00007ff9e5fc5000 	C:\Windows\System32\SHELL32.dll
0x00007ff9e2880000 - 0x00007ff9e300f000 	C:\Windows\SYSTEM32\windows.storage.dll
0x00007ff9e67e0000 - 0x00007ff9e6b33000 	C:\Windows\System32\combase.dll
0x00007ff9e40b0000 - 0x00007ff9e40db000 	C:\Windows\SYSTEM32\Wldp.dll
0x00007ff9e74e0000 - 0x00007ff9e758e000 	C:\Windows\System32\SHCORE.dll
0x00007ff9e6bc0000 - 0x00007ff9e6c15000 	C:\Windows\System32\shlwapi.dll
0x00007ff9e4c60000 - 0x00007ff9e4c7f000 	C:\Windows\SYSTEM32\profapi.dll
0x00007ff9e1fb0000 - 0x00007ff9e1fbb000 	C:\Program Files\Java\jdk-14.0.1\bin\dt_socket.dll
0x00007ff9e3ac0000 - 0x00007ff9e3afb000 	C:\Windows\SYSTEM32\IPHLPAPI.DLL
0x00007ff9e3dd0000 - 0x00007ff9e3e3a000 	C:\Windows\system32\mswsock.dll
0x00007ff9ca060000 - 0x00007ff9ca079000 	C:\Program Files\Java\jdk-14.0.1\bin\net.dll
0x00007ff9d6240000 - 0x00007ff9d6340000 	C:\Windows\SYSTEM32\WINHTTP.dll
0x00007ff9ca040000 - 0x00007ff9ca052000 	C:\Program Files\Java\jdk-14.0.1\bin\nio.dll

dbghelp: loaded successfully - version: 4.0.5 - missing functions: none
symbol engine: initialized successfully - sym options: 0x614 - pdb path: .;C:\Program Files\Java\jdk-14.0.1\bin;C:\Windows\SYSTEM32;C:\Windows\WinSxS\amd64_microsoft.windows.common-controls_6595b64144ccf1df_6.0.19041.1_none_b555e41d4684ddec;C:\Program Files\Java\jdk-14.0.1\bin\server

VM Arguments:
jvm_args: -agentlib:jdwp=transport=dt_socket,server=n,suspend=y,address=50965 -Dfile.encoding=windows-1251 -Duser.country=RU -Duser.language=ru -Duser.variant 
java_command: io.vertx.core.Launcher run dizzybrawl.verticles.MainVerticle --launcher-class io.vertx.core.Launcher --redeploy C:\Users\Andrew Aleynikov\IdeaProjects\db-server/src/**/* --on-redeploy C:\Users\Andrew Aleynikov\IdeaProjects\db-server\gradlew.bat classes --redeploy-grace-period 1000 --redeploy-scan-period 1000 --redeploy-termination-period 1000
java_class_path (initial): C:\Users\Andrew Aleynikov\IdeaProjects\db-server\build\classes\java\main;C:\Users\Andrew Aleynikov\IdeaProjects\db-server\build\resources\main;C:\Users\Andrew Aleynikov\.gradle\caches\modules-2\files-2.1\io.vertx\vertx-web\4.0.0-milestone5\c9c58ff0b72fd94aafebb102fd7e4e737b6774d5\vertx-web-4.0.0-milestone5.jar;C:\Users\Andrew Aleynikov\.gradle\caches\modules-2\files-2.1\io.vertx\vertx-pg-client\4.0.0-milestone5\8eedf48439716fdb8c6466913517aad1fdcfdb10\vertx-pg-client-4.0.0-milestone5.jar;C:\Users\Andrew Aleynikov\.gradle\caches\modules-2\files-2.1\io.vertx\vertx-web-common\4.0.0-milestone5\e829d433f4eb0f6d92baa7394437f523d7251fe1\vertx-web-common-4.0.0-milestone5.jar;C:\Users\Andrew Aleynikov\.gradle\caches\modules-2\files-2.1\io.vertx\vertx-auth-common\4.0.0-milestone5\6f3756eff3e11465353807762e81181df366ad83\vertx-auth-common-4.0.0-milestone5.jar;C:\Users\Andrew Aleynikov\.gradle\caches\modules-2\files-2.1\io.vertx\vertx-jdbc-client\4.0.0-milestone5\3eae15a46841bdae87817266c9fe988ad45f4263\vertx-jdbc-client-4.0.0-milestone5.jar;C:\Users\Andrew Aleynikov\.gradle\caches\modules-2\files-2.1\io.vertx\vertx-sql-common\4.0.0-milestone5\2a01712e4af831c6ad2b7fc10374e2b2ed1a5383\vertx-sql-common-4.0.0-milestone5.jar;C:\Users\Andrew Aleynikov\.gradle\caches\modules-2\files-2.1\io.vertx\vertx-sql-client\4.0.0-milestone5\2db4a271558e0b0cfb5aef9623d6b015f99d0713\vertx-sql-client-4.0.0-milestone5.jar;C:\Users\Andrew Aleynikov\.gradle\caches\modules-2\files-2.1\io.vertx\vertx-core\4.0.0-milestone5\d895034a0fbabe67938e4023197b10070cb91837\vertx-core-4.0.0-milestone5.jar;C:\Users\Andrew Aleynikov\.gradle\caches\modules-2\files-2.1\io.vertx\vertx-bridge-common\4.0.0-milestone5\43f8e57642bdcb580b1a733961e60b97101f5275\vertx-bridge-common-4.0.0-milestone5.jar;C:\Users\Andrew Aleynikov\.gradle\caches\modules-2\files-2.1\io.netty\netty-handler-proxy\4.1.49.Final\6a2064cc62c7d18719742e1e101199c04c66356c\netty-handler-proxy-4.1.49.Final.jar;C:\Users\Andrew Al
Launcher Type: SUN_STANDARD

[Global flags]
     intx CICompilerCount                          = 4                                         {product} {ergonomic}
     uint ConcGCThreads                            = 2                                         {product} {ergonomic}
     uint G1ConcRefinementThreads                  = 8                                         {product} {ergonomic}
   size_t G1HeapRegionSize                         = 1048576                                   {product} {ergonomic}
    uintx GCDrainStackTargetSize                   = 64                                        {product} {ergonomic}
   size_t InitialHeapSize                          = 268435456                                 {product} {ergonomic}
   size_t MarkStackSize                            = 4194304                                   {product} {ergonomic}
   size_t MaxHeapSize                              = 4282384384                                {product} {ergonomic}
   size_t MaxNewSize                               = 2569011200                                {product} {ergonomic}
   size_t MinHeapDeltaBytes                        = 1048576                                   {product} {ergonomic}
   size_t MinHeapSize                              = 8388608                                   {product} {ergonomic}
    uintx NonNMethodCodeHeapSize                   = 5839372                                {pd product} {ergonomic}
    uintx NonProfiledCodeHeapSize                  = 122909434                              {pd product} {ergonomic}
    uintx ProfiledCodeHeapSize                     = 122909434                              {pd product} {ergonomic}
    uintx ReservedCodeCacheSize                    = 251658240                              {pd product} {ergonomic}
     bool SegmentedCodeCache                       = true                                      {product} {ergonomic}
   size_t SoftMaxHeapSize                          = 4282384384                             {manageable} {ergonomic}
     bool UseCompressedClassPointers               = true                                 {lp64_product} {ergonomic}
     bool UseCompressedOops                        = true                                 {lp64_product} {ergonomic}
     bool UseG1GC                                  = true                                      {product} {ergonomic}
     bool UseLargePagesIndividualAllocation        = false                                  {pd product} {ergonomic}

Logging:
Log output configuration:
 #0: stdout all=warning uptime,level,tags
 #1: stderr all=off uptime,level,tags

Environment Variables:
PATH=C:\Program Files (x86)\Common Files\Oracle\Java\javapath;C:\Windows\system32;C:\Windows;C:\Windows\System32\Wbem;C:\Windows\System32\WindowsPowerShell\v1.0\;C:\Windows\System32\OpenSSH\;C:\Program Files\NVIDIA Corporation\NVIDIA NvDLISR;C:\Program Files (x86)\NVIDIA Corporation\PhysX\Common;C:\Program Files\Git\cmd;C:\Users\Andrew Aleynikov\AppData\Local\Microsoft\WindowsApps;C:\Users\Andrew Aleynikov\AppData\Local\atom\bin;D:\Program Files\Development Software\JetBrains\IntelliJ IDEA 2020.2.2\bin;;D:\Program Files\Development Software\JetBrains\Rider for Unreal Engine 2020.2.1\bin;;D:\Program Files\Development Software\JetBrains\DataGrip 2020.2.3\bin;
USERNAME=Andrew Aleynikov
OS=Windows_NT
PROCESSOR_IDENTIFIER=Intel64 Family 6 Model 58 Stepping 9, GenuineIntel



---------------  S Y S T E M  ---------------

OS: Windows 10 , 64 bit Build 19041 (10.0.19041.292)
OS uptime: 0 days 0:52 hours

CPU:total 8 (initial active 8) (4 cores per cpu, 2 threads per core) family 6 model 58 stepping 9, cmov, cx8, fxsr, mmx, sse, sse2, sse3, ssse3, sse4.1, sse4.2, popcnt, avx, aes, clmul, erms, ht, tsc, tscinvbit, tscinv

Memory: 4k page, system-wide physical 16333M (7277M free)
TotalPageFile size 18381M (AvailPageFile size 5M)
current process WorkingSet (physical memory assigned to process): 42M, peak: 42M
current process commit charge ("private bytes"): 352M, peak: 352M

vm_info: Java HotSpot(TM) 64-Bit Server VM (14.0.1+7) for windows-amd64 JRE (14.0.1+7), built on Mar  5 2020 10:30:14 by "mach5one" with MS VC++ 15.9 (VS2017)

END.
