#
# There is insufficient memory for the Java Runtime Environment to continue.
# Native memory allocation (malloc) failed to allocate 226016 bytes for Chunk::new
# Possible reasons:
#   The system is out of physical RAM or swap space
#   The process is running with CompressedOops enabled, and the Java Heap may be blocking the growth of the native heap
# Possible solutions:
#   Reduce memory load on the system
#   Increase physical memory or swap space
#   Check if swap backing store is full
#   Decrease Java heap size (-Xmx/-Xms)
#   Decrease number of Java threads
#   Decrease Java thread stack sizes (-Xss)
#   Set larger code cache with -XX:ReservedCodeCacheSize=
#   JVM is running with Zero Based Compressed Oops mode in which the Java heap is
#     placed in the first 32GB address space. The Java Heap base address is the
#     maximum limit for the native heap growth. Please use -XX:HeapBaseMinAddress
#     to set the Java Heap base and to place the Java Heap above 32GB virtual address.
# This output file may be truncated or incomplete.
#
#  Out of Memory Error (./open/src/hotspot/share/memory/arena.cpp:195), pid=5032, tid=3412
#
# JRE version: Java(TM) SE Runtime Environment (14.0.1+7) (build 14.0.1+7)
# Java VM: Java HotSpot(TM) 64-Bit Server VM (14.0.1+7, mixed mode, sharing, tiered, compressed oops, g1 gc, windows-amd64)
# No core dump will be written. Minidumps are not enabled by default on client versions of Windows
#

---------------  S U M M A R Y ------------

Command Line: io.vertx.core.Launcher run dizzybrawl.verticles.MainVerticle -Dvertx.id=ec520c98-434c-4872-9886-4ca2d3a23e36-redeploy

Host: Intel(R) Core(TM) i7-3770K CPU @ 3.50GHz, 8 cores, 15G,  Windows 10 , 64 bit Build 19041 (10.0.19041.292)
Time: Sun Oct  4 17:07:19 2020 RTZ 2 (зима) elapsed time: 0 seconds (0d 0h 0m 0s)

---------------  T H R E A D  ---------------

Current thread (0x0000026d0a834000):  JavaThread "C2 CompilerThread0" daemon [_thread_in_native, id=3412, stack(0x000000c7c9700000,0x000000c7c9800000)]


Current CompileTask:
C2:    481  861   !   4       jdk.internal.loader.URLClassPath$JarLoader::getResource (65 bytes)

Stack: [0x000000c7c9700000,0x000000c7c9800000]
Native frames: (J=compiled Java code, j=interpreted, Vv=VM code, C=native code)
V  [jvm.dll+0x5f840a]
V  [jvm.dll+0x741e4a]
V  [jvm.dll+0x7435ff]
V  [jvm.dll+0x743c43]
V  [jvm.dll+0x20d288]
V  [jvm.dll+0xabb07]
V  [jvm.dll+0xac1fc]
V  [jvm.dll+0x276db4]
V  [jvm.dll+0x50ca4a]
V  [jvm.dll+0x1ee036]
V  [jvm.dll+0x1e77c9]
V  [jvm.dll+0x1e4f98]
V  [jvm.dll+0x1779cc]
V  [jvm.dll+0x1f4105]
V  [jvm.dll+0x1f22eb]
V  [jvm.dll+0x706a9d]
V  [jvm.dll+0x6ff8ba]
V  [jvm.dll+0x5f72c6]
C  [ucrtbase.dll+0x21542]
C  [KERNEL32.DLL+0x16fd4]
C  [ntdll.dll+0x4cec1]


---------------  P R O C E S S  ---------------

Threads class SMR info:
_java_thread_list=0x0000026d0af7bd40, length=13, elements={
0x0000026d63dca000, 0x0000026d7fca0800, 0x0000026d7fca3800, 0x0000026d7fcbb800,
0x0000026d7fcbe800, 0x0000026d0a825800, 0x0000026d0a834000, 0x0000026d0a858800,
0x0000026d0a85b000, 0x0000026d0a9c3800, 0x0000026d0a9c4800, 0x0000026d0aae3000,
0x0000026d0a9c2800
}

Java Threads: ( => current thread )
  0x0000026d63dca000 JavaThread "main" [_thread_in_vm, id=10932, stack(0x000000c7c8b00000,0x000000c7c8c00000)]
  0x0000026d7fca0800 JavaThread "Reference Handler" daemon [_thread_blocked, id=2004, stack(0x000000c7c9200000,0x000000c7c9300000)]
  0x0000026d7fca3800 JavaThread "Finalizer" daemon [_thread_blocked, id=8660, stack(0x000000c7c9300000,0x000000c7c9400000)]
  0x0000026d7fcbb800 JavaThread "Signal Dispatcher" daemon [_thread_blocked, id=12024, stack(0x000000c7c9400000,0x000000c7c9500000)]
  0x0000026d7fcbe800 JavaThread "Attach Listener" daemon [_thread_blocked, id=10808, stack(0x000000c7c9500000,0x000000c7c9600000)]
  0x0000026d0a825800 JavaThread "Service Thread" daemon [_thread_blocked, id=1296, stack(0x000000c7c9600000,0x000000c7c9700000)]
=>0x0000026d0a834000 JavaThread "C2 CompilerThread0" daemon [_thread_in_native, id=3412, stack(0x000000c7c9700000,0x000000c7c9800000)]
  0x0000026d0a858800 JavaThread "C1 CompilerThread0" daemon [_thread_in_native, id=9508, stack(0x000000c7c9800000,0x000000c7c9900000)]
  0x0000026d0a85b000 JavaThread "Sweeper thread" daemon [_thread_blocked, id=11524, stack(0x000000c7c9900000,0x000000c7c9a00000)]
  0x0000026d0a9c3800 JavaThread "Notification Thread" daemon [_thread_blocked, id=12124, stack(0x000000c7c9a00000,0x000000c7c9b00000)]
  0x0000026d0a9c4800 JavaThread "Common-Cleaner" daemon [_thread_blocked, id=1292, stack(0x000000c7c9c00000,0x000000c7c9d00000)]
  0x0000026d0aae3000 JavaThread "C2 CompilerThread1" daemon [_thread_in_native, id=11948, stack(0x000000c7c9d00000,0x000000c7c9e00000)]
  0x0000026d0a9c2800 JavaThread "vertx-blocked-thread-checker" daemon [_thread_blocked, id=12076, stack(0x000000c7c9e00000,0x000000c7c9f00000)]

Other Threads:
  0x0000026d7fc9f000 VMThread "VM Thread" [stack: 0x000000c7c9100000,0x000000c7c9200000] [id=5252]
  0x0000026d0a9cd000 WatcherThread [stack: 0x000000c7c9b00000,0x000000c7c9c00000] [id=8364]
  0x0000026d63f77000 GCTaskThread "GC Thread#0" [stack: 0x000000c7c8c00000,0x000000c7c8d00000] [id=12004]
  0x0000026d63f9a000 ConcurrentGCThread "G1 Main Marker" [stack: 0x000000c7c8d00000,0x000000c7c8e00000] [id=12176]
  0x0000026d63f9b000 ConcurrentGCThread "G1 Conc#0" [stack: 0x000000c7c8e00000,0x000000c7c8f00000] [id=12032]
  0x0000026d7fb8d800 ConcurrentGCThread "G1 Refine#0" [stack: 0x000000c7c8f00000,0x000000c7c9000000] [id=10836]
  0x0000026d7fb90000 ConcurrentGCThread "G1 Young RemSet Sampling" [stack: 0x000000c7c9000000,0x000000c7c9100000] [id=1416]

Threads with active compile tasks:
C2 CompilerThread0      503  861   !   4       jdk.internal.loader.URLClassPath$JarLoader::getResource (65 bytes)
C2 CompilerThread1      503  924       4       java.lang.String::indexOf (7 bytes)

VM state:not at safepoint (normal execution)

VM Mutex/Monitor currently owned by a thread: None

Heap address: 0x0000000700c00000, size: 4084 MB, Compressed Oops mode: Zero based, Oop shift amount: 3
Narrow klass base: 0x0000000800000000, Narrow klass shift: 3
Compressed class space size: 1073741824 Address: 0x0000000800b30000

Heap:
 garbage-first heap   total 262144K, used 15360K [0x0000000700c00000, 0x0000000800000000)
  region size 1024K, 16 young (16384K), 0 survivors (0K)
 Metaspace       used 5703K, capacity 6984K, committed 7296K, reserved 1056768K
  class space    used 681K, capacity 804K, committed 896K, reserved 1048576K
Heap Regions: E=young(eden), S=young(survivor), O=old, HS=humongous(starts), HC=humongous(continues), CS=collection set, F=free, OA=open archive, CA=closed archive, TAMS=top-at-mark-start (previous, next)
|   0|0x0000000700c00000, 0x0000000700c00000, 0x0000000700d00000|  0%| F|  |TAMS 0x0000000700c00000, 0x0000000700c00000| Untracked 
|   1|0x0000000700d00000, 0x0000000700d00000, 0x0000000700e00000|  0%| F|  |TAMS 0x0000000700d00000, 0x0000000700d00000| Untracked 
|   2|0x0000000700e00000, 0x0000000700e00000, 0x0000000700f00000|  0%| F|  |TAMS 0x0000000700e00000, 0x0000000700e00000| Untracked 
|   3|0x0000000700f00000, 0x0000000700f00000, 0x0000000701000000|  0%| F|  |TAMS 0x0000000700f00000, 0x0000000700f00000| Untracked 
|   4|0x0000000701000000, 0x0000000701000000, 0x0000000701100000|  0%| F|  |TAMS 0x0000000701000000, 0x0000000701000000| Untracked 
|   5|0x0000000701100000, 0x0000000701100000, 0x0000000701200000|  0%| F|  |TAMS 0x0000000701100000, 0x0000000701100000| Untracked 
|   6|0x0000000701200000, 0x0000000701200000, 0x0000000701300000|  0%| F|  |TAMS 0x0000000701200000, 0x0000000701200000| Untracked 
|   7|0x0000000701300000, 0x0000000701300000, 0x0000000701400000|  0%| F|  |TAMS 0x0000000701300000, 0x0000000701300000| Untracked 
|   8|0x0000000701400000, 0x0000000701400000, 0x0000000701500000|  0%| F|  |TAMS 0x0000000701400000, 0x0000000701400000| Untracked 
|   9|0x0000000701500000, 0x0000000701500000, 0x0000000701600000|  0%| F|  |TAMS 0x0000000701500000, 0x0000000701500000| Untracked 
|  10|0x0000000701600000, 0x0000000701600000, 0x0000000701700000|  0%| F|  |TAMS 0x0000000701600000, 0x0000000701600000| Untracked 
|  11|0x0000000701700000, 0x0000000701700000, 0x0000000701800000|  0%| F|  |TAMS 0x0000000701700000, 0x0000000701700000| Untracked 
|  12|0x0000000701800000, 0x0000000701800000, 0x0000000701900000|  0%| F|  |TAMS 0x0000000701800000, 0x0000000701800000| Untracked 
|  13|0x0000000701900000, 0x0000000701900000, 0x0000000701a00000|  0%| F|  |TAMS 0x0000000701900000, 0x0000000701900000| Untracked 
|  14|0x0000000701a00000, 0x0000000701a00000, 0x0000000701b00000|  0%| F|  |TAMS 0x0000000701a00000, 0x0000000701a00000| Untracked 
|  15|0x0000000701b00000, 0x0000000701b00000, 0x0000000701c00000|  0%| F|  |TAMS 0x0000000701b00000, 0x0000000701b00000| Untracked 
|  16|0x0000000701c00000, 0x0000000701c00000, 0x0000000701d00000|  0%| F|  |TAMS 0x0000000701c00000, 0x0000000701c00000| Untracked 
|  17|0x0000000701d00000, 0x0000000701d00000, 0x0000000701e00000|  0%| F|  |TAMS 0x0000000701d00000, 0x0000000701d00000| Untracked 
|  18|0x0000000701e00000, 0x0000000701e00000, 0x0000000701f00000|  0%| F|  |TAMS 0x0000000701e00000, 0x0000000701e00000| Untracked 
|  19|0x0000000701f00000, 0x0000000701f00000, 0x0000000702000000|  0%| F|  |TAMS 0x0000000701f00000, 0x0000000701f00000| Untracked 
|  20|0x0000000702000000, 0x0000000702000000, 0x0000000702100000|  0%| F|  |TAMS 0x0000000702000000, 0x0000000702000000| Untracked 
|  21|0x0000000702100000, 0x0000000702100000, 0x0000000702200000|  0%| F|  |TAMS 0x0000000702100000, 0x0000000702100000| Untracked 
|  22|0x0000000702200000, 0x0000000702200000, 0x0000000702300000|  0%| F|  |TAMS 0x0000000702200000, 0x0000000702200000| Untracked 
|  23|0x0000000702300000, 0x0000000702300000, 0x0000000702400000|  0%| F|  |TAMS 0x0000000702300000, 0x0000000702300000| Untracked 
|  24|0x0000000702400000, 0x0000000702400000, 0x0000000702500000|  0%| F|  |TAMS 0x0000000702400000, 0x0000000702400000| Untracked 
|  25|0x0000000702500000, 0x0000000702500000, 0x0000000702600000|  0%| F|  |TAMS 0x0000000702500000, 0x0000000702500000| Untracked 
|  26|0x0000000702600000, 0x0000000702600000, 0x0000000702700000|  0%| F|  |TAMS 0x0000000702600000, 0x0000000702600000| Untracked 
|  27|0x0000000702700000, 0x0000000702700000, 0x0000000702800000|  0%| F|  |TAMS 0x0000000702700000, 0x0000000702700000| Untracked 
|  28|0x0000000702800000, 0x0000000702800000, 0x0000000702900000|  0%| F|  |TAMS 0x0000000702800000, 0x0000000702800000| Untracked 
|  29|0x0000000702900000, 0x0000000702900000, 0x0000000702a00000|  0%| F|  |TAMS 0x0000000702900000, 0x0000000702900000| Untracked 
|  30|0x0000000702a00000, 0x0000000702a00000, 0x0000000702b00000|  0%| F|  |TAMS 0x0000000702a00000, 0x0000000702a00000| Untracked 
|  31|0x0000000702b00000, 0x0000000702b00000, 0x0000000702c00000|  0%| F|  |TAMS 0x0000000702b00000, 0x0000000702b00000| Untracked 
|  32|0x0000000702c00000, 0x0000000702c00000, 0x0000000702d00000|  0%| F|  |TAMS 0x0000000702c00000, 0x0000000702c00000| Untracked 
|  33|0x0000000702d00000, 0x0000000702d00000, 0x0000000702e00000|  0%| F|  |TAMS 0x0000000702d00000, 0x0000000702d00000| Untracked 
|  34|0x0000000702e00000, 0x0000000702e00000, 0x0000000702f00000|  0%| F|  |TAMS 0x0000000702e00000, 0x0000000702e00000| Untracked 
|  35|0x0000000702f00000, 0x0000000702f00000, 0x0000000703000000|  0%| F|  |TAMS 0x0000000702f00000, 0x0000000702f00000| Untracked 
|  36|0x0000000703000000, 0x0000000703000000, 0x0000000703100000|  0%| F|  |TAMS 0x0000000703000000, 0x0000000703000000| Untracked 
|  37|0x0000000703100000, 0x0000000703100000, 0x0000000703200000|  0%| F|  |TAMS 0x0000000703100000, 0x0000000703100000| Untracked 
|  38|0x0000000703200000, 0x0000000703200000, 0x0000000703300000|  0%| F|  |TAMS 0x0000000703200000, 0x0000000703200000| Untracked 
|  39|0x0000000703300000, 0x0000000703300000, 0x0000000703400000|  0%| F|  |TAMS 0x0000000703300000, 0x0000000703300000| Untracked 
|  40|0x0000000703400000, 0x0000000703400000, 0x0000000703500000|  0%| F|  |TAMS 0x0000000703400000, 0x0000000703400000| Untracked 
|  41|0x0000000703500000, 0x0000000703500000, 0x0000000703600000|  0%| F|  |TAMS 0x0000000703500000, 0x0000000703500000| Untracked 
|  42|0x0000000703600000, 0x0000000703600000, 0x0000000703700000|  0%| F|  |TAMS 0x0000000703600000, 0x0000000703600000| Untracked 
|  43|0x0000000703700000, 0x0000000703700000, 0x0000000703800000|  0%| F|  |TAMS 0x0000000703700000, 0x0000000703700000| Untracked 
|  44|0x0000000703800000, 0x0000000703800000, 0x0000000703900000|  0%| F|  |TAMS 0x0000000703800000, 0x0000000703800000| Untracked 
|  45|0x0000000703900000, 0x0000000703900000, 0x0000000703a00000|  0%| F|  |TAMS 0x0000000703900000, 0x0000000703900000| Untracked 
|  46|0x0000000703a00000, 0x0000000703a00000, 0x0000000703b00000|  0%| F|  |TAMS 0x0000000703a00000, 0x0000000703a00000| Untracked 
|  47|0x0000000703b00000, 0x0000000703b00000, 0x0000000703c00000|  0%| F|  |TAMS 0x0000000703b00000, 0x0000000703b00000| Untracked 
|  48|0x0000000703c00000, 0x0000000703c00000, 0x0000000703d00000|  0%| F|  |TAMS 0x0000000703c00000, 0x0000000703c00000| Untracked 
|  49|0x0000000703d00000, 0x0000000703d00000, 0x0000000703e00000|  0%| F|  |TAMS 0x0000000703d00000, 0x0000000703d00000| Untracked 
|  50|0x0000000703e00000, 0x0000000703e00000, 0x0000000703f00000|  0%| F|  |TAMS 0x0000000703e00000, 0x0000000703e00000| Untracked 
|  51|0x0000000703f00000, 0x0000000703f00000, 0x0000000704000000|  0%| F|  |TAMS 0x0000000703f00000, 0x0000000703f00000| Untracked 
|  52|0x0000000704000000, 0x0000000704000000, 0x0000000704100000|  0%| F|  |TAMS 0x0000000704000000, 0x0000000704000000| Untracked 
|  53|0x0000000704100000, 0x0000000704100000, 0x0000000704200000|  0%| F|  |TAMS 0x0000000704100000, 0x0000000704100000| Untracked 
|  54|0x0000000704200000, 0x0000000704200000, 0x0000000704300000|  0%| F|  |TAMS 0x0000000704200000, 0x0000000704200000| Untracked 
|  55|0x0000000704300000, 0x0000000704300000, 0x0000000704400000|  0%| F|  |TAMS 0x0000000704300000, 0x0000000704300000| Untracked 
|  56|0x0000000704400000, 0x0000000704400000, 0x0000000704500000|  0%| F|  |TAMS 0x0000000704400000, 0x0000000704400000| Untracked 
|  57|0x0000000704500000, 0x0000000704500000, 0x0000000704600000|  0%| F|  |TAMS 0x0000000704500000, 0x0000000704500000| Untracked 
|  58|0x0000000704600000, 0x0000000704600000, 0x0000000704700000|  0%| F|  |TAMS 0x0000000704600000, 0x0000000704600000| Untracked 
|  59|0x0000000704700000, 0x0000000704700000, 0x0000000704800000|  0%| F|  |TAMS 0x0000000704700000, 0x0000000704700000| Untracked 
|  60|0x0000000704800000, 0x0000000704800000, 0x0000000704900000|  0%| F|  |TAMS 0x0000000704800000, 0x0000000704800000| Untracked 
|  61|0x0000000704900000, 0x0000000704900000, 0x0000000704a00000|  0%| F|  |TAMS 0x0000000704900000, 0x0000000704900000| Untracked 
|  62|0x0000000704a00000, 0x0000000704a00000, 0x0000000704b00000|  0%| F|  |TAMS 0x0000000704a00000, 0x0000000704a00000| Untracked 
|  63|0x0000000704b00000, 0x0000000704b00000, 0x0000000704c00000|  0%| F|  |TAMS 0x0000000704b00000, 0x0000000704b00000| Untracked 
|  64|0x0000000704c00000, 0x0000000704c00000, 0x0000000704d00000|  0%| F|  |TAMS 0x0000000704c00000, 0x0000000704c00000| Untracked 
|  65|0x0000000704d00000, 0x0000000704d00000, 0x0000000704e00000|  0%| F|  |TAMS 0x0000000704d00000, 0x0000000704d00000| Untracked 
|  66|0x0000000704e00000, 0x0000000704e00000, 0x0000000704f00000|  0%| F|  |TAMS 0x0000000704e00000, 0x0000000704e00000| Untracked 
|  67|0x0000000704f00000, 0x0000000704f00000, 0x0000000705000000|  0%| F|  |TAMS 0x0000000704f00000, 0x0000000704f00000| Untracked 
|  68|0x0000000705000000, 0x0000000705000000, 0x0000000705100000|  0%| F|  |TAMS 0x0000000705000000, 0x0000000705000000| Untracked 
|  69|0x0000000705100000, 0x0000000705100000, 0x0000000705200000|  0%| F|  |TAMS 0x0000000705100000, 0x0000000705100000| Untracked 
|  70|0x0000000705200000, 0x0000000705200000, 0x0000000705300000|  0%| F|  |TAMS 0x0000000705200000, 0x0000000705200000| Untracked 
|  71|0x0000000705300000, 0x0000000705300000, 0x0000000705400000|  0%| F|  |TAMS 0x0000000705300000, 0x0000000705300000| Untracked 
|  72|0x0000000705400000, 0x0000000705400000, 0x0000000705500000|  0%| F|  |TAMS 0x0000000705400000, 0x0000000705400000| Untracked 
|  73|0x0000000705500000, 0x0000000705500000, 0x0000000705600000|  0%| F|  |TAMS 0x0000000705500000, 0x0000000705500000| Untracked 
|  74|0x0000000705600000, 0x0000000705600000, 0x0000000705700000|  0%| F|  |TAMS 0x0000000705600000, 0x0000000705600000| Untracked 
|  75|0x0000000705700000, 0x0000000705700000, 0x0000000705800000|  0%| F|  |TAMS 0x0000000705700000, 0x0000000705700000| Untracked 
|  76|0x0000000705800000, 0x0000000705800000, 0x0000000705900000|  0%| F|  |TAMS 0x0000000705800000, 0x0000000705800000| Untracked 
|  77|0x0000000705900000, 0x0000000705900000, 0x0000000705a00000|  0%| F|  |TAMS 0x0000000705900000, 0x0000000705900000| Untracked 
|  78|0x0000000705a00000, 0x0000000705a00000, 0x0000000705b00000|  0%| F|  |TAMS 0x0000000705a00000, 0x0000000705a00000| Untracked 
|  79|0x0000000705b00000, 0x0000000705b00000, 0x0000000705c00000|  0%| F|  |TAMS 0x0000000705b00000, 0x0000000705b00000| Untracked 
|  80|0x0000000705c00000, 0x0000000705c00000, 0x0000000705d00000|  0%| F|  |TAMS 0x0000000705c00000, 0x0000000705c00000| Untracked 
|  81|0x0000000705d00000, 0x0000000705d00000, 0x0000000705e00000|  0%| F|  |TAMS 0x0000000705d00000, 0x0000000705d00000| Untracked 
|  82|0x0000000705e00000, 0x0000000705e00000, 0x0000000705f00000|  0%| F|  |TAMS 0x0000000705e00000, 0x0000000705e00000| Untracked 
|  83|0x0000000705f00000, 0x0000000705f00000, 0x0000000706000000|  0%| F|  |TAMS 0x0000000705f00000, 0x0000000705f00000| Untracked 
|  84|0x0000000706000000, 0x0000000706000000, 0x0000000706100000|  0%| F|  |TAMS 0x0000000706000000, 0x0000000706000000| Untracked 
|  85|0x0000000706100000, 0x0000000706100000, 0x0000000706200000|  0%| F|  |TAMS 0x0000000706100000, 0x0000000706100000| Untracked 
|  86|0x0000000706200000, 0x0000000706200000, 0x0000000706300000|  0%| F|  |TAMS 0x0000000706200000, 0x0000000706200000| Untracked 
|  87|0x0000000706300000, 0x0000000706300000, 0x0000000706400000|  0%| F|  |TAMS 0x0000000706300000, 0x0000000706300000| Untracked 
|  88|0x0000000706400000, 0x0000000706400000, 0x0000000706500000|  0%| F|  |TAMS 0x0000000706400000, 0x0000000706400000| Untracked 
|  89|0x0000000706500000, 0x0000000706500000, 0x0000000706600000|  0%| F|  |TAMS 0x0000000706500000, 0x0000000706500000| Untracked 
|  90|0x0000000706600000, 0x0000000706600000, 0x0000000706700000|  0%| F|  |TAMS 0x0000000706600000, 0x0000000706600000| Untracked 
|  91|0x0000000706700000, 0x0000000706700000, 0x0000000706800000|  0%| F|  |TAMS 0x0000000706700000, 0x0000000706700000| Untracked 
|  92|0x0000000706800000, 0x0000000706800000, 0x0000000706900000|  0%| F|  |TAMS 0x0000000706800000, 0x0000000706800000| Untracked 
|  93|0x0000000706900000, 0x0000000706900000, 0x0000000706a00000|  0%| F|  |TAMS 0x0000000706900000, 0x0000000706900000| Untracked 
|  94|0x0000000706a00000, 0x0000000706a00000, 0x0000000706b00000|  0%| F|  |TAMS 0x0000000706a00000, 0x0000000706a00000| Untracked 
|  95|0x0000000706b00000, 0x0000000706b00000, 0x0000000706c00000|  0%| F|  |TAMS 0x0000000706b00000, 0x0000000706b00000| Untracked 
|  96|0x0000000706c00000, 0x0000000706c00000, 0x0000000706d00000|  0%| F|  |TAMS 0x0000000706c00000, 0x0000000706c00000| Untracked 
|  97|0x0000000706d00000, 0x0000000706d00000, 0x0000000706e00000|  0%| F|  |TAMS 0x0000000706d00000, 0x0000000706d00000| Untracked 
|  98|0x0000000706e00000, 0x0000000706e00000, 0x0000000706f00000|  0%| F|  |TAMS 0x0000000706e00000, 0x0000000706e00000| Untracked 
|  99|0x0000000706f00000, 0x0000000706f00000, 0x0000000707000000|  0%| F|  |TAMS 0x0000000706f00000, 0x0000000706f00000| Untracked 
| 100|0x0000000707000000, 0x0000000707000000, 0x0000000707100000|  0%| F|  |TAMS 0x0000000707000000, 0x0000000707000000| Untracked 
| 101|0x0000000707100000, 0x0000000707100000, 0x0000000707200000|  0%| F|  |TAMS 0x0000000707100000, 0x0000000707100000| Untracked 
| 102|0x0000000707200000, 0x0000000707200000, 0x0000000707300000|  0%| F|  |TAMS 0x0000000707200000, 0x0000000707200000| Untracked 
| 103|0x0000000707300000, 0x0000000707300000, 0x0000000707400000|  0%| F|  |TAMS 0x0000000707300000, 0x0000000707300000| Untracked 
| 104|0x0000000707400000, 0x0000000707400000, 0x0000000707500000|  0%| F|  |TAMS 0x0000000707400000, 0x0000000707400000| Untracked 
| 105|0x0000000707500000, 0x0000000707500000, 0x0000000707600000|  0%| F|  |TAMS 0x0000000707500000, 0x0000000707500000| Untracked 
| 106|0x0000000707600000, 0x0000000707600000, 0x0000000707700000|  0%| F|  |TAMS 0x0000000707600000, 0x0000000707600000| Untracked 
| 107|0x0000000707700000, 0x0000000707700000, 0x0000000707800000|  0%| F|  |TAMS 0x0000000707700000, 0x0000000707700000| Untracked 
| 108|0x0000000707800000, 0x0000000707800000, 0x0000000707900000|  0%| F|  |TAMS 0x0000000707800000, 0x0000000707800000| Untracked 
| 109|0x0000000707900000, 0x0000000707900000, 0x0000000707a00000|  0%| F|  |TAMS 0x0000000707900000, 0x0000000707900000| Untracked 
| 110|0x0000000707a00000, 0x0000000707a00000, 0x0000000707b00000|  0%| F|  |TAMS 0x0000000707a00000, 0x0000000707a00000| Untracked 
| 111|0x0000000707b00000, 0x0000000707b00000, 0x0000000707c00000|  0%| F|  |TAMS 0x0000000707b00000, 0x0000000707b00000| Untracked 
| 112|0x0000000707c00000, 0x0000000707c00000, 0x0000000707d00000|  0%| F|  |TAMS 0x0000000707c00000, 0x0000000707c00000| Untracked 
| 113|0x0000000707d00000, 0x0000000707d00000, 0x0000000707e00000|  0%| F|  |TAMS 0x0000000707d00000, 0x0000000707d00000| Untracked 
| 114|0x0000000707e00000, 0x0000000707e00000, 0x0000000707f00000|  0%| F|  |TAMS 0x0000000707e00000, 0x0000000707e00000| Untracked 
| 115|0x0000000707f00000, 0x0000000707f00000, 0x0000000708000000|  0%| F|  |TAMS 0x0000000707f00000, 0x0000000707f00000| Untracked 
| 116|0x0000000708000000, 0x0000000708000000, 0x0000000708100000|  0%| F|  |TAMS 0x0000000708000000, 0x0000000708000000| Untracked 
| 117|0x0000000708100000, 0x0000000708100000, 0x0000000708200000|  0%| F|  |TAMS 0x0000000708100000, 0x0000000708100000| Untracked 
| 118|0x0000000708200000, 0x0000000708200000, 0x0000000708300000|  0%| F|  |TAMS 0x0000000708200000, 0x0000000708200000| Untracked 
| 119|0x0000000708300000, 0x0000000708300000, 0x0000000708400000|  0%| F|  |TAMS 0x0000000708300000, 0x0000000708300000| Untracked 
| 120|0x0000000708400000, 0x0000000708400000, 0x0000000708500000|  0%| F|  |TAMS 0x0000000708400000, 0x0000000708400000| Untracked 
| 121|0x0000000708500000, 0x0000000708500000, 0x0000000708600000|  0%| F|  |TAMS 0x0000000708500000, 0x0000000708500000| Untracked 
| 122|0x0000000708600000, 0x0000000708600000, 0x0000000708700000|  0%| F|  |TAMS 0x0000000708600000, 0x0000000708600000| Untracked 
| 123|0x0000000708700000, 0x0000000708700000, 0x0000000708800000|  0%| F|  |TAMS 0x0000000708700000, 0x0000000708700000| Untracked 
| 124|0x0000000708800000, 0x0000000708800000, 0x0000000708900000|  0%| F|  |TAMS 0x0000000708800000, 0x0000000708800000| Untracked 
| 125|0x0000000708900000, 0x0000000708900000, 0x0000000708a00000|  0%| F|  |TAMS 0x0000000708900000, 0x0000000708900000| Untracked 
| 126|0x0000000708a00000, 0x0000000708a00000, 0x0000000708b00000|  0%| F|  |TAMS 0x0000000708a00000, 0x0000000708a00000| Untracked 
| 127|0x0000000708b00000, 0x0000000708b00000, 0x0000000708c00000|  0%| F|  |TAMS 0x0000000708b00000, 0x0000000708b00000| Untracked 
| 128|0x0000000708c00000, 0x0000000708c00000, 0x0000000708d00000|  0%| F|  |TAMS 0x0000000708c00000, 0x0000000708c00000| Untracked 
| 129|0x0000000708d00000, 0x0000000708d00000, 0x0000000708e00000|  0%| F|  |TAMS 0x0000000708d00000, 0x0000000708d00000| Untracked 
| 130|0x0000000708e00000, 0x0000000708e00000, 0x0000000708f00000|  0%| F|  |TAMS 0x0000000708e00000, 0x0000000708e00000| Untracked 
| 131|0x0000000708f00000, 0x0000000708f00000, 0x0000000709000000|  0%| F|  |TAMS 0x0000000708f00000, 0x0000000708f00000| Untracked 
| 132|0x0000000709000000, 0x0000000709000000, 0x0000000709100000|  0%| F|  |TAMS 0x0000000709000000, 0x0000000709000000| Untracked 
| 133|0x0000000709100000, 0x0000000709100000, 0x0000000709200000|  0%| F|  |TAMS 0x0000000709100000, 0x0000000709100000| Untracked 
| 134|0x0000000709200000, 0x0000000709200000, 0x0000000709300000|  0%| F|  |TAMS 0x0000000709200000, 0x0000000709200000| Untracked 
| 135|0x0000000709300000, 0x0000000709300000, 0x0000000709400000|  0%| F|  |TAMS 0x0000000709300000, 0x0000000709300000| Untracked 
| 136|0x0000000709400000, 0x0000000709400000, 0x0000000709500000|  0%| F|  |TAMS 0x0000000709400000, 0x0000000709400000| Untracked 
| 137|0x0000000709500000, 0x0000000709500000, 0x0000000709600000|  0%| F|  |TAMS 0x0000000709500000, 0x0000000709500000| Untracked 
| 138|0x0000000709600000, 0x0000000709600000, 0x0000000709700000|  0%| F|  |TAMS 0x0000000709600000, 0x0000000709600000| Untracked 
| 139|0x0000000709700000, 0x0000000709700000, 0x0000000709800000|  0%| F|  |TAMS 0x0000000709700000, 0x0000000709700000| Untracked 
| 140|0x0000000709800000, 0x0000000709800000, 0x0000000709900000|  0%| F|  |TAMS 0x0000000709800000, 0x0000000709800000| Untracked 
| 141|0x0000000709900000, 0x0000000709900000, 0x0000000709a00000|  0%| F|  |TAMS 0x0000000709900000, 0x0000000709900000| Untracked 
| 142|0x0000000709a00000, 0x0000000709a00000, 0x0000000709b00000|  0%| F|  |TAMS 0x0000000709a00000, 0x0000000709a00000| Untracked 
| 143|0x0000000709b00000, 0x0000000709b00000, 0x0000000709c00000|  0%| F|  |TAMS 0x0000000709b00000, 0x0000000709b00000| Untracked 
| 144|0x0000000709c00000, 0x0000000709c00000, 0x0000000709d00000|  0%| F|  |TAMS 0x0000000709c00000, 0x0000000709c00000| Untracked 
| 145|0x0000000709d00000, 0x0000000709d00000, 0x0000000709e00000|  0%| F|  |TAMS 0x0000000709d00000, 0x0000000709d00000| Untracked 
| 146|0x0000000709e00000, 0x0000000709e00000, 0x0000000709f00000|  0%| F|  |TAMS 0x0000000709e00000, 0x0000000709e00000| Untracked 
| 147|0x0000000709f00000, 0x0000000709f00000, 0x000000070a000000|  0%| F|  |TAMS 0x0000000709f00000, 0x0000000709f00000| Untracked 
| 148|0x000000070a000000, 0x000000070a000000, 0x000000070a100000|  0%| F|  |TAMS 0x000000070a000000, 0x000000070a000000| Untracked 
| 149|0x000000070a100000, 0x000000070a100000, 0x000000070a200000|  0%| F|  |TAMS 0x000000070a100000, 0x000000070a100000| Untracked 
| 150|0x000000070a200000, 0x000000070a200000, 0x000000070a300000|  0%| F|  |TAMS 0x000000070a200000, 0x000000070a200000| Untracked 
| 151|0x000000070a300000, 0x000000070a300000, 0x000000070a400000|  0%| F|  |TAMS 0x000000070a300000, 0x000000070a300000| Untracked 
| 152|0x000000070a400000, 0x000000070a400000, 0x000000070a500000|  0%| F|  |TAMS 0x000000070a400000, 0x000000070a400000| Untracked 
| 153|0x000000070a500000, 0x000000070a500000, 0x000000070a600000|  0%| F|  |TAMS 0x000000070a500000, 0x000000070a500000| Untracked 
| 154|0x000000070a600000, 0x000000070a600000, 0x000000070a700000|  0%| F|  |TAMS 0x000000070a600000, 0x000000070a600000| Untracked 
| 155|0x000000070a700000, 0x000000070a700000, 0x000000070a800000|  0%| F|  |TAMS 0x000000070a700000, 0x000000070a700000| Untracked 
| 156|0x000000070a800000, 0x000000070a800000, 0x000000070a900000|  0%| F|  |TAMS 0x000000070a800000, 0x000000070a800000| Untracked 
| 157|0x000000070a900000, 0x000000070a900000, 0x000000070aa00000|  0%| F|  |TAMS 0x000000070a900000, 0x000000070a900000| Untracked 
| 158|0x000000070aa00000, 0x000000070aa00000, 0x000000070ab00000|  0%| F|  |TAMS 0x000000070aa00000, 0x000000070aa00000| Untracked 
| 159|0x000000070ab00000, 0x000000070ab00000, 0x000000070ac00000|  0%| F|  |TAMS 0x000000070ab00000, 0x000000070ab00000| Untracked 
| 160|0x000000070ac00000, 0x000000070ac00000, 0x000000070ad00000|  0%| F|  |TAMS 0x000000070ac00000, 0x000000070ac00000| Untracked 
| 161|0x000000070ad00000, 0x000000070ad00000, 0x000000070ae00000|  0%| F|  |TAMS 0x000000070ad00000, 0x000000070ad00000| Untracked 
| 162|0x000000070ae00000, 0x000000070ae00000, 0x000000070af00000|  0%| F|  |TAMS 0x000000070ae00000, 0x000000070ae00000| Untracked 
| 163|0x000000070af00000, 0x000000070af00000, 0x000000070b000000|  0%| F|  |TAMS 0x000000070af00000, 0x000000070af00000| Untracked 
| 164|0x000000070b000000, 0x000000070b000000, 0x000000070b100000|  0%| F|  |TAMS 0x000000070b000000, 0x000000070b000000| Untracked 
| 165|0x000000070b100000, 0x000000070b100000, 0x000000070b200000|  0%| F|  |TAMS 0x000000070b100000, 0x000000070b100000| Untracked 
| 166|0x000000070b200000, 0x000000070b200000, 0x000000070b300000|  0%| F|  |TAMS 0x000000070b200000, 0x000000070b200000| Untracked 
| 167|0x000000070b300000, 0x000000070b300000, 0x000000070b400000|  0%| F|  |TAMS 0x000000070b300000, 0x000000070b300000| Untracked 
| 168|0x000000070b400000, 0x000000070b400000, 0x000000070b500000|  0%| F|  |TAMS 0x000000070b400000, 0x000000070b400000| Untracked 
| 169|0x000000070b500000, 0x000000070b500000, 0x000000070b600000|  0%| F|  |TAMS 0x000000070b500000, 0x000000070b500000| Untracked 
| 170|0x000000070b600000, 0x000000070b600000, 0x000000070b700000|  0%| F|  |TAMS 0x000000070b600000, 0x000000070b600000| Untracked 
| 171|0x000000070b700000, 0x000000070b700000, 0x000000070b800000|  0%| F|  |TAMS 0x000000070b700000, 0x000000070b700000| Untracked 
| 172|0x000000070b800000, 0x000000070b800000, 0x000000070b900000|  0%| F|  |TAMS 0x000000070b800000, 0x000000070b800000| Untracked 
| 173|0x000000070b900000, 0x000000070b900000, 0x000000070ba00000|  0%| F|  |TAMS 0x000000070b900000, 0x000000070b900000| Untracked 
| 174|0x000000070ba00000, 0x000000070ba00000, 0x000000070bb00000|  0%| F|  |TAMS 0x000000070ba00000, 0x000000070ba00000| Untracked 
| 175|0x000000070bb00000, 0x000000070bb00000, 0x000000070bc00000|  0%| F|  |TAMS 0x000000070bb00000, 0x000000070bb00000| Untracked 
| 176|0x000000070bc00000, 0x000000070bc00000, 0x000000070bd00000|  0%| F|  |TAMS 0x000000070bc00000, 0x000000070bc00000| Untracked 
| 177|0x000000070bd00000, 0x000000070bd00000, 0x000000070be00000|  0%| F|  |TAMS 0x000000070bd00000, 0x000000070bd00000| Untracked 
| 178|0x000000070be00000, 0x000000070be00000, 0x000000070bf00000|  0%| F|  |TAMS 0x000000070be00000, 0x000000070be00000| Untracked 
| 179|0x000000070bf00000, 0x000000070bf00000, 0x000000070c000000|  0%| F|  |TAMS 0x000000070bf00000, 0x000000070bf00000| Untracked 
| 180|0x000000070c000000, 0x000000070c000000, 0x000000070c100000|  0%| F|  |TAMS 0x000000070c000000, 0x000000070c000000| Untracked 
| 181|0x000000070c100000, 0x000000070c100000, 0x000000070c200000|  0%| F|  |TAMS 0x000000070c100000, 0x000000070c100000| Untracked 
| 182|0x000000070c200000, 0x000000070c200000, 0x000000070c300000|  0%| F|  |TAMS 0x000000070c200000, 0x000000070c200000| Untracked 
| 183|0x000000070c300000, 0x000000070c300000, 0x000000070c400000|  0%| F|  |TAMS 0x000000070c300000, 0x000000070c300000| Untracked 
| 184|0x000000070c400000, 0x000000070c400000, 0x000000070c500000|  0%| F|  |TAMS 0x000000070c400000, 0x000000070c400000| Untracked 
| 185|0x000000070c500000, 0x000000070c500000, 0x000000070c600000|  0%| F|  |TAMS 0x000000070c500000, 0x000000070c500000| Untracked 
| 186|0x000000070c600000, 0x000000070c600000, 0x000000070c700000|  0%| F|  |TAMS 0x000000070c600000, 0x000000070c600000| Untracked 
| 187|0x000000070c700000, 0x000000070c700000, 0x000000070c800000|  0%| F|  |TAMS 0x000000070c700000, 0x000000070c700000| Untracked 
| 188|0x000000070c800000, 0x000000070c800000, 0x000000070c900000|  0%| F|  |TAMS 0x000000070c800000, 0x000000070c800000| Untracked 
| 189|0x000000070c900000, 0x000000070c900000, 0x000000070ca00000|  0%| F|  |TAMS 0x000000070c900000, 0x000000070c900000| Untracked 
| 190|0x000000070ca00000, 0x000000070ca00000, 0x000000070cb00000|  0%| F|  |TAMS 0x000000070ca00000, 0x000000070ca00000| Untracked 
| 191|0x000000070cb00000, 0x000000070cb00000, 0x000000070cc00000|  0%| F|  |TAMS 0x000000070cb00000, 0x000000070cb00000| Untracked 
| 192|0x000000070cc00000, 0x000000070cc00000, 0x000000070cd00000|  0%| F|  |TAMS 0x000000070cc00000, 0x000000070cc00000| Untracked 
| 193|0x000000070cd00000, 0x000000070cd00000, 0x000000070ce00000|  0%| F|  |TAMS 0x000000070cd00000, 0x000000070cd00000| Untracked 
| 194|0x000000070ce00000, 0x000000070ce00000, 0x000000070cf00000|  0%| F|  |TAMS 0x000000070ce00000, 0x000000070ce00000| Untracked 
| 195|0x000000070cf00000, 0x000000070cf00000, 0x000000070d000000|  0%| F|  |TAMS 0x000000070cf00000, 0x000000070cf00000| Untracked 
| 196|0x000000070d000000, 0x000000070d000000, 0x000000070d100000|  0%| F|  |TAMS 0x000000070d000000, 0x000000070d000000| Untracked 
| 197|0x000000070d100000, 0x000000070d100000, 0x000000070d200000|  0%| F|  |TAMS 0x000000070d100000, 0x000000070d100000| Untracked 
| 198|0x000000070d200000, 0x000000070d200000, 0x000000070d300000|  0%| F|  |TAMS 0x000000070d200000, 0x000000070d200000| Untracked 
| 199|0x000000070d300000, 0x000000070d300000, 0x000000070d400000|  0%| F|  |TAMS 0x000000070d300000, 0x000000070d300000| Untracked 
| 200|0x000000070d400000, 0x000000070d400000, 0x000000070d500000|  0%| F|  |TAMS 0x000000070d400000, 0x000000070d400000| Untracked 
| 201|0x000000070d500000, 0x000000070d500000, 0x000000070d600000|  0%| F|  |TAMS 0x000000070d500000, 0x000000070d500000| Untracked 
| 202|0x000000070d600000, 0x000000070d600000, 0x000000070d700000|  0%| F|  |TAMS 0x000000070d600000, 0x000000070d600000| Untracked 
| 203|0x000000070d700000, 0x000000070d700000, 0x000000070d800000|  0%| F|  |TAMS 0x000000070d700000, 0x000000070d700000| Untracked 
| 204|0x000000070d800000, 0x000000070d800000, 0x000000070d900000|  0%| F|  |TAMS 0x000000070d800000, 0x000000070d800000| Untracked 
| 205|0x000000070d900000, 0x000000070d900000, 0x000000070da00000|  0%| F|  |TAMS 0x000000070d900000, 0x000000070d900000| Untracked 
| 206|0x000000070da00000, 0x000000070da00000, 0x000000070db00000|  0%| F|  |TAMS 0x000000070da00000, 0x000000070da00000| Untracked 
| 207|0x000000070db00000, 0x000000070db00000, 0x000000070dc00000|  0%| F|  |TAMS 0x000000070db00000, 0x000000070db00000| Untracked 
| 208|0x000000070dc00000, 0x000000070dc00000, 0x000000070dd00000|  0%| F|  |TAMS 0x000000070dc00000, 0x000000070dc00000| Untracked 
| 209|0x000000070dd00000, 0x000000070dd00000, 0x000000070de00000|  0%| F|  |TAMS 0x000000070dd00000, 0x000000070dd00000| Untracked 
| 210|0x000000070de00000, 0x000000070de00000, 0x000000070df00000|  0%| F|  |TAMS 0x000000070de00000, 0x000000070de00000| Untracked 
| 211|0x000000070df00000, 0x000000070df00000, 0x000000070e000000|  0%| F|  |TAMS 0x000000070df00000, 0x000000070df00000| Untracked 
| 212|0x000000070e000000, 0x000000070e000000, 0x000000070e100000|  0%| F|  |TAMS 0x000000070e000000, 0x000000070e000000| Untracked 
| 213|0x000000070e100000, 0x000000070e100000, 0x000000070e200000|  0%| F|  |TAMS 0x000000070e100000, 0x000000070e100000| Untracked 
| 214|0x000000070e200000, 0x000000070e200000, 0x000000070e300000|  0%| F|  |TAMS 0x000000070e200000, 0x000000070e200000| Untracked 
| 215|0x000000070e300000, 0x000000070e300000, 0x000000070e400000|  0%| F|  |TAMS 0x000000070e300000, 0x000000070e300000| Untracked 
| 216|0x000000070e400000, 0x000000070e400000, 0x000000070e500000|  0%| F|  |TAMS 0x000000070e400000, 0x000000070e400000| Untracked 
| 217|0x000000070e500000, 0x000000070e500000, 0x000000070e600000|  0%| F|  |TAMS 0x000000070e500000, 0x000000070e500000| Untracked 
| 218|0x000000070e600000, 0x000000070e600000, 0x000000070e700000|  0%| F|  |TAMS 0x000000070e600000, 0x000000070e600000| Untracked 
| 219|0x000000070e700000, 0x000000070e700000, 0x000000070e800000|  0%| F|  |TAMS 0x000000070e700000, 0x000000070e700000| Untracked 
| 220|0x000000070e800000, 0x000000070e800000, 0x000000070e900000|  0%| F|  |TAMS 0x000000070e800000, 0x000000070e800000| Untracked 
| 221|0x000000070e900000, 0x000000070e900000, 0x000000070ea00000|  0%| F|  |TAMS 0x000000070e900000, 0x000000070e900000| Untracked 
| 222|0x000000070ea00000, 0x000000070ea00000, 0x000000070eb00000|  0%| F|  |TAMS 0x000000070ea00000, 0x000000070ea00000| Untracked 
| 223|0x000000070eb00000, 0x000000070eb00000, 0x000000070ec00000|  0%| F|  |TAMS 0x000000070eb00000, 0x000000070eb00000| Untracked 
| 224|0x000000070ec00000, 0x000000070ec00000, 0x000000070ed00000|  0%| F|  |TAMS 0x000000070ec00000, 0x000000070ec00000| Untracked 
| 225|0x000000070ed00000, 0x000000070ed00000, 0x000000070ee00000|  0%| F|  |TAMS 0x000000070ed00000, 0x000000070ed00000| Untracked 
| 226|0x000000070ee00000, 0x000000070ee00000, 0x000000070ef00000|  0%| F|  |TAMS 0x000000070ee00000, 0x000000070ee00000| Untracked 
| 227|0x000000070ef00000, 0x000000070ef00000, 0x000000070f000000|  0%| F|  |TAMS 0x000000070ef00000, 0x000000070ef00000| Untracked 
| 228|0x000000070f000000, 0x000000070f000000, 0x000000070f100000|  0%| F|  |TAMS 0x000000070f000000, 0x000000070f000000| Untracked 
| 229|0x000000070f100000, 0x000000070f100000, 0x000000070f200000|  0%| F|  |TAMS 0x000000070f100000, 0x000000070f100000| Untracked 
| 230|0x000000070f200000, 0x000000070f200000, 0x000000070f300000|  0%| F|  |TAMS 0x000000070f200000, 0x000000070f200000| Untracked 
| 231|0x000000070f300000, 0x000000070f300000, 0x000000070f400000|  0%| F|  |TAMS 0x000000070f300000, 0x000000070f300000| Untracked 
| 232|0x000000070f400000, 0x000000070f400000, 0x000000070f500000|  0%| F|  |TAMS 0x000000070f400000, 0x000000070f400000| Untracked 
| 233|0x000000070f500000, 0x000000070f500000, 0x000000070f600000|  0%| F|  |TAMS 0x000000070f500000, 0x000000070f500000| Untracked 
| 234|0x000000070f600000, 0x000000070f600000, 0x000000070f700000|  0%| F|  |TAMS 0x000000070f600000, 0x000000070f600000| Untracked 
| 235|0x000000070f700000, 0x000000070f700000, 0x000000070f800000|  0%| F|  |TAMS 0x000000070f700000, 0x000000070f700000| Untracked 
| 236|0x000000070f800000, 0x000000070f800000, 0x000000070f900000|  0%| F|  |TAMS 0x000000070f800000, 0x000000070f800000| Untracked 
| 237|0x000000070f900000, 0x000000070f900000, 0x000000070fa00000|  0%| F|  |TAMS 0x000000070f900000, 0x000000070f900000| Untracked 
| 238|0x000000070fa00000, 0x000000070fa00000, 0x000000070fb00000|  0%| F|  |TAMS 0x000000070fa00000, 0x000000070fa00000| Untracked 
| 239|0x000000070fb00000, 0x000000070fb77438, 0x000000070fc00000| 46%| E|  |TAMS 0x000000070fb00000, 0x000000070fb00000| Complete 
| 240|0x000000070fc00000, 0x000000070fd00000, 0x000000070fd00000|100%| E|CS|TAMS 0x000000070fc00000, 0x000000070fc00000| Complete 
| 241|0x000000070fd00000, 0x000000070fe00000, 0x000000070fe00000|100%| E|CS|TAMS 0x000000070fd00000, 0x000000070fd00000| Complete 
| 242|0x000000070fe00000, 0x000000070ff00000, 0x000000070ff00000|100%| E|CS|TAMS 0x000000070fe00000, 0x000000070fe00000| Complete 
| 243|0x000000070ff00000, 0x0000000710000000, 0x0000000710000000|100%| E|CS|TAMS 0x000000070ff00000, 0x000000070ff00000| Complete 
| 244|0x0000000710000000, 0x0000000710100000, 0x0000000710100000|100%| E|CS|TAMS 0x0000000710000000, 0x0000000710000000| Complete 
| 245|0x0000000710100000, 0x0000000710200000, 0x0000000710200000|100%| E|CS|TAMS 0x0000000710100000, 0x0000000710100000| Complete 
| 246|0x0000000710200000, 0x0000000710300000, 0x0000000710300000|100%| E|CS|TAMS 0x0000000710200000, 0x0000000710200000| Complete 
| 247|0x0000000710300000, 0x0000000710400000, 0x0000000710400000|100%| E|CS|TAMS 0x0000000710300000, 0x0000000710300000| Complete 
| 248|0x0000000710400000, 0x0000000710500000, 0x0000000710500000|100%| E|CS|TAMS 0x0000000710400000, 0x0000000710400000| Complete 
| 249|0x0000000710500000, 0x0000000710600000, 0x0000000710600000|100%| E|CS|TAMS 0x0000000710500000, 0x0000000710500000| Complete 
| 250|0x0000000710600000, 0x0000000710700000, 0x0000000710700000|100%| E|CS|TAMS 0x0000000710600000, 0x0000000710600000| Complete 
| 251|0x0000000710700000, 0x0000000710800000, 0x0000000710800000|100%| E|CS|TAMS 0x0000000710700000, 0x0000000710700000| Complete 
| 252|0x0000000710800000, 0x0000000710900000, 0x0000000710900000|100%| E|CS|TAMS 0x0000000710800000, 0x0000000710800000| Complete 
| 253|0x0000000710900000, 0x0000000710a00000, 0x0000000710a00000|100%| E|CS|TAMS 0x0000000710900000, 0x0000000710900000| Complete 
| 254|0x0000000710a00000, 0x0000000710b00000, 0x0000000710b00000|100%| E|CS|TAMS 0x0000000710a00000, 0x0000000710a00000| Complete 
| 255|0x0000000710b00000, 0x0000000710c00000, 0x0000000710c00000|100%| E|CS|TAMS 0x0000000710b00000, 0x0000000710b00000| Complete 

Card table byte_map: [0x0000026d7e120000,0x0000026d7e920000] _byte_map_base: 0x0000026d7a91a000

Marking Bits (Prev, Next): (CMBitMap*) 0x0000026d63f77a18, (CMBitMap*) 0x0000026d63f77a58
 Prev Bits: [0x0000026d00000000, 0x0000026d03fd0000)
 Next Bits: [0x0000026d03fd0000, 0x0000026d07fa0000)

Polling page: 0x0000026d63ff0000

Metaspace:

Usage:
  Non-class:      6.11 MB capacity,     5.08 MB ( 83%) used,     1.02 MB ( 17%) free+waste,    15.69 KB ( <1%) overhead. 
      Class:    838.00 KB capacity,   706.23 KB ( 84%) used,   123.02 KB ( 15%) free+waste,     8.75 KB (  1%) overhead. 
       Both:      6.93 MB capacity,     5.77 MB ( 83%) used,     1.14 MB ( 16%) free+waste,    24.44 KB ( <1%) overhead. 

Virtual space:
  Non-class space:        8.00 MB reserved,       6.25 MB ( 78%) committed 
      Class space:        1.00 GB reserved,     896.00 KB ( <1%) committed 
             Both:        1.01 GB reserved,       7.13 MB ( <1%) committed 

Chunk freelists:
   Non-Class:  12.00 KB
       Class:  26.00 KB
        Both:  38.00 KB

MaxMetaspaceSize: 17179869184.00 GB
CompressedClassSpaceSize: 1.00 GB

CodeHeap 'non-profiled nmethods': size=120000Kb used=312Kb max_used=312Kb free=119687Kb
 bounds [0x0000026d75980000, 0x0000026d75bf0000, 0x0000026d7ceb0000]
CodeHeap 'profiled nmethods': size=120000Kb used=1713Kb max_used=1713Kb free=118286Kb
 bounds [0x0000026d6e450000, 0x0000026d6e6c0000, 0x0000026d75980000]
CodeHeap 'non-nmethods': size=5760Kb used=1155Kb max_used=1176Kb free=4604Kb
 bounds [0x0000026d6deb0000, 0x0000026d6e120000, 0x0000026d6e450000]
 total_blobs=1848 nmethods=960 adapters=319
 compilation: enabled
              stopped_count=0, restarted_count=0
 full_count=0

Compilation events (20 events):
Event: 0.476 Thread 0x0000026d0a858800  870       3       java.nio.MappedByteBuffer::rewind (5 bytes)
Event: 0.476 Thread 0x0000026d0a858800 nmethod 870 0x0000026d6e5e0110 code [0x0000026d6e5e02c0, 0x0000026d6e5e0518]
Event: 0.476 Thread 0x0000026d0a858800  871       3       java.nio.MappedByteBuffer::rewind (7 bytes)
Event: 0.476 Thread 0x0000026d0a858800 nmethod 871 0x0000026d6e5e0610 code [0x0000026d6e5e07c0, 0x0000026d6e5e09b8]
Event: 0.476 Thread 0x0000026d0a858800  872       3       jdk.internal.access.SharedSecrets::getJavaLangAccess (4 bytes)
Event: 0.476 Thread 0x0000026d0a858800 nmethod 872 0x0000026d6e5e0a90 code [0x0000026d6e5e0c20, 0x0000026d6e5e0d18]
Event: 0.477 Thread 0x0000026d0a858800  873       3       java.lang.Class::getComponentType (14 bytes)
Event: 0.477 Thread 0x0000026d0a858800 nmethod 873 0x0000026d6e5e0d90 code [0x0000026d6e5e0f40, 0x0000026d6e5e1108]
Event: 0.477 Thread 0x0000026d0a858800  874       3       java.security.AccessController::executePrivileged (65 bytes)
Event: 0.477 Thread 0x0000026d0a858800 nmethod 874 0x0000026d6e5e1190 code [0x0000026d6e5e1360, 0x0000026d6e5e1658]
Event: 0.477 Thread 0x0000026d0a858800  875       3       java.security.AccessController::doPrivileged (9 bytes)
Event: 0.477 Thread 0x0000026d0aae3000  876   !   4       java.util.jar.JarFile::checkForSpecialAttributes (163 bytes)
Event: 0.477 Thread 0x0000026d0a858800 nmethod 875 0x0000026d6e5e1790 code [0x0000026d6e5e1960, 0x0000026d6e5e1c98]
Event: 0.478 Thread 0x0000026d0a858800  878       1       java.util.concurrent.locks.AbstractQueuedSynchronizer::setState (6 bytes)
Event: 0.478 Thread 0x0000026d0a858800 nmethod 878 0x0000026d759c3b90 code [0x0000026d759c3d20, 0x0000026d759c3df8]
Event: 0.480 Thread 0x0000026d0a858800  879       3       java.lang.invoke.MemberName::flagsMods (73 bytes)
Event: 0.480 Thread 0x0000026d0a858800 nmethod 879 0x0000026d6e5e1e10 code [0x0000026d6e5e1fa0, 0x0000026d6e5e20b8]
Event: 0.480 Thread 0x0000026d0a858800  880       3       java.lang.invoke.MemberName::init (67 bytes)
Event: 0.480 Thread 0x0000026d0a858800 nmethod 880 0x0000026d6e5e2190 code [0x0000026d6e5e2340, 0x0000026d6e5e25b8]
Event: 0.480 Thread 0x0000026d0a858800  881       3       java.lang.invoke.MemberName$Factory::resolveOrFail (53 bytes)

GC Heap History (0 events):
No events

Deoptimization events (16 events):
Event: 0.140 Thread 0x0000026d63dca000 Uncommon trap: trap_request=0xffffff45 fr.pc=0x0000026d7598dc10 relative=0x0000000000000070
Event: 0.140 Thread 0x0000026d63dca000 Uncommon trap: reason=unstable_if action=reinterpret pc=0x0000026d7598dc10 method=java.io.WinNTFileSystem.isSlash(C)Z @ 9 c2
Event: 0.140 Thread 0x0000026d63dca000 DEOPT PACKING pc=0x0000026d7598dc10 sp=0x000000c7c8bfeb10
Event: 0.140 Thread 0x0000026d63dca000 DEOPT UNPACKING pc=0x0000026d6def912f sp=0x000000c7c8bfea98 mode 2
Event: 0.149 Thread 0x0000026d63dca000 Uncommon trap: trap_request=0xffffff45 fr.pc=0x0000026d759847d0 relative=0x00000000000001f0
Event: 0.149 Thread 0x0000026d63dca000 Uncommon trap: reason=unstable_if action=reinterpret pc=0x0000026d759847d0 method=java.lang.String.hashCode()I @ 13 c2
Event: 0.149 Thread 0x0000026d63dca000 DEOPT PACKING pc=0x0000026d759847d0 sp=0x000000c7c8bfcaf0
Event: 0.149 Thread 0x0000026d63dca000 DEOPT UNPACKING pc=0x0000026d6def912f sp=0x000000c7c8bfca88 mode 2
Event: 0.154 Thread 0x0000026d63dca000 DEOPT PACKING pc=0x0000026d6e4996f4 sp=0x000000c7c8bfdec0
Event: 0.154 Thread 0x0000026d63dca000 DEOPT UNPACKING pc=0x0000026d6def964e sp=0x000000c7c8bfd318 mode 0
Event: 0.183 Thread 0x0000026d63dca000 DEOPT PACKING pc=0x0000026d6e4a2332 sp=0x000000c7c8bfdf60
Event: 0.184 Thread 0x0000026d63dca000 DEOPT UNPACKING pc=0x0000026d6def964e sp=0x000000c7c8bfd3c8 mode 0
Event: 0.214 Thread 0x0000026d63dca000 DEOPT PACKING pc=0x0000026d6e47ad50 sp=0x000000c7c8bfe050
Event: 0.214 Thread 0x0000026d63dca000 DEOPT UNPACKING pc=0x0000026d6def964e sp=0x000000c7c8bfd4d8 mode 0
Event: 0.276 Thread 0x0000026d63dca000 DEOPT PACKING pc=0x0000026d6e48675f sp=0x000000c7c8bfe650
Event: 0.276 Thread 0x0000026d63dca000 DEOPT UNPACKING pc=0x0000026d6def964e sp=0x000000c7c8bfdaa0 mode 0

Classes unloaded (0 events):
No events

Classes redefined (0 events):
No events

Internal exceptions (17 events):
Event: 0.211 Thread 0x0000026d63dca000 Exception <a 'java/lang/NoSuchMethodError'{0x00000007107f44e0}: 'void java.lang.invoke.DirectMethodHandle$Holder.invokeVirtual(java.lang.Object, java.lang.Object)'> (0x00000007107f44e0) 
thrown [./open/src/hotspot/share/interpreter/linkResolver.cpp, line 766]
Event: 0.212 Thread 0x0000026d63dca000 Exception <a 'java/lang/NoSuchMethodError'{0x00000007107fb3b8}: 'int java.lang.invoke.DirectMethodHandle$Holder.invokeVirtual(java.lang.Object, java.lang.Object)'> (0x00000007107fb3b8) 
thrown [./open/src/hotspot/share/interpreter/linkResolver.cpp, line 766]
Event: 0.220 Thread 0x0000026d63dca000 Exception <a 'java/lang/NoClassDefFoundError'{0x000000071062ffd0}: org/slf4j/LoggerFactory> (0x000000071062ffd0) 
thrown [./open/src/hotspot/share/classfile/systemDictionary.cpp, line 215]
Event: 0.222 Thread 0x0000026d63dca000 Exception <a 'java/lang/NoClassDefFoundError'{0x000000071063c880}: org/apache/log4j/Priority> (0x000000071063c880) 
thrown [./open/src/hotspot/share/classfile/systemDictionary.cpp, line 215]
Event: 0.223 Thread 0x0000026d63dca000 Exception <a 'java/lang/NoClassDefFoundError'{0x0000000710649cc0}: org/apache/logging/log4j/message/Message> (0x0000000710649cc0) 
thrown [./open/src/hotspot/share/classfile/systemDictionary.cpp, line 215]
Event: 0.262 Thread 0x0000026d63dca000 Exception <a 'java/lang/NoSuchMethodError'{0x00000007105a1188}: 'double java.lang.invoke.DirectMethodHandle$Holder.invokeStatic(java.lang.Object, java.lang.Object)'> (0x00000007105a1188) 
thrown [./open/src/hotspot/share/interpreter/linkResolver.cpp, line 766]
Event: 0.262 Thread 0x0000026d63dca000 Exception <a 'java/lang/NoSuchMethodError'{0x00000007105a6210}: 'float java.lang.invoke.DirectMethodHandle$Holder.invokeStatic(java.lang.Object, java.lang.Object)'> (0x00000007105a6210) 
thrown [./open/src/hotspot/share/interpreter/linkResolver.cpp, line 766]
Event: 0.263 Thread 0x0000026d63dca000 Exception <a 'java/lang/NoSuchMethodError'{0x00000007105ad2a8}: 'long java.lang.invoke.DirectMethodHandle$Holder.invokeStatic(java.lang.Object, java.lang.Object)'> (0x00000007105ad2a8) 
thrown [./open/src/hotspot/share/interpreter/linkResolver.cpp, line 766]
Event: 0.286 Thread 0x0000026d63dca000 Exception <a 'java/lang/NoSuchMethodError'{0x0000000710456240}: 'int java.lang.invoke.DirectMethodHandle$Holder.invokeSpecialIFC(java.lang.Object, java.lang.Object, int)'> (0x0000000710456240) 
thrown [./open/src/hotspot/share/interpreter/linkResolver.cpp, line 766]
Event: 0.304 Thread 0x0000026d63dca000 Exception <a 'java/lang/NoClassDefFoundError'{0x0000000710351af0}: org/slf4j/LoggerFactory> (0x0000000710351af0) 
thrown [./open/src/hotspot/share/classfile/systemDictionary.cpp, line 215]
Event: 0.305 Thread 0x0000026d63dca000 Exception <a 'java/lang/NoClassDefFoundError'{0x0000000710361088}: org/apache/logging/log4j/spi/ExtendedLoggerWrapper> (0x0000000710361088) 
thrown [./open/src/hotspot/share/classfile/systemDictionary.cpp, line 215]
Event: 0.306 Thread 0x0000026d63dca000 Exception <a 'java/lang/NoClassDefFoundError'{0x0000000710370518}: org/apache/log4j/Priority> (0x0000000710370518) 
thrown [./open/src/hotspot/share/classfile/systemDictionary.cpp, line 215]
Event: 0.353 Thread 0x0000026d63dca000 Exception <a 'java/lang/NoSuchMethodError'{0x000000071019b410}: 'java.lang.Object java.lang.invoke.DirectMethodHandle$Holder.invokeStaticInit(java.lang.Object, java.lang.Object, java.lang.Object)'> (0x000000071019b410) 
thrown [./open/src/hotspot/share/interpreter/linkResolver.cpp, line 766]
Event: 0.361 Thread 0x0000026d63dca000 Exception <a 'java/lang/NoSuchMethodError'{0x00000007101dc4f8}: 'int java.lang.invoke.DirectMethodHandle$Holder.invokeStaticInit(java.lang.Object, int)'> (0x00000007101dc4f8) 
thrown [./open/src/hotspot/share/interpreter/linkResolver.cpp, line 766]
Event: 0.369 Thread 0x0000026d63dca000 Exception <a 'java/lang/NoSuchMethodError'{0x0000000710004190}: 'java.lang.Object java.lang.invoke.DirectMethodHandle$Holder.invokeStaticInit(java.lang.Object, int, int, int, int)'> (0x0000000710004190) 
thrown [./open/src/hotspot/share/interpreter/linkResolver.cpp, line 766]
Event: 0.390 Thread 0x0000026d63dca000 Exception <a 'java/lang/NoSuchMethodError'{0x00000007100469a0}: 'java.lang.Object java.lang.invoke.DirectMethodHandle$Holder.invokeStaticInit(java.lang.Object, java.lang.Object, int, int, int, int)'> (0x00000007100469a0) 
thrown [./open/src/hotspot/share/interpreter/linkResolver.cpp, line 766]
Event: 0.393 Thread 0x0000026d63dca000 Exception <a 'java/lang/NoSuchMethodError'{0x000000071004d930}: 'void java.lang.invoke.DirectMethodHandle$Holder.invokeSpecial(java.lang.Object, java.lang.Object)'> (0x000000071004d930) 
thrown [./open/src/hotspot/share/interpreter/linkResolver.cpp, line 766]

Events (20 events):
Event: 0.465 loading class sun/nio/ch/SocketOptionRegistry
Event: 0.465 loading class sun/nio/ch/SocketOptionRegistry done
Event: 0.465 loading class sun/nio/ch/SocketOptionRegistry$RegistryKey
Event: 0.465 loading class sun/nio/ch/SocketOptionRegistry$RegistryKey done
Event: 0.465 loading class sun/nio/ch/SocketOptionRegistry$LazyInitialization
Event: 0.465 loading class sun/nio/ch/SocketOptionRegistry$LazyInitialization done
Event: 0.465 loading class sun/nio/ch/OptionKey
Event: 0.465 loading class sun/nio/ch/OptionKey done
Event: 0.479 loading class java/util/concurrent/ThreadPoolExecutor
Event: 0.479 loading class java/util/concurrent/ThreadPoolExecutor done
Event: 0.479 loading class java/util/concurrent/ThreadPoolExecutor$AbortPolicy
Event: 0.479 loading class java/util/concurrent/RejectedExecutionHandler
Event: 0.479 loading class java/util/concurrent/RejectedExecutionHandler done
Event: 0.479 loading class java/util/concurrent/ThreadPoolExecutor$AbortPolicy done
Event: 0.479 loading class java/util/concurrent/LinkedTransferQueue
Event: 0.479 loading class java/util/concurrent/TransferQueue
Event: 0.479 loading class java/util/concurrent/TransferQueue done
Event: 0.479 loading class java/util/concurrent/LinkedTransferQueue done
Event: 0.480 loading class java/util/concurrent/LinkedTransferQueue$Node
Event: 0.480 loading class java/util/concurrent/LinkedTransferQueue$Node done


Dynamic libraries:
0x00007ff6ab9c0000 - 0x00007ff6ab9cf000 	C:\Program Files\Java\jdk-14.0.1\bin\java.exe
0x00007ff9e75d0000 - 0x00007ff9e77c4000 	C:\Windows\SYSTEM32\ntdll.dll
0x00007ff9e5640000 - 0x00007ff9e56fd000 	C:\Windows\System32\KERNEL32.DLL
0x00007ff9e4e40000 - 0x00007ff9e5107000 	C:\Windows\System32\KERNELBASE.dll
0x00007ff9e5540000 - 0x00007ff9e5640000 	C:\Windows\System32\ucrtbase.dll
0x00007ff9cd900000 - 0x00007ff9cd918000 	C:\Program Files\Java\jdk-14.0.1\bin\jli.dll
0x00007ff9cc620000 - 0x00007ff9cc635000 	C:\Program Files\Java\jdk-14.0.1\bin\VCRUNTIME140.dll
0x00007ff9e5700000 - 0x00007ff9e57aa000 	C:\Windows\System32\ADVAPI32.dll
0x00007ff9e57f0000 - 0x00007ff9e588e000 	C:\Windows\System32\msvcrt.dll
0x00007ff9e6dd0000 - 0x00007ff9e6e6b000 	C:\Windows\System32\sechost.dll
0x00007ff9e7100000 - 0x00007ff9e7223000 	C:\Windows\System32\RPCRT4.dll
0x00007ff9e5fd0000 - 0x00007ff9e6170000 	C:\Windows\System32\USER32.dll
0x00007ff9e4d70000 - 0x00007ff9e4d92000 	C:\Windows\System32\win32u.dll
0x00007ff9e4150000 - 0x00007ff9e43ea000 	C:\Windows\WinSxS\amd64_microsoft.windows.common-controls_6595b64144ccf1df_6.0.19041.1_none_b555e41d4684ddec\COMCTL32.dll
0x00007ff9e6790000 - 0x00007ff9e67ba000 	C:\Windows\System32\GDI32.dll
0x00007ff9e52a0000 - 0x00007ff9e53aa000 	C:\Windows\System32\gdi32full.dll
0x00007ff9e4da0000 - 0x00007ff9e4e3d000 	C:\Windows\System32\msvcp_win.dll
0x00007ff9de920000 - 0x00007ff9de92a000 	C:\Windows\SYSTEM32\VERSION.dll
0x00007ff9e57b0000 - 0x00007ff9e57e0000 	C:\Windows\System32\IMM32.DLL
0x00007ff9c8590000 - 0x00007ff9c862b000 	C:\Program Files\Java\jdk-14.0.1\bin\msvcp140.dll
0x00007ff99e200000 - 0x00007ff99ed1e000 	C:\Program Files\Java\jdk-14.0.1\bin\server\jvm.dll
0x00007ff9e6780000 - 0x00007ff9e6788000 	C:\Windows\System32\PSAPI.DLL
0x00007ff9d70b0000 - 0x00007ff9d70d7000 	C:\Windows\SYSTEM32\WINMM.dll
0x00007ff9d1610000 - 0x00007ff9d1619000 	C:\Windows\SYSTEM32\WSOCK32.dll
0x00007ff9e6710000 - 0x00007ff9e677b000 	C:\Windows\System32\WS2_32.dll
0x00007ff9e2680000 - 0x00007ff9e2693000 	C:\Windows\SYSTEM32\kernel.appcore.dll
0x00007ff9d4bf0000 - 0x00007ff9d4bfa000 	C:\Program Files\Java\jdk-14.0.1\bin\jimage.dll
0x00007ff9e47f0000 - 0x00007ff9e49d4000 	C:\Windows\SYSTEM32\DBGHELP.DLL
0x00007ff9e4510000 - 0x00007ff9e453c000 	C:\Windows\SYSTEM32\dbgcore.DLL
0x00007ff9e5460000 - 0x00007ff9e54df000 	C:\Windows\System32\bcryptPrimitives.dll
0x00007ff9cb080000 - 0x00007ff9cb0a5000 	C:\Program Files\Java\jdk-14.0.1\bin\java.dll
0x00007ff9cadd0000 - 0x00007ff9cade6000 	C:\Program Files\Java\jdk-14.0.1\bin\zip.dll
0x00007ff9e5890000 - 0x00007ff9e5fc5000 	C:\Windows\System32\SHELL32.dll
0x00007ff9e2880000 - 0x00007ff9e300f000 	C:\Windows\SYSTEM32\windows.storage.dll
0x00007ff9e67e0000 - 0x00007ff9e6b33000 	C:\Windows\System32\combase.dll
0x00007ff9e40b0000 - 0x00007ff9e40db000 	C:\Windows\SYSTEM32\Wldp.dll
0x00007ff9e74e0000 - 0x00007ff9e758e000 	C:\Windows\System32\SHCORE.dll
0x00007ff9e6bc0000 - 0x00007ff9e6c15000 	C:\Windows\System32\shlwapi.dll
0x00007ff9e4c60000 - 0x00007ff9e4c7f000 	C:\Windows\SYSTEM32\profapi.dll
0x00007ff9ca060000 - 0x00007ff9ca079000 	C:\Program Files\Java\jdk-14.0.1\bin\net.dll
0x00007ff9d6240000 - 0x00007ff9d6340000 	C:\Windows\SYSTEM32\WINHTTP.dll
0x00007ff9e3dd0000 - 0x00007ff9e3e3a000 	C:\Windows\system32\mswsock.dll
0x00007ff9ca040000 - 0x00007ff9ca052000 	C:\Program Files\Java\jdk-14.0.1\bin\nio.dll
0x00007ff9cb070000 - 0x00007ff9cb079000 	C:\Program Files\Java\jdk-14.0.1\bin\management.dll
0x00007ff9cadc0000 - 0x00007ff9cadcb000 	C:\Program Files\Java\jdk-14.0.1\bin\management_ext.dll
0x00007ff9e49e0000 - 0x00007ff9e49f8000 	C:\Windows\SYSTEM32\CRYPTSP.dll
0x00007ff9e3780000 - 0x00007ff9e37b4000 	C:\Windows\system32\rsaenh.dll
0x00007ff9e5270000 - 0x00007ff9e5297000 	C:\Windows\System32\bcrypt.dll
0x00007ff9e4be0000 - 0x00007ff9e4c0e000 	C:\Windows\SYSTEM32\USERENV.dll
0x00007ff9e3fa0000 - 0x00007ff9e3fac000 	C:\Windows\SYSTEM32\CRYPTBASE.dll
0x00007ff9e3ac0000 - 0x00007ff9e3afb000 	C:\Windows\SYSTEM32\IPHLPAPI.DLL
0x00007ff9e57e0000 - 0x00007ff9e57e9000 	C:\Windows\System32\NSI.dll
0x00007ff9ddda0000 - 0x00007ff9dddb7000 	C:\Windows\SYSTEM32\dhcpcsvc6.DLL
0x00007ff9ddd80000 - 0x00007ff9ddd9d000 	C:\Windows\SYSTEM32\dhcpcsvc.DLL
0x00007ff9e3b00000 - 0x00007ff9e3bca000 	C:\Windows\SYSTEM32\DNSAPI.dll

dbghelp: loaded successfully - version: 4.0.5 - missing functions: none
symbol engine: initialized successfully - sym options: 0x614 - pdb path: .;C:\Program Files\Java\jdk-14.0.1\bin;C:\Windows\SYSTEM32;C:\Windows\WinSxS\amd64_microsoft.windows.common-controls_6595b64144ccf1df_6.0.19041.1_none_b555e41d4684ddec;C:\Program Files\Java\jdk-14.0.1\bin\server

VM Arguments:
java_command: io.vertx.core.Launcher run dizzybrawl.verticles.MainVerticle -Dvertx.id=ec520c98-434c-4872-9886-4ca2d3a23e36-redeploy
java_class_path (initial): C:\Users\Andrew Aleynikov\IdeaProjects\db-server\build\classes\java\main;C:\Users\Andrew Aleynikov\IdeaProjects\db-server\build\resources\main;C:\Users\Andrew Aleynikov\.gradle\caches\modules-2\files-2.1\io.vertx\vertx-web\4.0.0-milestone5\c9c58ff0b72fd94aafebb102fd7e4e737b6774d5\vertx-web-4.0.0-milestone5.jar;C:\Users\Andrew Aleynikov\.gradle\caches\modules-2\files-2.1\io.vertx\vertx-pg-client\4.0.0-milestone5\8eedf48439716fdb8c6466913517aad1fdcfdb10\vertx-pg-client-4.0.0-milestone5.jar;C:\Users\Andrew Aleynikov\.gradle\caches\modules-2\files-2.1\io.vertx\vertx-web-common\4.0.0-milestone5\e829d433f4eb0f6d92baa7394437f523d7251fe1\vertx-web-common-4.0.0-milestone5.jar;C:\Users\Andrew Aleynikov\.gradle\caches\modules-2\files-2.1\io.vertx\vertx-auth-common\4.0.0-milestone5\6f3756eff3e11465353807762e81181df366ad83\vertx-auth-common-4.0.0-milestone5.jar;C:\Users\Andrew Aleynikov\.gradle\caches\modules-2\files-2.1\io.vertx\vertx-jdbc-client\4.0.0-milestone5\3eae15a46841bdae87817266c9fe988ad45f4263\vertx-jdbc-client-4.0.0-milestone5.jar;C:\Users\Andrew Aleynikov\.gradle\caches\modules-2\files-2.1\io.vertx\vertx-sql-common\4.0.0-milestone5\2a01712e4af831c6ad2b7fc10374e2b2ed1a5383\vertx-sql-common-4.0.0-milestone5.jar;C:\Users\Andrew Aleynikov\.gradle\caches\modules-2\files-2.1\io.vertx\vertx-sql-client\4.0.0-milestone5\2db4a271558e0b0cfb5aef9623d6b015f99d0713\vertx-sql-client-4.0.0-milestone5.jar;C:\Users\Andrew Aleynikov\.gradle\caches\modules-2\files-2.1\io.vertx\vertx-core\4.0.0-milestone5\d895034a0fbabe67938e4023197b10070cb91837\vertx-core-4.0.0-milestone5.jar;C:\Users\Andrew Aleynikov\.gradle\caches\modules-2\files-2.1\io.vertx\vertx-bridge-common\4.0.0-milestone5\43f8e57642bdcb580b1a733961e60b97101f5275\vertx-bridge-common-4.0.0-milestone5.jar;C:\Users\Andrew Aleynikov\.gradle\caches\modules-2\files-2.1\io.netty\netty-handler-proxy\4.1.49.Final\6a2064cc62c7d18719742e1e101199c04c66356c\netty-handler-proxy-4.1.49.Final.jar;C:\Users\Andrew Al
Launcher Type: SUN_STANDARD

[Global flags]
     intx CICompilerCount                          = 4                                         {product} {ergonomic}
     uint ConcGCThreads                            = 2                                         {product} {ergonomic}
     uint G1ConcRefinementThreads                  = 8                                         {product} {ergonomic}
   size_t G1HeapRegionSize                         = 1048576                                   {product} {ergonomic}
    uintx GCDrainStackTargetSize                   = 64                                        {product} {ergonomic}
   size_t InitialHeapSize                          = 268435456                                 {product} {ergonomic}
   size_t MarkStackSize                            = 4194304                                   {product} {ergonomic}
   size_t MaxHeapSize                              = 4282384384                                {product} {ergonomic}
   size_t MaxNewSize                               = 2569011200                                {product} {ergonomic}
   size_t MinHeapDeltaBytes                        = 1048576                                   {product} {ergonomic}
   size_t MinHeapSize                              = 8388608                                   {product} {ergonomic}
    uintx NonNMethodCodeHeapSize                   = 5839372                                {pd product} {ergonomic}
    uintx NonProfiledCodeHeapSize                  = 122909434                              {pd product} {ergonomic}
    uintx ProfiledCodeHeapSize                     = 122909434                              {pd product} {ergonomic}
    uintx ReservedCodeCacheSize                    = 251658240                              {pd product} {ergonomic}
     bool SegmentedCodeCache                       = true                                      {product} {ergonomic}
   size_t SoftMaxHeapSize                          = 4282384384                             {manageable} {ergonomic}
     bool UseCompressedClassPointers               = true                                 {lp64_product} {ergonomic}
     bool UseCompressedOops                        = true                                 {lp64_product} {ergonomic}
     bool UseG1GC                                  = true                                      {product} {ergonomic}
     bool UseLargePagesIndividualAllocation        = false                                  {pd product} {ergonomic}

Logging:
Log output configuration:
 #0: stdout all=warning uptime,level,tags
 #1: stderr all=off uptime,level,tags

Environment Variables:
CLASSPATH=C:\Users\Andrew Aleynikov\IdeaProjects\db-server\build\classes\java\main;C:\Users\Andrew Aleynikov\IdeaProjects\db-server\build\resources\main;C:\Users\Andrew Aleynikov\.gradle\caches\modules-2\files-2.1\io.vertx\vertx-web\4.0.0-milestone5\c9c58ff0b72fd94aafebb102fd7e4e737b6774d5\vertx-web-4.0.0-milestone5.jar;C:\Users\Andrew Aleynikov\.gradle\caches\modules-2\files-2.1\io.vertx\vertx-pg-client\4.0.0-milestone5\8eedf48439716fdb8c6466913517aad1fdcfdb10\vertx-pg-client-4.0.0-milestone5.jar;C:\Users\Andrew Aleynikov\.gradle\caches\modules-2\files-2.1\io.vertx\vertx-web-common\4.0.0-milestone5\e829d433f4eb0f6d92baa7394437f523d7251fe1\vertx-web-common-4.0.0-milestone5.jar;C:\Users\Andrew Aleynikov\.gradle\caches\modules-2\files-2.1\io.vertx\vertx-auth-common\4.0.0-milestone5\6f3756eff3e11465353807762e81181df366ad83\vertx-auth-common-4.0.0-milestone5.jar;C:\Users\Andrew Aleynikov\.gradle\caches\modules-2\files-2.1\io.vertx\vertx-jdbc-client\4.0.0-milestone5\3eae15a46841bdae87817266c9fe988ad45f4263\vertx-jdbc-client-4.0.0-milestone5.jar;C:\Users\Andrew Aleynikov\.gradle\caches\modules-2\files-2.1\io.vertx\vertx-sql-common\4.0.0-milestone5\2a01712e4af831c6ad2b7fc10374e2b2ed1a5383\vertx-sql-common-4.0.0-milestone5.jar;C:\Users\Andrew Aleynikov\.gradle\caches\modules-2\files-2.1\io.vertx\vertx-sql-client\4.0.0-milestone5\2db4a271558e0b0cfb5aef9623d6b015f99d0713\vertx-sql-client-4.0.0-milestone5.jar;C:\Users\Andrew Aleynikov\.gradle\caches\modules-2\files-2.1\io.vertx\vertx-core\4.0.0-milestone5\d895034a0fbabe67938e4023197b10070cb91837\vertx-core-4.0.0-milestone5.jar;C:\Users\Andrew Aleynikov\.gradle\caches\modules-2\files-2.1\io.vertx\vertx-bridge-common\4.0.0-milestone5\43f8e57642bdcb580b1a733961e60b97101f5275\vertx-bridge-common-4.0.0-milestone5.jar;C:\Users\Andrew Aleynikov\.gradle\caches\modules-2\files-2.1\io.netty\netty-handler-proxy\4.1.49.Final\6a2064cc62c7d18719742e1e101199c04c66356c\netty-handler-proxy-4.1.49.Final.jar;C:\Users\Andrew Aleynikov\.gradle\caches\modu
PATH=C:\Program Files (x86)\Common Files\Oracle\Java\javapath;C:\Windows\system32;C:\Windows;C:\Windows\System32\Wbem;C:\Windows\System32\WindowsPowerShell\v1.0\;C:\Windows\System32\OpenSSH\;C:\Program Files\NVIDIA Corporation\NVIDIA NvDLISR;C:\Program Files (x86)\NVIDIA Corporation\PhysX\Common;C:\Program Files\Git\cmd;C:\Users\Andrew Aleynikov\AppData\Local\Microsoft\WindowsApps;C:\Users\Andrew Aleynikov\AppData\Local\atom\bin;D:\Program Files\Development Software\JetBrains\IntelliJ IDEA 2020.2.2\bin;;D:\Program Files\Development Software\JetBrains\Rider for Unreal Engine 2020.2.1\bin;;D:\Program Files\Development Software\JetBrains\DataGrip 2020.2.3\bin;
USERNAME=Andrew Aleynikov
OS=Windows_NT
PROCESSOR_IDENTIFIER=Intel64 Family 6 Model 58 Stepping 9, GenuineIntel



---------------  S Y S T E M  ---------------

OS: Windows 10 , 64 bit Build 19041 (10.0.19041.292)
OS uptime: 0 days 0:50 hours

CPU:total 8 (initial active 8) (4 cores per cpu, 2 threads per core) family 6 model 58 stepping 9, cmov, cx8, fxsr, mmx, sse, sse2, sse3, ssse3, sse4.1, sse4.2, popcnt, avx, aes, clmul, erms, ht, tsc, tscinvbit, tscinv

Memory: 4k page, system-wide physical 16333M (7513M free)
TotalPageFile size 18381M (AvailPageFile size 3M)
current process WorkingSet (physical memory assigned to process): 68M, peak: 68M
current process commit charge ("private bytes"): 361M, peak: 361M

vm_info: Java HotSpot(TM) 64-Bit Server VM (14.0.1+7) for windows-amd64 JRE (14.0.1+7), built on Mar  5 2020 10:30:14 by "mach5one" with MS VC++ 15.9 (VS2017)

END.
