#
# There is insufficient memory for the Java Runtime Environment to continue.
# Native memory allocation (malloc) failed to allocate 1095216 bytes for Chunk::new
# Possible reasons:
#   The system is out of physical RAM or swap space
#   The process is running with CompressedOops enabled, and the Java Heap may be blocking the growth of the native heap
# Possible solutions:
#   Reduce memory load on the system
#   Increase physical memory or swap space
#   Check if swap backing store is full
#   Decrease Java heap size (-Xmx/-Xms)
#   Decrease number of Java threads
#   Decrease Java thread stack sizes (-Xss)
#   Set larger code cache with -XX:ReservedCodeCacheSize=
#   JVM is running with Unscaled Compressed Oops mode in which the Java heap is
#     placed in the first 4GB address space. The Java Heap base address is the
#     maximum limit for the native heap growth. Please use -XX:HeapBaseMinAddress
#     to set the Java Heap base and to place the Java Heap above 4GB virtual address.
# This output file may be truncated or incomplete.
#
#  Out of Memory Error (./open/src/hotspot/share/memory/arena.cpp:195), pid=10652, tid=11764
#
# JRE version: Java(TM) SE Runtime Environment (14.0.1+7) (build 14.0.1+7)
# Java VM: Java HotSpot(TM) 64-Bit Server VM (14.0.1+7, mixed mode, sharing, tiered, compressed oops, g1 gc, windows-amd64)
# No core dump will be written. Minidumps are not enabled by default on client versions of Windows
#

---------------  S U M M A R Y ------------

Command Line: --add-opens=java.base/java.util=ALL-UNNAMED --add-opens=java.base/java.lang=ALL-UNNAMED --add-opens=java.base/java.lang.invoke=ALL-UNNAMED --add-opens=java.prefs/java.util.prefs=ALL-UNNAMED -XX:MaxMetaspaceSize=256m -XX:+HeapDumpOnOutOfMemoryError -Xms256m -Xmx512m -Dfile.encoding=windows-1251 -Duser.country=RU -Duser.language=ru -Duser.variant org.gradle.launcher.daemon.bootstrap.GradleDaemon 6.3

Host: Intel(R) Core(TM) i7-3770K CPU @ 3.50GHz, 8 cores, 15G,  Windows 10 , 64 bit Build 19041 (10.0.19041.292)
Time: Sun Oct  4 17:09:22 2020 RTZ 2 (зима) elapsed time: 3 seconds (0d 0h 0m 3s)

---------------  T H R E A D  ---------------

Current thread (0x000002677eeda000):  JavaThread "C2 CompilerThread2" daemon [_thread_in_native, id=11764, stack(0x000000a9c5900000,0x000000a9c5a00000)]


Current CompileTask:
C2:   3012 2839   !   4       java.lang.ClassLoader::loadClass (122 bytes)

Stack: [0x000000a9c5900000,0x000000a9c5a00000]
Native frames: (J=compiled Java code, j=interpreted, Vv=VM code, C=native code)
V  [jvm.dll+0x5f840a]
V  [jvm.dll+0x741e4a]
V  [jvm.dll+0x7435ff]
V  [jvm.dll+0x743c43]
V  [jvm.dll+0x20d288]
V  [jvm.dll+0xabb07]
V  [jvm.dll+0xac1fc]
V  [jvm.dll+0x276db4]
V  [jvm.dll+0x50ca4a]
V  [jvm.dll+0x1ee1da]
V  [jvm.dll+0x1e7cfb]
V  [jvm.dll+0x1e4f98]
V  [jvm.dll+0x1779cc]
V  [jvm.dll+0x1f4105]
V  [jvm.dll+0x1f22eb]
V  [jvm.dll+0x706a9d]
V  [jvm.dll+0x6ff8ba]
V  [jvm.dll+0x5f72c6]
C  [ucrtbase.dll+0x21542]
C  [KERNEL32.DLL+0x16fd4]
C  [ntdll.dll+0x4cec1]


---------------  P R O C E S S  ---------------

Threads class SMR info:
_java_thread_list=0x000002677c02cb10, length=31, elements={
0x000002676e2f7800, 0x000002677ab23800, 0x000002677ab25000, 0x000002677ab40000,
0x000002677ab41800, 0x000002677ab49000, 0x000002677ab4f800, 0x000002677ab54000,
0x000002677ab4a000, 0x000002677ab46800, 0x000002677ab4b800, 0x000002677b8c8800,
0x000002677ab4c000, 0x000002677ab4d000, 0x000002677ab47800, 0x000002677ab48000,
0x000002677d1d6800, 0x000002677d1d7800, 0x000002677d1d4000, 0x000002677d1d5800,
0x000002677d1d9000, 0x000002677d1d9800, 0x000002677d1da800, 0x000002677d1d8000,
0x000002677d1d5000, 0x000002677d1dd000, 0x000002677d1e1000, 0x000002677d1df800,
0x000002677d1dc000, 0x000002677d1e2000, 0x000002677eeda000
}

Java Threads: ( => current thread )
  0x000002676e2f7800 JavaThread "main" [_thread_blocked, id=3304, stack(0x000000a9c2c00000,0x000000a9c2d00000)]
  0x000002677ab23800 JavaThread "Reference Handler" daemon [_thread_blocked, id=11972, stack(0x000000a9c3300000,0x000000a9c3400000)]
  0x000002677ab25000 JavaThread "Finalizer" daemon [_thread_blocked, id=11768, stack(0x000000a9c3400000,0x000000a9c3500000)]
  0x000002677ab40000 JavaThread "Signal Dispatcher" daemon [_thread_blocked, id=2624, stack(0x000000a9c3500000,0x000000a9c3600000)]
  0x000002677ab41800 JavaThread "Attach Listener" daemon [_thread_blocked, id=11984, stack(0x000000a9c3600000,0x000000a9c3700000)]
  0x000002677ab49000 JavaThread "Service Thread" daemon [_thread_blocked, id=7216, stack(0x000000a9c3700000,0x000000a9c3800000)]
  0x000002677ab4f800 JavaThread "C2 CompilerThread0" daemon [_thread_in_native, id=7832, stack(0x000000a9c3800000,0x000000a9c3900000)]
  0x000002677ab54000 JavaThread "C1 CompilerThread0" daemon [_thread_blocked, id=9588, stack(0x000000a9c3900000,0x000000a9c3a00000)]
  0x000002677ab4a000 JavaThread "Sweeper thread" daemon [_thread_blocked, id=6516, stack(0x000000a9c3a00000,0x000000a9c3b00000)]
  0x000002677ab46800 JavaThread "Common-Cleaner" daemon [_thread_blocked, id=5884, stack(0x000000a9c3b00000,0x000000a9c3c00000)]
  0x000002677ab4b800 JavaThread "Notification Thread" daemon [_thread_blocked, id=11392, stack(0x000000a9c3c00000,0x000000a9c3d00000)]
  0x000002677b8c8800 JavaThread "C2 CompilerThread1" daemon [_thread_in_native, id=11648, stack(0x000000a9c3e00000,0x000000a9c3f00000)]
  0x000002677ab4c000 JavaThread "Daemon health stats" [_thread_blocked, id=4996, stack(0x000000a9c4500000,0x000000a9c4600000)]
  0x000002677ab4d000 JavaThread "Incoming local TCP Connector on port 51016" [_thread_in_native, id=11352, stack(0x000000a9c4600000,0x000000a9c4700000)]
  0x000002677ab47800 JavaThread "Daemon periodic checks" [_thread_blocked, id=12088, stack(0x000000a9c4700000,0x000000a9c4800000)]
  0x000002677ab48000 JavaThread "Daemon" [_thread_blocked, id=10932, stack(0x000000a9c4800000,0x000000a9c4900000)]
  0x000002677d1d6800 JavaThread "Handler for socket connection from /127.0.0.1:51016 to /127.0.0.1:51017" [_thread_in_native, id=11048, stack(0x000000a9c4900000,0x000000a9c4a00000)]
  0x000002677d1d7800 JavaThread "Cancel handler" [_thread_blocked, id=12224, stack(0x000000a9c4a00000,0x000000a9c4b00000)]
  0x000002677d1d4000 JavaThread "Daemon worker" [_thread_in_vm, id=12004, stack(0x000000a9c4b00000,0x000000a9c4c00000)]
  0x000002677d1d5800 JavaThread "Asynchronous log dispatcher for DefaultDaemonConnection: socket connection from /127.0.0.1:51016 to /127.0.0.1:51017" [_thread_blocked, id=12180, stack(0x000000a9c4c00000,0x000000a9c4d00000)]
  0x000002677d1d9000 JavaThread "Stdin handler" [_thread_blocked, id=8488, stack(0x000000a9c4d00000,0x000000a9c4e00000)]
  0x000002677d1d9800 JavaThread "Thread-8" [_thread_blocked, id=3628, stack(0x000000a9c4e00000,0x000000a9c4f00000)]
  0x000002677d1da800 JavaThread "Cache worker for journal cache (C:\Users\Andrew Aleynikov\.gradle\caches\journal-1)" [_thread_blocked, id=10420, stack(0x000000a9c4f00000,0x000000a9c5000000)]
  0x000002677d1d8000 JavaThread "File lock request listener" [_thread_in_native, id=10996, stack(0x000000a9c5000000,0x000000a9c5100000)]
  0x000002677d1d5000 JavaThread "Cache worker for file hash cache (C:\Users\Andrew Aleynikov\.gradle\caches\6.3\fileHashes)" [_thread_blocked, id=2192, stack(0x000000a9c5100000,0x000000a9c5200000)]
  0x000002677d1dd000 JavaThread "Cache worker for checksums cache (C:\Users\Andrew Aleynikov\IdeaProjects\db-server\.gradle\checksums)" [_thread_blocked, id=10992, stack(0x000000a9c5200000,0x000000a9c5300000)]
  0x000002677d1e1000 JavaThread "Cache worker for file hash cache (C:\Users\Andrew Aleynikov\IdeaProjects\db-server\.gradle\6.3\fileHashes)" [_thread_blocked, id=256, stack(0x000000a9c5300000,0x000000a9c5400000)]
  0x000002677d1df800 JavaThread "Cache worker for cache directory md-supplier (C:\Users\Andrew Aleynikov\.gradle\caches\6.3\md-supplier)" [_thread_blocked, id=4632, stack(0x000000a9c5400000,0x000000a9c5500000)]
  0x000002677d1dc000 JavaThread "Cache worker for cache directory md-rule (C:\Users\Andrew Aleynikov\.gradle\caches\6.3\md-rule)" [_thread_blocked, id=4912, stack(0x000000a9c4400000,0x000000a9c4500000)]
  0x000002677d1e2000 JavaThread "Cache worker for execution history cache (C:\Users\Andrew Aleynikov\.gradle\caches\6.3\executionHistory)" [_thread_blocked, id=1244, stack(0x000000a9c5500000,0x000000a9c5600000)]
=>0x000002677eeda000 JavaThread "C2 CompilerThread2" daemon [_thread_in_native, id=11764, stack(0x000000a9c5900000,0x000000a9c5a00000)]

Other Threads:
  0x000002677ab1f800 VMThread "VM Thread" [stack: 0x000000a9c3200000,0x000000a9c3300000] [id=10264]
  0x000002677b5c9800 WatcherThread [stack: 0x000000a9c3d00000,0x000000a9c3e00000] [id=11412]
  0x000002676e325000 GCTaskThread "GC Thread#0" [stack: 0x000000a9c2d00000,0x000000a9c2e00000] [id=7612]
  0x000002677bed8000 GCTaskThread "GC Thread#1" [stack: 0x000000a9c3f00000,0x000000a9c4000000] [id=9540]
  0x000002677c032000 GCTaskThread "GC Thread#2" [stack: 0x000000a9c4000000,0x000000a9c4100000] [id=9300]
  0x000002677c137800 GCTaskThread "GC Thread#3" [stack: 0x000000a9c4100000,0x000000a9c4200000] [id=2604]
  0x000002677c0c4000 GCTaskThread "GC Thread#4" [stack: 0x000000a9c4200000,0x000000a9c4300000] [id=10328]
  0x000002677c0c4800 GCTaskThread "GC Thread#5" [stack: 0x000000a9c4300000,0x000000a9c4400000] [id=11456]
  0x000002677deed800 GCTaskThread "GC Thread#6" [stack: 0x000000a9c5600000,0x000000a9c5700000] [id=11296]
  0x000002677f088000 GCTaskThread "GC Thread#7" [stack: 0x000000a9c5700000,0x000000a9c5800000] [id=11424]
  0x000002676e32b800 ConcurrentGCThread "G1 Main Marker" [stack: 0x000000a9c2e00000,0x000000a9c2f00000] [id=11228]
  0x000002676e32c800 ConcurrentGCThread "G1 Conc#0" [stack: 0x000000a9c2f00000,0x000000a9c3000000] [id=5916]
  0x000002677f76c800 ConcurrentGCThread "G1 Conc#1" [stack: 0x000000a9c5800000,0x000000a9c5900000] [id=5708]
  0x000002676e3dd800 ConcurrentGCThread "G1 Refine#0" [stack: 0x000000a9c3000000,0x000000a9c3100000] [id=11924]
  0x000002677a9cc800 ConcurrentGCThread "G1 Young RemSet Sampling" [stack: 0x000000a9c3100000,0x000000a9c3200000] [id=11436]

Threads with active compile tasks:
C2 CompilerThread0     3031 2876   !   4       java.net.URLClassLoader::findClass (47 bytes)
C2 CompilerThread1     3031 2875   !   4       sun.net.www.ParseUtil::decode (317 bytes)
C2 CompilerThread2     3031 2839   !   4       java.lang.ClassLoader::loadClass (122 bytes)

VM state:not at safepoint (normal execution)

VM Mutex/Monitor currently owned by a thread: None

Heap address: 0x00000000e0000000, size: 512 MB, Compressed Oops mode: 32-bit
Narrow klass base: 0x0000000800000000, Narrow klass shift: 3
Compressed class space size: 260046848 Address: 0x0000000800b30000

Heap:
 garbage-first heap   total 262144K, used 69879K [0x00000000e0000000, 0x0000000100000000)
  region size 1024K, 59 young (60416K), 10 survivors (10240K)
 Metaspace       used 29502K, capacity 30220K, committed 30332K, reserved 280576K
  class space    used 4039K, capacity 4264K, committed 4300K, reserved 253952K
Heap Regions: E=young(eden), S=young(survivor), O=old, HS=humongous(starts), HC=humongous(continues), CS=collection set, F=free, OA=open archive, CA=closed archive, TAMS=top-at-mark-start (previous, next)
|   0|0x00000000e0000000, 0x00000000e0100000, 0x00000000e0100000|100%| O|  |TAMS 0x00000000e0100000, 0x00000000e0000000| Untracked 
|   1|0x00000000e0100000, 0x00000000e0200000, 0x00000000e0200000|100%| O|  |TAMS 0x00000000e0200000, 0x00000000e0100000| Untracked 
|   2|0x00000000e0200000, 0x00000000e02e2600, 0x00000000e0300000| 88%| O|  |TAMS 0x00000000e02e2600, 0x00000000e0200000| Untracked 
|   3|0x00000000e0300000, 0x00000000e0400000, 0x00000000e0400000|100%|HS|  |TAMS 0x00000000e0400000, 0x00000000e0300000| Complete 
|   4|0x00000000e0400000, 0x00000000e0500000, 0x00000000e0500000|100%|HC|  |TAMS 0x00000000e0500000, 0x00000000e0400000| Complete 
|   5|0x00000000e0500000, 0x00000000e0600000, 0x00000000e0600000|100%|HC|  |TAMS 0x00000000e0600000, 0x00000000e0500000| Complete 
|   6|0x00000000e0600000, 0x00000000e0700000, 0x00000000e0700000|100%| O|  |TAMS 0x00000000e0700000, 0x00000000e0600000| Untracked 
|   7|0x00000000e0700000, 0x00000000e0800000, 0x00000000e0800000|100%| O|  |TAMS 0x00000000e0800000, 0x00000000e0700000| Untracked 
|   8|0x00000000e0800000, 0x00000000e0900000, 0x00000000e0900000|100%| O|  |TAMS 0x00000000e0900000, 0x00000000e0800000| Untracked 
|   9|0x00000000e0900000, 0x00000000e0a00000, 0x00000000e0a00000|100%|HS|  |TAMS 0x00000000e0900000, 0x00000000e0900000| Complete 
|  10|0x00000000e0a00000, 0x00000000e0b00000, 0x00000000e0b00000|100%|HS|  |TAMS 0x00000000e0a00000, 0x00000000e0a00000| Complete 
|  11|0x00000000e0b00000, 0x00000000e0c00000, 0x00000000e0c00000|100%|HC|  |TAMS 0x00000000e0b00000, 0x00000000e0b00000| Complete 
|  12|0x00000000e0c00000, 0x00000000e0c00000, 0x00000000e0d00000|  0%| F|  |TAMS 0x00000000e0c00000, 0x00000000e0c00000| Untracked 
|  13|0x00000000e0d00000, 0x00000000e0d00000, 0x00000000e0e00000|  0%| F|  |TAMS 0x00000000e0d00000, 0x00000000e0d00000| Untracked 
|  14|0x00000000e0e00000, 0x00000000e0e00000, 0x00000000e0f00000|  0%| F|  |TAMS 0x00000000e0e00000, 0x00000000e0e00000| Untracked 
|  15|0x00000000e0f00000, 0x00000000e0f00000, 0x00000000e1000000|  0%| F|  |TAMS 0x00000000e0f00000, 0x00000000e0f00000| Untracked 
|  16|0x00000000e1000000, 0x00000000e1000000, 0x00000000e1100000|  0%| F|  |TAMS 0x00000000e1000000, 0x00000000e1000000| Untracked 
|  17|0x00000000e1100000, 0x00000000e1100000, 0x00000000e1200000|  0%| F|  |TAMS 0x00000000e1100000, 0x00000000e1100000| Untracked 
|  18|0x00000000e1200000, 0x00000000e1200000, 0x00000000e1300000|  0%| F|  |TAMS 0x00000000e1200000, 0x00000000e1200000| Untracked 
|  19|0x00000000e1300000, 0x00000000e1300000, 0x00000000e1400000|  0%| F|  |TAMS 0x00000000e1300000, 0x00000000e1300000| Untracked 
|  20|0x00000000e1400000, 0x00000000e1400000, 0x00000000e1500000|  0%| F|  |TAMS 0x00000000e1400000, 0x00000000e1400000| Untracked 
|  21|0x00000000e1500000, 0x00000000e1500000, 0x00000000e1600000|  0%| F|  |TAMS 0x00000000e1500000, 0x00000000e1500000| Untracked 
|  22|0x00000000e1600000, 0x00000000e1600000, 0x00000000e1700000|  0%| F|  |TAMS 0x00000000e1600000, 0x00000000e1600000| Untracked 
|  23|0x00000000e1700000, 0x00000000e1700000, 0x00000000e1800000|  0%| F|  |TAMS 0x00000000e1700000, 0x00000000e1700000| Untracked 
|  24|0x00000000e1800000, 0x00000000e1800000, 0x00000000e1900000|  0%| F|  |TAMS 0x00000000e1800000, 0x00000000e1800000| Untracked 
|  25|0x00000000e1900000, 0x00000000e1900000, 0x00000000e1a00000|  0%| F|  |TAMS 0x00000000e1900000, 0x00000000e1900000| Untracked 
|  26|0x00000000e1a00000, 0x00000000e1a00000, 0x00000000e1b00000|  0%| F|  |TAMS 0x00000000e1a00000, 0x00000000e1a00000| Untracked 
|  27|0x00000000e1b00000, 0x00000000e1b00000, 0x00000000e1c00000|  0%| F|  |TAMS 0x00000000e1b00000, 0x00000000e1b00000| Untracked 
|  28|0x00000000e1c00000, 0x00000000e1c00000, 0x00000000e1d00000|  0%| F|  |TAMS 0x00000000e1c00000, 0x00000000e1c00000| Untracked 
|  29|0x00000000e1d00000, 0x00000000e1d00000, 0x00000000e1e00000|  0%| F|  |TAMS 0x00000000e1d00000, 0x00000000e1d00000| Untracked 
|  30|0x00000000e1e00000, 0x00000000e1e00000, 0x00000000e1f00000|  0%| F|  |TAMS 0x00000000e1e00000, 0x00000000e1e00000| Untracked 
|  31|0x00000000e1f00000, 0x00000000e1f00000, 0x00000000e2000000|  0%| F|  |TAMS 0x00000000e1f00000, 0x00000000e1f00000| Untracked 
|  32|0x00000000e2000000, 0x00000000e2000000, 0x00000000e2100000|  0%| F|  |TAMS 0x00000000e2000000, 0x00000000e2000000| Untracked 
|  33|0x00000000e2100000, 0x00000000e2100000, 0x00000000e2200000|  0%| F|  |TAMS 0x00000000e2100000, 0x00000000e2100000| Untracked 
|  34|0x00000000e2200000, 0x00000000e2200000, 0x00000000e2300000|  0%| F|  |TAMS 0x00000000e2200000, 0x00000000e2200000| Untracked 
|  35|0x00000000e2300000, 0x00000000e2300000, 0x00000000e2400000|  0%| F|  |TAMS 0x00000000e2300000, 0x00000000e2300000| Untracked 
|  36|0x00000000e2400000, 0x00000000e2400000, 0x00000000e2500000|  0%| F|  |TAMS 0x00000000e2400000, 0x00000000e2400000| Untracked 
|  37|0x00000000e2500000, 0x00000000e2500000, 0x00000000e2600000|  0%| F|  |TAMS 0x00000000e2500000, 0x00000000e2500000| Untracked 
|  38|0x00000000e2600000, 0x00000000e2600000, 0x00000000e2700000|  0%| F|  |TAMS 0x00000000e2600000, 0x00000000e2600000| Untracked 
|  39|0x00000000e2700000, 0x00000000e2700000, 0x00000000e2800000|  0%| F|  |TAMS 0x00000000e2700000, 0x00000000e2700000| Untracked 
|  40|0x00000000e2800000, 0x00000000e2800000, 0x00000000e2900000|  0%| F|  |TAMS 0x00000000e2800000, 0x00000000e2800000| Untracked 
|  41|0x00000000e2900000, 0x00000000e2900000, 0x00000000e2a00000|  0%| F|  |TAMS 0x00000000e2900000, 0x00000000e2900000| Untracked 
|  42|0x00000000e2a00000, 0x00000000e2a00000, 0x00000000e2b00000|  0%| F|  |TAMS 0x00000000e2a00000, 0x00000000e2a00000| Untracked 
|  43|0x00000000e2b00000, 0x00000000e2b00000, 0x00000000e2c00000|  0%| F|  |TAMS 0x00000000e2b00000, 0x00000000e2b00000| Untracked 
|  44|0x00000000e2c00000, 0x00000000e2c00000, 0x00000000e2d00000|  0%| F|  |TAMS 0x00000000e2c00000, 0x00000000e2c00000| Untracked 
|  45|0x00000000e2d00000, 0x00000000e2d00000, 0x00000000e2e00000|  0%| F|  |TAMS 0x00000000e2d00000, 0x00000000e2d00000| Untracked 
|  46|0x00000000e2e00000, 0x00000000e2e00000, 0x00000000e2f00000|  0%| F|  |TAMS 0x00000000e2e00000, 0x00000000e2e00000| Untracked 
|  47|0x00000000e2f00000, 0x00000000e2f00000, 0x00000000e3000000|  0%| F|  |TAMS 0x00000000e2f00000, 0x00000000e2f00000| Untracked 
|  48|0x00000000e3000000, 0x00000000e3000000, 0x00000000e3100000|  0%| F|  |TAMS 0x00000000e3000000, 0x00000000e3000000| Untracked 
|  49|0x00000000e3100000, 0x00000000e3100000, 0x00000000e3200000|  0%| F|  |TAMS 0x00000000e3100000, 0x00000000e3100000| Untracked 
|  50|0x00000000e3200000, 0x00000000e3200000, 0x00000000e3300000|  0%| F|  |TAMS 0x00000000e3200000, 0x00000000e3200000| Untracked 
|  51|0x00000000e3300000, 0x00000000e3300000, 0x00000000e3400000|  0%| F|  |TAMS 0x00000000e3300000, 0x00000000e3300000| Untracked 
|  52|0x00000000e3400000, 0x00000000e3400000, 0x00000000e3500000|  0%| F|  |TAMS 0x00000000e3400000, 0x00000000e3400000| Untracked 
|  53|0x00000000e3500000, 0x00000000e3500000, 0x00000000e3600000|  0%| F|  |TAMS 0x00000000e3500000, 0x00000000e3500000| Untracked 
|  54|0x00000000e3600000, 0x00000000e3600000, 0x00000000e3700000|  0%| F|  |TAMS 0x00000000e3600000, 0x00000000e3600000| Untracked 
|  55|0x00000000e3700000, 0x00000000e3700000, 0x00000000e3800000|  0%| F|  |TAMS 0x00000000e3700000, 0x00000000e3700000| Untracked 
|  56|0x00000000e3800000, 0x00000000e3800000, 0x00000000e3900000|  0%| F|  |TAMS 0x00000000e3800000, 0x00000000e3800000| Untracked 
|  57|0x00000000e3900000, 0x00000000e3900000, 0x00000000e3a00000|  0%| F|  |TAMS 0x00000000e3900000, 0x00000000e3900000| Untracked 
|  58|0x00000000e3a00000, 0x00000000e3a00000, 0x00000000e3b00000|  0%| F|  |TAMS 0x00000000e3a00000, 0x00000000e3a00000| Untracked 
|  59|0x00000000e3b00000, 0x00000000e3b00000, 0x00000000e3c00000|  0%| F|  |TAMS 0x00000000e3b00000, 0x00000000e3b00000| Untracked 
|  60|0x00000000e3c00000, 0x00000000e3c00000, 0x00000000e3d00000|  0%| F|  |TAMS 0x00000000e3c00000, 0x00000000e3c00000| Untracked 
|  61|0x00000000e3d00000, 0x00000000e3d00000, 0x00000000e3e00000|  0%| F|  |TAMS 0x00000000e3d00000, 0x00000000e3d00000| Untracked 
|  62|0x00000000e3e00000, 0x00000000e3e00000, 0x00000000e3f00000|  0%| F|  |TAMS 0x00000000e3e00000, 0x00000000e3e00000| Untracked 
|  63|0x00000000e3f00000, 0x00000000e3f00000, 0x00000000e4000000|  0%| F|  |TAMS 0x00000000e3f00000, 0x00000000e3f00000| Untracked 
|  64|0x00000000e4000000, 0x00000000e4000000, 0x00000000e4100000|  0%| F|  |TAMS 0x00000000e4000000, 0x00000000e4000000| Untracked 
|  65|0x00000000e4100000, 0x00000000e4100000, 0x00000000e4200000|  0%| F|  |TAMS 0x00000000e4100000, 0x00000000e4100000| Untracked 
|  66|0x00000000e4200000, 0x00000000e4200000, 0x00000000e4300000|  0%| F|  |TAMS 0x00000000e4200000, 0x00000000e4200000| Untracked 
|  67|0x00000000e4300000, 0x00000000e4300000, 0x00000000e4400000|  0%| F|  |TAMS 0x00000000e4300000, 0x00000000e4300000| Untracked 
|  68|0x00000000e4400000, 0x00000000e4400000, 0x00000000e4500000|  0%| F|  |TAMS 0x00000000e4400000, 0x00000000e4400000| Untracked 
|  69|0x00000000e4500000, 0x00000000e4500000, 0x00000000e4600000|  0%| F|  |TAMS 0x00000000e4500000, 0x00000000e4500000| Untracked 
|  70|0x00000000e4600000, 0x00000000e4600000, 0x00000000e4700000|  0%| F|  |TAMS 0x00000000e4600000, 0x00000000e4600000| Untracked 
|  71|0x00000000e4700000, 0x00000000e4700000, 0x00000000e4800000|  0%| F|  |TAMS 0x00000000e4700000, 0x00000000e4700000| Untracked 
|  72|0x00000000e4800000, 0x00000000e4800000, 0x00000000e4900000|  0%| F|  |TAMS 0x00000000e4800000, 0x00000000e4800000| Untracked 
|  73|0x00000000e4900000, 0x00000000e4900000, 0x00000000e4a00000|  0%| F|  |TAMS 0x00000000e4900000, 0x00000000e4900000| Untracked 
|  74|0x00000000e4a00000, 0x00000000e4a00000, 0x00000000e4b00000|  0%| F|  |TAMS 0x00000000e4a00000, 0x00000000e4a00000| Untracked 
|  75|0x00000000e4b00000, 0x00000000e4b00000, 0x00000000e4c00000|  0%| F|  |TAMS 0x00000000e4b00000, 0x00000000e4b00000| Untracked 
|  76|0x00000000e4c00000, 0x00000000e4c00000, 0x00000000e4d00000|  0%| F|  |TAMS 0x00000000e4c00000, 0x00000000e4c00000| Untracked 
|  77|0x00000000e4d00000, 0x00000000e4d00000, 0x00000000e4e00000|  0%| F|  |TAMS 0x00000000e4d00000, 0x00000000e4d00000| Untracked 
|  78|0x00000000e4e00000, 0x00000000e4e00000, 0x00000000e4f00000|  0%| F|  |TAMS 0x00000000e4e00000, 0x00000000e4e00000| Untracked 
|  79|0x00000000e4f00000, 0x00000000e4f00000, 0x00000000e5000000|  0%| F|  |TAMS 0x00000000e4f00000, 0x00000000e4f00000| Untracked 
|  80|0x00000000e5000000, 0x00000000e5000000, 0x00000000e5100000|  0%| F|  |TAMS 0x00000000e5000000, 0x00000000e5000000| Untracked 
|  81|0x00000000e5100000, 0x00000000e5100000, 0x00000000e5200000|  0%| F|  |TAMS 0x00000000e5100000, 0x00000000e5100000| Untracked 
|  82|0x00000000e5200000, 0x00000000e5200000, 0x00000000e5300000|  0%| F|  |TAMS 0x00000000e5200000, 0x00000000e5200000| Untracked 
|  83|0x00000000e5300000, 0x00000000e5300000, 0x00000000e5400000|  0%| F|  |TAMS 0x00000000e5300000, 0x00000000e5300000| Untracked 
|  84|0x00000000e5400000, 0x00000000e5400000, 0x00000000e5500000|  0%| F|  |TAMS 0x00000000e5400000, 0x00000000e5400000| Untracked 
|  85|0x00000000e5500000, 0x00000000e5500000, 0x00000000e5600000|  0%| F|  |TAMS 0x00000000e5500000, 0x00000000e5500000| Untracked 
|  86|0x00000000e5600000, 0x00000000e5600000, 0x00000000e5700000|  0%| F|  |TAMS 0x00000000e5600000, 0x00000000e5600000| Untracked 
|  87|0x00000000e5700000, 0x00000000e5700000, 0x00000000e5800000|  0%| F|  |TAMS 0x00000000e5700000, 0x00000000e5700000| Untracked 
|  88|0x00000000e5800000, 0x00000000e5800000, 0x00000000e5900000|  0%| F|  |TAMS 0x00000000e5800000, 0x00000000e5800000| Untracked 
|  89|0x00000000e5900000, 0x00000000e5900000, 0x00000000e5a00000|  0%| F|  |TAMS 0x00000000e5900000, 0x00000000e5900000| Untracked 
|  90|0x00000000e5a00000, 0x00000000e5a00000, 0x00000000e5b00000|  0%| F|  |TAMS 0x00000000e5a00000, 0x00000000e5a00000| Untracked 
|  91|0x00000000e5b00000, 0x00000000e5b00000, 0x00000000e5c00000|  0%| F|  |TAMS 0x00000000e5b00000, 0x00000000e5b00000| Untracked 
|  92|0x00000000e5c00000, 0x00000000e5c00000, 0x00000000e5d00000|  0%| F|  |TAMS 0x00000000e5c00000, 0x00000000e5c00000| Untracked 
|  93|0x00000000e5d00000, 0x00000000e5d00000, 0x00000000e5e00000|  0%| F|  |TAMS 0x00000000e5d00000, 0x00000000e5d00000| Untracked 
|  94|0x00000000e5e00000, 0x00000000e5e00000, 0x00000000e5f00000|  0%| F|  |TAMS 0x00000000e5e00000, 0x00000000e5e00000| Untracked 
|  95|0x00000000e5f00000, 0x00000000e5f00000, 0x00000000e6000000|  0%| F|  |TAMS 0x00000000e5f00000, 0x00000000e5f00000| Untracked 
|  96|0x00000000e6000000, 0x00000000e6000000, 0x00000000e6100000|  0%| F|  |TAMS 0x00000000e6000000, 0x00000000e6000000| Untracked 
|  97|0x00000000e6100000, 0x00000000e6100000, 0x00000000e6200000|  0%| F|  |TAMS 0x00000000e6100000, 0x00000000e6100000| Untracked 
|  98|0x00000000e6200000, 0x00000000e6200000, 0x00000000e6300000|  0%| F|  |TAMS 0x00000000e6200000, 0x00000000e6200000| Untracked 
|  99|0x00000000e6300000, 0x00000000e6300000, 0x00000000e6400000|  0%| F|  |TAMS 0x00000000e6300000, 0x00000000e6300000| Untracked 
| 100|0x00000000e6400000, 0x00000000e6400000, 0x00000000e6500000|  0%| F|  |TAMS 0x00000000e6400000, 0x00000000e6400000| Untracked 
| 101|0x00000000e6500000, 0x00000000e6500000, 0x00000000e6600000|  0%| F|  |TAMS 0x00000000e6500000, 0x00000000e6500000| Untracked 
| 102|0x00000000e6600000, 0x00000000e6600000, 0x00000000e6700000|  0%| F|  |TAMS 0x00000000e6600000, 0x00000000e6600000| Untracked 
| 103|0x00000000e6700000, 0x00000000e6700000, 0x00000000e6800000|  0%| F|  |TAMS 0x00000000e6700000, 0x00000000e6700000| Untracked 
| 104|0x00000000e6800000, 0x00000000e6800000, 0x00000000e6900000|  0%| F|  |TAMS 0x00000000e6800000, 0x00000000e6800000| Untracked 
| 105|0x00000000e6900000, 0x00000000e6900000, 0x00000000e6a00000|  0%| F|  |TAMS 0x00000000e6900000, 0x00000000e6900000| Untracked 
| 106|0x00000000e6a00000, 0x00000000e6a00000, 0x00000000e6b00000|  0%| F|  |TAMS 0x00000000e6a00000, 0x00000000e6a00000| Untracked 
| 107|0x00000000e6b00000, 0x00000000e6b00000, 0x00000000e6c00000|  0%| F|  |TAMS 0x00000000e6b00000, 0x00000000e6b00000| Untracked 
| 108|0x00000000e6c00000, 0x00000000e6c00000, 0x00000000e6d00000|  0%| F|  |TAMS 0x00000000e6c00000, 0x00000000e6c00000| Untracked 
| 109|0x00000000e6d00000, 0x00000000e6d00000, 0x00000000e6e00000|  0%| F|  |TAMS 0x00000000e6d00000, 0x00000000e6d00000| Untracked 
| 110|0x00000000e6e00000, 0x00000000e6e00000, 0x00000000e6f00000|  0%| F|  |TAMS 0x00000000e6e00000, 0x00000000e6e00000| Untracked 
| 111|0x00000000e6f00000, 0x00000000e6f00000, 0x00000000e7000000|  0%| F|  |TAMS 0x00000000e6f00000, 0x00000000e6f00000| Untracked 
| 112|0x00000000e7000000, 0x00000000e7000000, 0x00000000e7100000|  0%| F|  |TAMS 0x00000000e7000000, 0x00000000e7000000| Untracked 
| 113|0x00000000e7100000, 0x00000000e7100000, 0x00000000e7200000|  0%| F|  |TAMS 0x00000000e7100000, 0x00000000e7100000| Untracked 
| 114|0x00000000e7200000, 0x00000000e7200000, 0x00000000e7300000|  0%| F|  |TAMS 0x00000000e7200000, 0x00000000e7200000| Untracked 
| 115|0x00000000e7300000, 0x00000000e7300000, 0x00000000e7400000|  0%| F|  |TAMS 0x00000000e7300000, 0x00000000e7300000| Untracked 
| 116|0x00000000e7400000, 0x00000000e7400000, 0x00000000e7500000|  0%| F|  |TAMS 0x00000000e7400000, 0x00000000e7400000| Untracked 
| 117|0x00000000e7500000, 0x00000000e7500000, 0x00000000e7600000|  0%| F|  |TAMS 0x00000000e7500000, 0x00000000e7500000| Untracked 
| 118|0x00000000e7600000, 0x00000000e7600000, 0x00000000e7700000|  0%| F|  |TAMS 0x00000000e7600000, 0x00000000e7600000| Untracked 
| 119|0x00000000e7700000, 0x00000000e7700000, 0x00000000e7800000|  0%| F|  |TAMS 0x00000000e7700000, 0x00000000e7700000| Untracked 
| 120|0x00000000e7800000, 0x00000000e7800000, 0x00000000e7900000|  0%| F|  |TAMS 0x00000000e7800000, 0x00000000e7800000| Untracked 
| 121|0x00000000e7900000, 0x00000000e7900000, 0x00000000e7a00000|  0%| F|  |TAMS 0x00000000e7900000, 0x00000000e7900000| Untracked 
| 122|0x00000000e7a00000, 0x00000000e7a00000, 0x00000000e7b00000|  0%| F|  |TAMS 0x00000000e7a00000, 0x00000000e7a00000| Untracked 
| 123|0x00000000e7b00000, 0x00000000e7b00000, 0x00000000e7c00000|  0%| F|  |TAMS 0x00000000e7b00000, 0x00000000e7b00000| Untracked 
| 124|0x00000000e7c00000, 0x00000000e7c00000, 0x00000000e7d00000|  0%| F|  |TAMS 0x00000000e7c00000, 0x00000000e7c00000| Untracked 
| 125|0x00000000e7d00000, 0x00000000e7d00000, 0x00000000e7e00000|  0%| F|  |TAMS 0x00000000e7d00000, 0x00000000e7d00000| Untracked 
| 126|0x00000000e7e00000, 0x00000000e7e5b8c0, 0x00000000e7f00000| 35%| S|CS|TAMS 0x00000000e7e00000, 0x00000000e7e00000| Complete 
| 127|0x00000000e7f00000, 0x00000000e8000000, 0x00000000e8000000|100%| S|CS|TAMS 0x00000000e7f00000, 0x00000000e7f00000| Complete 
| 128|0x00000000e8000000, 0x00000000e8100000, 0x00000000e8100000|100%| S|CS|TAMS 0x00000000e8000000, 0x00000000e8000000| Complete 
| 129|0x00000000e8100000, 0x00000000e8200000, 0x00000000e8200000|100%| S|CS|TAMS 0x00000000e8100000, 0x00000000e8100000| Complete 
| 130|0x00000000e8200000, 0x00000000e8300000, 0x00000000e8300000|100%| S|CS|TAMS 0x00000000e8200000, 0x00000000e8200000| Complete 
| 131|0x00000000e8300000, 0x00000000e8400000, 0x00000000e8400000|100%| S|CS|TAMS 0x00000000e8300000, 0x00000000e8300000| Complete 
| 132|0x00000000e8400000, 0x00000000e8500000, 0x00000000e8500000|100%| S|CS|TAMS 0x00000000e8400000, 0x00000000e8400000| Complete 
| 133|0x00000000e8500000, 0x00000000e8600000, 0x00000000e8600000|100%| S|CS|TAMS 0x00000000e8500000, 0x00000000e8500000| Complete 
| 134|0x00000000e8600000, 0x00000000e8700000, 0x00000000e8700000|100%| S|CS|TAMS 0x00000000e8600000, 0x00000000e8600000| Complete 
| 135|0x00000000e8700000, 0x00000000e8800000, 0x00000000e8800000|100%| S|CS|TAMS 0x00000000e8700000, 0x00000000e8700000| Complete 
| 136|0x00000000e8800000, 0x00000000e8800000, 0x00000000e8900000|  0%| F|  |TAMS 0x00000000e8800000, 0x00000000e8800000| Untracked 
| 137|0x00000000e8900000, 0x00000000e8900000, 0x00000000e8a00000|  0%| F|  |TAMS 0x00000000e8900000, 0x00000000e8900000| Untracked 
| 138|0x00000000e8a00000, 0x00000000e8a00000, 0x00000000e8b00000|  0%| F|  |TAMS 0x00000000e8a00000, 0x00000000e8a00000| Untracked 
| 139|0x00000000e8b00000, 0x00000000e8b00000, 0x00000000e8c00000|  0%| F|  |TAMS 0x00000000e8b00000, 0x00000000e8b00000| Untracked 
| 140|0x00000000e8c00000, 0x00000000e8c00000, 0x00000000e8d00000|  0%| F|  |TAMS 0x00000000e8c00000, 0x00000000e8c00000| Untracked 
| 141|0x00000000e8d00000, 0x00000000e8d00000, 0x00000000e8e00000|  0%| F|  |TAMS 0x00000000e8d00000, 0x00000000e8d00000| Untracked 
| 142|0x00000000e8e00000, 0x00000000e8e00000, 0x00000000e8f00000|  0%| F|  |TAMS 0x00000000e8e00000, 0x00000000e8e00000| Untracked 
| 143|0x00000000e8f00000, 0x00000000e8f00000, 0x00000000e9000000|  0%| F|  |TAMS 0x00000000e8f00000, 0x00000000e8f00000| Untracked 
| 144|0x00000000e9000000, 0x00000000e9000000, 0x00000000e9100000|  0%| F|  |TAMS 0x00000000e9000000, 0x00000000e9000000| Untracked 
| 145|0x00000000e9100000, 0x00000000e9100000, 0x00000000e9200000|  0%| F|  |TAMS 0x00000000e9100000, 0x00000000e9100000| Untracked 
| 146|0x00000000e9200000, 0x00000000e9200000, 0x00000000e9300000|  0%| F|  |TAMS 0x00000000e9200000, 0x00000000e9200000| Untracked 
| 147|0x00000000e9300000, 0x00000000e9300000, 0x00000000e9400000|  0%| F|  |TAMS 0x00000000e9300000, 0x00000000e9300000| Untracked 
| 148|0x00000000e9400000, 0x00000000e9400000, 0x00000000e9500000|  0%| F|  |TAMS 0x00000000e9400000, 0x00000000e9400000| Untracked 
| 149|0x00000000e9500000, 0x00000000e9500000, 0x00000000e9600000|  0%| F|  |TAMS 0x00000000e9500000, 0x00000000e9500000| Untracked 
| 150|0x00000000e9600000, 0x00000000e9600000, 0x00000000e9700000|  0%| F|  |TAMS 0x00000000e9600000, 0x00000000e9600000| Untracked 
| 151|0x00000000e9700000, 0x00000000e9700000, 0x00000000e9800000|  0%| F|  |TAMS 0x00000000e9700000, 0x00000000e9700000| Untracked 
| 152|0x00000000e9800000, 0x00000000e9800000, 0x00000000e9900000|  0%| F|  |TAMS 0x00000000e9800000, 0x00000000e9800000| Untracked 
| 153|0x00000000e9900000, 0x00000000e9900000, 0x00000000e9a00000|  0%| F|  |TAMS 0x00000000e9900000, 0x00000000e9900000| Untracked 
| 154|0x00000000e9a00000, 0x00000000e9a00000, 0x00000000e9b00000|  0%| F|  |TAMS 0x00000000e9a00000, 0x00000000e9a00000| Untracked 
| 155|0x00000000e9b00000, 0x00000000e9b00000, 0x00000000e9c00000|  0%| F|  |TAMS 0x00000000e9b00000, 0x00000000e9b00000| Untracked 
| 156|0x00000000e9c00000, 0x00000000e9c00000, 0x00000000e9d00000|  0%| F|  |TAMS 0x00000000e9c00000, 0x00000000e9c00000| Untracked 
| 157|0x00000000e9d00000, 0x00000000e9d00000, 0x00000000e9e00000|  0%| F|  |TAMS 0x00000000e9d00000, 0x00000000e9d00000| Untracked 
| 158|0x00000000e9e00000, 0x00000000e9e00000, 0x00000000e9f00000|  0%| F|  |TAMS 0x00000000e9e00000, 0x00000000e9e00000| Untracked 
| 159|0x00000000e9f00000, 0x00000000e9f00000, 0x00000000ea000000|  0%| F|  |TAMS 0x00000000e9f00000, 0x00000000e9f00000| Untracked 
| 160|0x00000000ea000000, 0x00000000ea000000, 0x00000000ea100000|  0%| F|  |TAMS 0x00000000ea000000, 0x00000000ea000000| Untracked 
| 161|0x00000000ea100000, 0x00000000ea100000, 0x00000000ea200000|  0%| F|  |TAMS 0x00000000ea100000, 0x00000000ea100000| Untracked 
| 162|0x00000000ea200000, 0x00000000ea200000, 0x00000000ea300000|  0%| F|  |TAMS 0x00000000ea200000, 0x00000000ea200000| Untracked 
| 163|0x00000000ea300000, 0x00000000ea300000, 0x00000000ea400000|  0%| F|  |TAMS 0x00000000ea300000, 0x00000000ea300000| Untracked 
| 164|0x00000000ea400000, 0x00000000ea400000, 0x00000000ea500000|  0%| F|  |TAMS 0x00000000ea400000, 0x00000000ea400000| Untracked 
| 165|0x00000000ea500000, 0x00000000ea500000, 0x00000000ea600000|  0%| F|  |TAMS 0x00000000ea500000, 0x00000000ea500000| Untracked 
| 166|0x00000000ea600000, 0x00000000ea600000, 0x00000000ea700000|  0%| F|  |TAMS 0x00000000ea600000, 0x00000000ea600000| Untracked 
| 167|0x00000000ea700000, 0x00000000ea700000, 0x00000000ea800000|  0%| F|  |TAMS 0x00000000ea700000, 0x00000000ea700000| Untracked 
| 168|0x00000000ea800000, 0x00000000ea800000, 0x00000000ea900000|  0%| F|  |TAMS 0x00000000ea800000, 0x00000000ea800000| Untracked 
| 169|0x00000000ea900000, 0x00000000ea900000, 0x00000000eaa00000|  0%| F|  |TAMS 0x00000000ea900000, 0x00000000ea900000| Untracked 
| 170|0x00000000eaa00000, 0x00000000eaa00000, 0x00000000eab00000|  0%| F|  |TAMS 0x00000000eaa00000, 0x00000000eaa00000| Untracked 
| 171|0x00000000eab00000, 0x00000000eab00000, 0x00000000eac00000|  0%| F|  |TAMS 0x00000000eab00000, 0x00000000eab00000| Untracked 
| 172|0x00000000eac00000, 0x00000000eac00000, 0x00000000ead00000|  0%| F|  |TAMS 0x00000000eac00000, 0x00000000eac00000| Untracked 
| 173|0x00000000ead00000, 0x00000000ead00000, 0x00000000eae00000|  0%| F|  |TAMS 0x00000000ead00000, 0x00000000ead00000| Untracked 
| 174|0x00000000eae00000, 0x00000000eae00000, 0x00000000eaf00000|  0%| F|  |TAMS 0x00000000eae00000, 0x00000000eae00000| Untracked 
| 175|0x00000000eaf00000, 0x00000000eaf00000, 0x00000000eb000000|  0%| F|  |TAMS 0x00000000eaf00000, 0x00000000eaf00000| Untracked 
| 176|0x00000000eb000000, 0x00000000eb000000, 0x00000000eb100000|  0%| F|  |TAMS 0x00000000eb000000, 0x00000000eb000000| Untracked 
| 177|0x00000000eb100000, 0x00000000eb100000, 0x00000000eb200000|  0%| F|  |TAMS 0x00000000eb100000, 0x00000000eb100000| Untracked 
| 178|0x00000000eb200000, 0x00000000eb200000, 0x00000000eb300000|  0%| F|  |TAMS 0x00000000eb200000, 0x00000000eb200000| Untracked 
| 179|0x00000000eb300000, 0x00000000eb300000, 0x00000000eb400000|  0%| F|  |TAMS 0x00000000eb300000, 0x00000000eb300000| Untracked 
| 180|0x00000000eb400000, 0x00000000eb400000, 0x00000000eb500000|  0%| F|  |TAMS 0x00000000eb400000, 0x00000000eb400000| Untracked 
| 181|0x00000000eb500000, 0x00000000eb500000, 0x00000000eb600000|  0%| F|  |TAMS 0x00000000eb500000, 0x00000000eb500000| Untracked 
| 182|0x00000000eb600000, 0x00000000eb600000, 0x00000000eb700000|  0%| F|  |TAMS 0x00000000eb600000, 0x00000000eb600000| Untracked 
| 183|0x00000000eb700000, 0x00000000eb700000, 0x00000000eb800000|  0%| F|  |TAMS 0x00000000eb700000, 0x00000000eb700000| Untracked 
| 184|0x00000000eb800000, 0x00000000eb800000, 0x00000000eb900000|  0%| F|  |TAMS 0x00000000eb800000, 0x00000000eb800000| Untracked 
| 185|0x00000000eb900000, 0x00000000eb900000, 0x00000000eba00000|  0%| F|  |TAMS 0x00000000eb900000, 0x00000000eb900000| Untracked 
| 186|0x00000000eba00000, 0x00000000eba00000, 0x00000000ebb00000|  0%| F|  |TAMS 0x00000000eba00000, 0x00000000eba00000| Untracked 
| 187|0x00000000ebb00000, 0x00000000ebb00000, 0x00000000ebc00000|  0%| F|  |TAMS 0x00000000ebb00000, 0x00000000ebb00000| Untracked 
| 188|0x00000000ebc00000, 0x00000000ebc00000, 0x00000000ebd00000|  0%| F|  |TAMS 0x00000000ebc00000, 0x00000000ebc00000| Untracked 
| 189|0x00000000ebd00000, 0x00000000ebd00000, 0x00000000ebe00000|  0%| F|  |TAMS 0x00000000ebd00000, 0x00000000ebd00000| Untracked 
| 190|0x00000000ebe00000, 0x00000000ebe00000, 0x00000000ebf00000|  0%| F|  |TAMS 0x00000000ebe00000, 0x00000000ebe00000| Untracked 
| 191|0x00000000ebf00000, 0x00000000ebf00000, 0x00000000ec000000|  0%| F|  |TAMS 0x00000000ebf00000, 0x00000000ebf00000| Untracked 
| 192|0x00000000ec000000, 0x00000000ec000000, 0x00000000ec100000|  0%| F|  |TAMS 0x00000000ec000000, 0x00000000ec000000| Untracked 
| 193|0x00000000ec100000, 0x00000000ec100000, 0x00000000ec200000|  0%| F|  |TAMS 0x00000000ec100000, 0x00000000ec100000| Untracked 
| 194|0x00000000ec200000, 0x00000000ec200000, 0x00000000ec300000|  0%| F|  |TAMS 0x00000000ec200000, 0x00000000ec200000| Untracked 
| 195|0x00000000ec300000, 0x00000000ec300000, 0x00000000ec400000|  0%| F|  |TAMS 0x00000000ec300000, 0x00000000ec300000| Untracked 
| 196|0x00000000ec400000, 0x00000000ec400000, 0x00000000ec500000|  0%| F|  |TAMS 0x00000000ec400000, 0x00000000ec400000| Untracked 
| 197|0x00000000ec500000, 0x00000000ec500000, 0x00000000ec600000|  0%| F|  |TAMS 0x00000000ec500000, 0x00000000ec500000| Untracked 
| 198|0x00000000ec600000, 0x00000000ec600000, 0x00000000ec700000|  0%| F|  |TAMS 0x00000000ec600000, 0x00000000ec600000| Untracked 
| 199|0x00000000ec700000, 0x00000000ec700000, 0x00000000ec800000|  0%| F|  |TAMS 0x00000000ec700000, 0x00000000ec700000| Untracked 
| 200|0x00000000ec800000, 0x00000000ec800000, 0x00000000ec900000|  0%| F|  |TAMS 0x00000000ec800000, 0x00000000ec800000| Untracked 
| 201|0x00000000ec900000, 0x00000000ec900000, 0x00000000eca00000|  0%| F|  |TAMS 0x00000000ec900000, 0x00000000ec900000| Untracked 
| 202|0x00000000eca00000, 0x00000000eca00000, 0x00000000ecb00000|  0%| F|  |TAMS 0x00000000eca00000, 0x00000000eca00000| Untracked 
| 203|0x00000000ecb00000, 0x00000000ecb00000, 0x00000000ecc00000|  0%| F|  |TAMS 0x00000000ecb00000, 0x00000000ecb00000| Untracked 
| 204|0x00000000ecc00000, 0x00000000ecc00000, 0x00000000ecd00000|  0%| F|  |TAMS 0x00000000ecc00000, 0x00000000ecc00000| Untracked 
| 205|0x00000000ecd00000, 0x00000000ecd00000, 0x00000000ece00000|  0%| F|  |TAMS 0x00000000ecd00000, 0x00000000ecd00000| Untracked 
| 206|0x00000000ece00000, 0x00000000ecebdf08, 0x00000000ecf00000| 74%| E|  |TAMS 0x00000000ece00000, 0x00000000ece00000| Complete 
| 207|0x00000000ecf00000, 0x00000000ed000000, 0x00000000ed000000|100%| E|CS|TAMS 0x00000000ecf00000, 0x00000000ecf00000| Complete 
| 208|0x00000000ed000000, 0x00000000ed100000, 0x00000000ed100000|100%| E|CS|TAMS 0x00000000ed000000, 0x00000000ed000000| Complete 
| 209|0x00000000ed100000, 0x00000000ed200000, 0x00000000ed200000|100%| E|CS|TAMS 0x00000000ed100000, 0x00000000ed100000| Complete 
| 210|0x00000000ed200000, 0x00000000ed300000, 0x00000000ed300000|100%| E|CS|TAMS 0x00000000ed200000, 0x00000000ed200000| Complete 
| 211|0x00000000ed300000, 0x00000000ed400000, 0x00000000ed400000|100%| E|CS|TAMS 0x00000000ed300000, 0x00000000ed300000| Complete 
| 212|0x00000000ed400000, 0x00000000ed500000, 0x00000000ed500000|100%| E|CS|TAMS 0x00000000ed400000, 0x00000000ed400000| Complete 
| 213|0x00000000ed500000, 0x00000000ed600000, 0x00000000ed600000|100%| E|CS|TAMS 0x00000000ed500000, 0x00000000ed500000| Complete 
| 214|0x00000000ed600000, 0x00000000ed700000, 0x00000000ed700000|100%| E|CS|TAMS 0x00000000ed600000, 0x00000000ed600000| Complete 
| 215|0x00000000ed700000, 0x00000000ed800000, 0x00000000ed800000|100%| E|CS|TAMS 0x00000000ed700000, 0x00000000ed700000| Complete 
| 216|0x00000000ed800000, 0x00000000ed900000, 0x00000000ed900000|100%| E|CS|TAMS 0x00000000ed800000, 0x00000000ed800000| Complete 
| 217|0x00000000ed900000, 0x00000000eda00000, 0x00000000eda00000|100%| E|CS|TAMS 0x00000000ed900000, 0x00000000ed900000| Complete 
| 218|0x00000000eda00000, 0x00000000edb00000, 0x00000000edb00000|100%| E|CS|TAMS 0x00000000eda00000, 0x00000000eda00000| Complete 
| 219|0x00000000edb00000, 0x00000000edc00000, 0x00000000edc00000|100%| E|CS|TAMS 0x00000000edb00000, 0x00000000edb00000| Complete 
| 220|0x00000000edc00000, 0x00000000edd00000, 0x00000000edd00000|100%| E|CS|TAMS 0x00000000edc00000, 0x00000000edc00000| Complete 
| 221|0x00000000edd00000, 0x00000000ede00000, 0x00000000ede00000|100%| E|CS|TAMS 0x00000000edd00000, 0x00000000edd00000| Complete 
| 222|0x00000000ede00000, 0x00000000edf00000, 0x00000000edf00000|100%| E|CS|TAMS 0x00000000ede00000, 0x00000000ede00000| Complete 
| 223|0x00000000edf00000, 0x00000000ee000000, 0x00000000ee000000|100%| E|CS|TAMS 0x00000000edf00000, 0x00000000edf00000| Complete 
| 224|0x00000000ee000000, 0x00000000ee100000, 0x00000000ee100000|100%| E|CS|TAMS 0x00000000ee000000, 0x00000000ee000000| Complete 
| 225|0x00000000ee100000, 0x00000000ee200000, 0x00000000ee200000|100%| E|CS|TAMS 0x00000000ee100000, 0x00000000ee100000| Complete 
| 226|0x00000000ee200000, 0x00000000ee300000, 0x00000000ee300000|100%| E|CS|TAMS 0x00000000ee200000, 0x00000000ee200000| Complete 
| 227|0x00000000ee300000, 0x00000000ee400000, 0x00000000ee400000|100%| E|CS|TAMS 0x00000000ee300000, 0x00000000ee300000| Complete 
| 228|0x00000000ee400000, 0x00000000ee500000, 0x00000000ee500000|100%| E|  |TAMS 0x00000000ee400000, 0x00000000ee400000| Complete 
| 229|0x00000000ee500000, 0x00000000ee600000, 0x00000000ee600000|100%| E|CS|TAMS 0x00000000ee500000, 0x00000000ee500000| Complete 
| 230|0x00000000ee600000, 0x00000000ee700000, 0x00000000ee700000|100%| E|CS|TAMS 0x00000000ee600000, 0x00000000ee600000| Complete 
| 231|0x00000000ee700000, 0x00000000ee800000, 0x00000000ee800000|100%| E|CS|TAMS 0x00000000ee700000, 0x00000000ee700000| Complete 
| 232|0x00000000ee800000, 0x00000000ee900000, 0x00000000ee900000|100%| E|CS|TAMS 0x00000000ee800000, 0x00000000ee800000| Complete 
| 233|0x00000000ee900000, 0x00000000eea00000, 0x00000000eea00000|100%| E|CS|TAMS 0x00000000ee900000, 0x00000000ee900000| Complete 
| 234|0x00000000eea00000, 0x00000000eeb00000, 0x00000000eeb00000|100%| E|CS|TAMS 0x00000000eea00000, 0x00000000eea00000| Complete 
| 235|0x00000000eeb00000, 0x00000000eec00000, 0x00000000eec00000|100%| E|CS|TAMS 0x00000000eeb00000, 0x00000000eeb00000| Complete 
| 236|0x00000000eec00000, 0x00000000eed00000, 0x00000000eed00000|100%| E|CS|TAMS 0x00000000eec00000, 0x00000000eec00000| Complete 
| 237|0x00000000eed00000, 0x00000000eee00000, 0x00000000eee00000|100%| E|CS|TAMS 0x00000000eed00000, 0x00000000eed00000| Complete 
| 238|0x00000000eee00000, 0x00000000eef00000, 0x00000000eef00000|100%| E|CS|TAMS 0x00000000eee00000, 0x00000000eee00000| Complete 
| 239|0x00000000eef00000, 0x00000000ef000000, 0x00000000ef000000|100%| E|CS|TAMS 0x00000000eef00000, 0x00000000eef00000| Complete 
| 240|0x00000000ef000000, 0x00000000ef100000, 0x00000000ef100000|100%| E|CS|TAMS 0x00000000ef000000, 0x00000000ef000000| Complete 
| 241|0x00000000ef100000, 0x00000000ef200000, 0x00000000ef200000|100%| E|CS|TAMS 0x00000000ef100000, 0x00000000ef100000| Complete 
| 242|0x00000000ef200000, 0x00000000ef300000, 0x00000000ef300000|100%| E|CS|TAMS 0x00000000ef200000, 0x00000000ef200000| Complete 
| 243|0x00000000ef300000, 0x00000000ef400000, 0x00000000ef400000|100%| E|CS|TAMS 0x00000000ef300000, 0x00000000ef300000| Complete 
| 244|0x00000000ef400000, 0x00000000ef500000, 0x00000000ef500000|100%| E|CS|TAMS 0x00000000ef400000, 0x00000000ef400000| Complete 
| 245|0x00000000ef500000, 0x00000000ef600000, 0x00000000ef600000|100%| E|CS|TAMS 0x00000000ef500000, 0x00000000ef500000| Complete 
| 246|0x00000000ef600000, 0x00000000ef700000, 0x00000000ef700000|100%| E|CS|TAMS 0x00000000ef600000, 0x00000000ef600000| Complete 
| 247|0x00000000ef700000, 0x00000000ef800000, 0x00000000ef800000|100%| E|CS|TAMS 0x00000000ef700000, 0x00000000ef700000| Complete 
| 248|0x00000000ef800000, 0x00000000ef900000, 0x00000000ef900000|100%| E|CS|TAMS 0x00000000ef800000, 0x00000000ef800000| Complete 
| 249|0x00000000ef900000, 0x00000000efa00000, 0x00000000efa00000|100%| E|CS|TAMS 0x00000000ef900000, 0x00000000ef900000| Complete 
| 250|0x00000000efa00000, 0x00000000efb00000, 0x00000000efb00000|100%| E|CS|TAMS 0x00000000efa00000, 0x00000000efa00000| Complete 
| 251|0x00000000efb00000, 0x00000000efc00000, 0x00000000efc00000|100%| E|CS|TAMS 0x00000000efb00000, 0x00000000efb00000| Complete 
| 252|0x00000000efc00000, 0x00000000efd00000, 0x00000000efd00000|100%| E|CS|TAMS 0x00000000efc00000, 0x00000000efc00000| Complete 
| 253|0x00000000efd00000, 0x00000000efe00000, 0x00000000efe00000|100%| E|CS|TAMS 0x00000000efd00000, 0x00000000efd00000| Complete 
| 254|0x00000000efe00000, 0x00000000eff00000, 0x00000000eff00000|100%| E|CS|TAMS 0x00000000efe00000, 0x00000000efe00000| Complete 
| 255|0x00000000eff00000, 0x00000000f0000000, 0x00000000f0000000|100%| E|CS|TAMS 0x00000000eff00000, 0x00000000eff00000| Complete 

Card table byte_map: [0x0000026776ee0000,0x0000026776fe0000] _byte_map_base: 0x00000267767e0000

Marking Bits (Prev, Next): (CMBitMap*) 0x000002676e325bf8, (CMBitMap*) 0x000002676e325bb8
 Prev Bits: [0x00000267778e0000, 0x00000267780e0000)
 Next Bits: [0x00000267770e0000, 0x00000267778e0000)

Polling page: 0x000002676c260000

Metaspace:

Usage:
  Non-class:     25.35 MB capacity,    24.90 MB ( 98%) used,   410.34 KB (  2%) free+waste,    54.69 KB ( <1%) overhead. 
      Class:      4.20 MB capacity,     3.95 MB ( 94%) used,   219.66 KB (  5%) free+waste,    27.81 KB ( <1%) overhead. 
       Both:     29.55 MB capacity,    28.85 MB ( 98%) used,   630.00 KB (  2%) free+waste,    82.50 KB ( <1%) overhead. 

Virtual space:
  Non-class space:       26.00 MB reserved,      25.42 MB ( 98%) committed 
      Class space:      248.00 MB reserved,       4.32 MB (  2%) committed 
             Both:      274.00 MB reserved,      29.75 MB ( 11%) committed 

Chunk freelists:
   Non-Class:  10.00 KB
       Class:  23.00 KB
        Both:  33.00 KB

MaxMetaspaceSize: 256.00 MB
CompressedClassSpaceSize: 248.00 MB

CodeHeap 'non-profiled nmethods': size=120000Kb used=1644Kb max_used=1644Kb free=118355Kb
 bounds [0x0000026707ad0000, 0x0000026707d40000, 0x000002670f000000]
CodeHeap 'profiled nmethods': size=120000Kb used=6397Kb max_used=6397Kb free=113602Kb
 bounds [0x00000267005a0000, 0x0000026700be0000, 0x0000026707ad0000]
CodeHeap 'non-nmethods': size=5760Kb used=2304Kb max_used=2359Kb free=3456Kb
 bounds [0x0000026700000000, 0x0000026700270000, 0x00000267005a0000]
 total_blobs=4708 nmethods=2898 adapters=686
 compilation: enabled
              stopped_count=0, restarted_count=0
 full_count=0

Compilation events (20 events):
Event: 2.994 Thread 0x000002677ab54000 2882       3       java.lang.reflect.Proxy$ProxyBuilder::addElementTypes (33 bytes)
Event: 2.994 Thread 0x000002677ab54000 nmethod 2882 0x0000026700bd5210 code [0x0000026700bd5420, 0x0000026700bd5b08]
Event: 2.994 Thread 0x000002677ab54000 2884       3       jdk.internal.org.objectweb.asm.Frame::setInputFrameFromDescriptor (175 bytes)
Event: 2.996 Thread 0x000002677ab54000 nmethod 2884 0x0000026700bd5e10 code [0x0000026700bd6020, 0x0000026700bd6838]
Event: 2.996 Thread 0x000002677ab54000 2885       3       com.google.common.reflect.TypeResolver$TypeVariableKey::equalsTypeVariable (48 bytes)
Event: 2.996 Thread 0x000002677ab54000 nmethod 2885 0x0000026700bd6c10 code [0x0000026700bd6e20, 0x0000026700bd7438]
Event: 2.996 Thread 0x000002677ab54000 2887       3       org.gradle.internal.reflect.PropertyAccessorType::of (95 bytes)
Event: 2.998 Thread 0x000002677ab54000 nmethod 2887 0x0000026700bd7610 code [0x0000026700bd7920, 0x0000026700bd8e98]
Event: 2.998 Thread 0x000002677ab54000 2889       3       org.gradle.internal.reflect.PropertyAccessorType::takesSingleParameter (14 bytes)
Event: 2.998 Thread 0x000002677ab54000 nmethod 2889 0x0000026700bd9490 code [0x0000026700bd9640, 0x0000026700bd97f8]
Event: 2.998 Thread 0x000002677ab54000 2886       3       org.gradle.internal.reflect.PropertyAccessorType::isGetGetterName (23 bytes)
Event: 2.998 Thread 0x000002677ab54000 nmethod 2886 0x0000026700bd9910 code [0x0000026700bd9ae0, 0x0000026700bd9e08]
Event: 2.998 Thread 0x000002677ab54000 2888       3       org.gradle.internal.reflect.PropertyAccessorType::isIsGetterName (23 bytes)
Event: 2.998 Thread 0x000002677ab54000 nmethod 2888 0x0000026700bd9f90 code [0x0000026700bda160, 0x0000026700bda488]
Event: 2.998 Thread 0x000002677ab54000 2890       3       org.gradle.internal.reflect.PropertyAccessorType::isSetterName (23 bytes)
Event: 2.998 Thread 0x000002677ab54000 nmethod 2890 0x0000026700bda610 code [0x0000026700bda7e0, 0x0000026700bdab08]
Event: 2.998 Thread 0x000002677ab54000 2883       3       jdk.internal.org.objectweb.asm.Frame::addInitializedType (77 bytes)
Event: 2.999 Thread 0x000002677ab54000 nmethod 2883 0x0000026700bdac90 code [0x0000026700bdae60, 0x0000026700bdb3c8]
Event: 2.999 Thread 0x000002677ab54000 2881       1       java.lang.reflect.Method::getSharedExceptionTypes (5 bytes)
Event: 2.999 Thread 0x000002677ab54000 nmethod 2881 0x0000026707c6a490 code [0x0000026707c6a620, 0x0000026707c6a6f8]

GC Heap History (6 events):
Event: 0.551 GC heap before
{Heap before GC invocations=0 (full 0):
 garbage-first heap   total 262144K, used 29696K [0x00000000e0000000, 0x0000000100000000)
  region size 1024K, 23 young (23552K), 0 survivors (0K)
 Metaspace       used 3812K, capacity 6586K, committed 6784K, reserved 262144K
  class space    used 502K, capacity 770K, committed 896K, reserved 253952K
}
Event: 0.554 GC heap after
{Heap after GC invocations=1 (full 0):
 garbage-first heap   total 262144K, used 8769K [0x00000000e0000000, 0x0000000100000000)
  region size 1024K, 3 young (3072K), 3 survivors (3072K)
 Metaspace       used 3812K, capacity 6586K, committed 6784K, reserved 262144K
  class space    used 502K, capacity 770K, committed 896K, reserved 253952K
}
Event: 0.811 GC heap before
{Heap before GC invocations=1 (full 0):
 garbage-first heap   total 262144K, used 36417K [0x00000000e0000000, 0x0000000100000000)
  region size 1024K, 31 young (31744K), 3 survivors (3072K)
 Metaspace       used 4111K, capacity 6654K, committed 6784K, reserved 262144K
  class space    used 517K, capacity 771K, committed 896K, reserved 253952K
}
Event: 0.814 GC heap after
{Heap after GC invocations=2 (full 0):
 garbage-first heap   total 262144K, used 13193K [0x00000000e0000000, 0x0000000100000000)
  region size 1024K, 4 young (4096K), 4 survivors (4096K)
 Metaspace       used 4111K, capacity 6654K, committed 6784K, reserved 262144K
  class space    used 517K, capacity 771K, committed 896K, reserved 253952K
}
Event: 2.302 GC heap before
{Heap before GC invocations=2 (full 0):
 garbage-first heap   total 262144K, used 131977K [0x00000000e0000000, 0x0000000100000000)
  region size 1024K, 120 young (122880K), 4 survivors (4096K)
 Metaspace       used 20580K, capacity 21198K, committed 21296K, reserved 272384K
  class space    used 3014K, capacity 3199K, committed 3200K, reserved 253952K
}
Event: 2.308 GC heap after
{Heap after GC invocations=3 (full 0):
 garbage-first heap   total 262144K, used 18679K [0x00000000e0000000, 0x0000000100000000)
  region size 1024K, 10 young (10240K), 10 survivors (10240K)
 Metaspace       used 20580K, capacity 21198K, committed 21296K, reserved 272384K
  class space    used 3014K, capacity 3199K, committed 3200K, reserved 253952K
}

Deoptimization events (20 events):
Event: 2.762 Thread 0x000002677d1d4000 DEOPT PACKING pc=0x0000026707c38804 sp=0x000000a9c4bfb840
Event: 2.762 Thread 0x000002677d1d4000 DEOPT UNPACKING pc=0x000002670004912f sp=0x000000a9c4bfb7c0 mode 2
Event: 2.822 Thread 0x000002677d1d4000 Uncommon trap: trap_request=0xffffff45 fr.pc=0x0000026707c30c6c relative=0x000000000000012c
Event: 2.822 Thread 0x000002677d1d4000 Uncommon trap: reason=unstable_if action=reinterpret pc=0x0000026707c30c6c method=java.util.Arrays.hashCode([Ljava/lang/Object;)I @ 34 c2
Event: 2.822 Thread 0x000002677d1d4000 DEOPT PACKING pc=0x0000026707c30c6c sp=0x000000a9c4bfc580
Event: 2.823 Thread 0x000002677d1d4000 DEOPT UNPACKING pc=0x000002670004912f sp=0x000000a9c4bfc4f8 mode 2
Event: 2.926 Thread 0x000002677d1d4000 Uncommon trap: trap_request=0xffffff45 fr.pc=0x0000026707c312cc relative=0x00000000000002ec
Event: 2.926 Thread 0x000002677d1d4000 Uncommon trap: reason=unstable_if action=reinterpret pc=0x0000026707c312cc method=java.util.HashMap.getNode(ILjava/lang/Object;)Ljava/util/HashMap$Node; @ 53 c2
Event: 2.926 Thread 0x000002677d1d4000 DEOPT PACKING pc=0x0000026707c312cc sp=0x000000a9c4bf9220
Event: 2.926 Thread 0x000002677d1d4000 DEOPT UNPACKING pc=0x000002670004912f sp=0x000000a9c4bf9140 mode 2
Event: 2.926 Thread 0x000002677d1d4000 Uncommon trap: trap_request=0xffffff45 fr.pc=0x0000026707afb184 relative=0x00000000000000e4
Event: 2.926 Thread 0x000002677d1d4000 Uncommon trap: reason=unstable_if action=reinterpret pc=0x0000026707afb184 method=java.util.HashMap.hash(Ljava/lang/Object;)I @ 1 c2
Event: 2.926 Thread 0x000002677d1d4000 DEOPT PACKING pc=0x0000026707afb184 sp=0x000000a9c4bf9230
Event: 2.926 Thread 0x000002677d1d4000 DEOPT UNPACKING pc=0x000002670004912f sp=0x000000a9c4bf9170 mode 2
Event: 2.957 Thread 0x000002677d1d4000 DEOPT PACKING pc=0x00000267006670ab sp=0x000000a9c4bfb1e0
Event: 2.958 Thread 0x000002677d1d4000 DEOPT UNPACKING pc=0x000002670004964e sp=0x000000a9c4bfa7d0 mode 0
Event: 2.990 Thread 0x000002677d1d4000 Uncommon trap: trap_request=0xffffff45 fr.pc=0x0000026707c5a2f0 relative=0x00000000000003d0
Event: 2.990 Thread 0x000002677d1d4000 Uncommon trap: reason=unstable_if action=reinterpret pc=0x0000026707c5a2f0 method=org.gradle.internal.reflect.PropertyAccessorType.isGetGetterName(Ljava/lang/String;)Z @ 14 c2
Event: 2.990 Thread 0x000002677d1d4000 DEOPT PACKING pc=0x0000026707c5a2f0 sp=0x000000a9c4bfaa50
Event: 2.990 Thread 0x000002677d1d4000 DEOPT UNPACKING pc=0x000002670004912f sp=0x000000a9c4bfa9b8 mode 2

Classes unloaded (0 events):
No events

Classes redefined (0 events):
No events

Internal exceptions (20 events):
Event: 2.661 Thread 0x000002677d1d4000 Exception <a 'java/lang/ClassNotFoundException'{0x00000000ee7d3a30}: groovy/lang/ClosureCustomizer> (0x00000000ee7d3a30) 
thrown [./open/src/hotspot/share/classfile/systemDictionary.cpp, line 226]
Event: 2.665 Thread 0x000002677d1d4000 Exception <a 'java/lang/ClassNotFoundException'{0x00000000ee607c70}: groovy/lang/Closure$1Customizer> (0x00000000ee607c70) 
thrown [./open/src/hotspot/share/classfile/systemDictionary.cpp, line 226]
Event: 2.703 Thread 0x000002677d1d4000 Exception <a 'java/lang/ClassNotFoundException'{0x00000000ee5bd988}: org/gradle/execution/taskgraph/DefaultTaskExecutionGraphBeanInfo> (0x00000000ee5bd988) 
thrown [./open/src/hotspot/share/classfile/systemDictionary.cpp, line 226]
Event: 2.704 Thread 0x000002677d1d4000 Exception <a 'java/lang/ClassNotFoundException'{0x00000000ee5da780}: org/gradle/execution/taskgraph/DefaultTaskExecutionGraphCustomizer> (0x00000000ee5da780) 
thrown [./open/src/hotspot/share/classfile/systemDictionary.cpp, line 226]
Event: 2.783 Thread 0x000002677d1d4000 Exception <a 'java/lang/ClassNotFoundException'{0x00000000ee0afd98}: settings_6hyu8dt54a391abf19fha14umBeanInfo> (0x00000000ee0afd98) 
thrown [./open/src/hotspot/share/classfile/systemDictionary.cpp, line 226]
Event: 2.783 Thread 0x000002677d1d4000 Exception <a 'java/lang/ClassNotFoundException'{0x00000000ee0beb20}: org/gradle/initialization/SettingsScriptBeanInfo> (0x00000000ee0beb20) 
thrown [./open/src/hotspot/share/classfile/systemDictionary.cpp, line 226]
Event: 2.783 Thread 0x000002677d1d4000 Exception <a 'java/lang/ClassNotFoundException'{0x00000000ee0ce4e8}: org/gradle/plugin/use/internal/PluginsAwareScriptBeanInfo> (0x00000000ee0ce4e8) 
thrown [./open/src/hotspot/share/classfile/systemDictionary.cpp, line 226]
Event: 2.784 Thread 0x000002677d1d4000 Exception <a 'java/lang/ClassNotFoundException'{0x00000000ee0de9e8}: org/gradle/plugin/use/internal/PluginsAwareScriptCustomizer> (0x00000000ee0de9e8) 
thrown [./open/src/hotspot/share/classfile/systemDictionary.cpp, line 226]
Event: 2.784 Thread 0x000002677d1d4000 Exception <a 'java/lang/ClassNotFoundException'{0x00000000ee0f4fd0}: org/gradle/initialization/SettingsScriptCustomizer> (0x00000000ee0f4fd0) 
thrown [./open/src/hotspot/share/classfile/systemDictionary.cpp, line 226]
Event: 2.785 Thread 0x000002677d1d4000 Exception <a 'java/lang/ClassNotFoundException'{0x00000000edf06190}: settings_6hyu8dt54a391abf19fha14umCustomizer> (0x00000000edf06190) 
thrown [./open/src/hotspot/share/classfile/systemDictionary.cpp, line 226]
Event: 2.792 Thread 0x000002677d1d4000 Exception <a 'java/lang/ClassNotFoundException'{0x00000000edf7ea18}: org/gradle/initialization/DefaultSettings_DecoratedBeanInfo> (0x00000000edf7ea18) 
thrown [./open/src/hotspot/share/classfile/systemDictionary.cpp, line 226]
Event: 2.793 Thread 0x000002677d1d4000 Exception <a 'java/lang/ClassNotFoundException'{0x00000000edf998d8}: org/gradle/initialization/DefaultSettingsBeanInfo> (0x00000000edf998d8) 
thrown [./open/src/hotspot/share/classfile/systemDictionary.cpp, line 226]
Event: 2.793 Thread 0x000002677d1d4000 Exception <a 'java/lang/ClassNotFoundException'{0x00000000edfb5208}: org/gradle/initialization/DefaultSettingsCustomizer> (0x00000000edfb5208) 
thrown [./open/src/hotspot/share/classfile/systemDictionary.cpp, line 226]
Event: 2.796 Thread 0x000002677d1d4000 Exception <a 'java/lang/ClassNotFoundException'{0x00000000edffa818}: org/gradle/initialization/DefaultSettings_DecoratedCustomizer> (0x00000000edffa818) 
thrown [./open/src/hotspot/share/classfile/systemDictionary.cpp, line 226]
Event: 2.804 Thread 0x000002677d1d4000 Exception <a 'java/lang/ClassNotFoundException'{0x00000000ede8ca48}: org/gradle/initialization/DefaultProjectDescriptorBeanInfo> (0x00000000ede8ca48) 
thrown [./open/src/hotspot/share/classfile/systemDictionary.cpp, line 226]
Event: 2.806 Thread 0x000002677d1d4000 Exception <a 'java/lang/ClassNotFoundException'{0x00000000edea8b60}: org/gradle/initialization/DefaultProjectDescriptorCustomizer> (0x00000000edea8b60) 
thrown [./open/src/hotspot/share/classfile/systemDictionary.cpp, line 226]
Event: 2.822 Thread 0x000002677d1d4000 Implicit null exception at 0x0000026707c30b8c to 0x0000026707c30c50
Event: 2.859 Thread 0x000002677d1d4000 Exception <a 'java/lang/NoSuchMethodError'{0x00000000edcef770}: 'void java.lang.invoke.DirectMethodHandle$Holder.invokeStatic(java.lang.Object, java.lang.Object, java.lang.Object, java.lang.Object)'> (0x00000000edcef770) 
thrown [./open/src/hotspot/share/interpreter/linkResolver.cpp, line 766]
Event: 2.922 Thread 0x000002677d1d4000 Exception <a 'java/lang/NoSuchMethodError'{0x00000000ed5bc8f8}: 'void java.lang.invoke.DirectMethodHandle$Holder.invokeSpecial(java.lang.Object, java.lang.Object, java.lang.Object, java.lang.Object)'> (0x00000000ed5bc8f8) 
thrown [./open/src/hotspot/share/interpreter/linkResolver.cpp, line 766]
Event: 2.926 Thread 0x000002677d1d4000 Implicit null exception at 0x0000026707afb0e8 to 0x0000026707afb17a

Events (20 events):
Event: 2.642 Executing VM operation: ICBufferFull
Event: 2.642 Executing VM operation: ICBufferFull done
Event: 2.665 loading class com/sun/beans/finder/MethodFinder
Event: 2.665 loading class com/sun/beans/finder/AbstractFinder
Event: 2.665 loading class com/sun/beans/finder/AbstractFinder done
Event: 2.665 loading class com/sun/beans/finder/MethodFinder done
Event: 2.665 loading class com/sun/beans/finder/MethodFinder$1
Event: 2.665 loading class com/sun/beans/finder/MethodFinder$1 done
Event: 2.665 loading class com/sun/beans/finder/FinderUtils
Event: 2.665 loading class com/sun/beans/finder/FinderUtils done
Event: 2.666 Executing VM operation: HandshakeOneThread
Event: 2.666 Executing VM operation: HandshakeOneThread done
Event: 2.730 loading class sun/reflect/MagicAccessorImpl
Event: 2.730 loading class sun/reflect/MagicAccessorImpl done
Event: 2.873 loading class java/io/FileWriter
Event: 2.873 loading class java/io/FileWriter done
Event: 2.873 Executing VM operation: HandshakeAllThreads
Event: 2.873 Executing VM operation: HandshakeAllThreads done
Event: 2.995 Executing VM operation: HandshakeAllThreads
Event: 2.995 Executing VM operation: HandshakeAllThreads done


Dynamic libraries:
0x00007ff6ab9c0000 - 0x00007ff6ab9cf000 	C:\Program Files\Java\jdk-14.0.1\bin\java.exe
0x00007ff9e75d0000 - 0x00007ff9e77c4000 	C:\Windows\SYSTEM32\ntdll.dll
0x00007ff9e5640000 - 0x00007ff9e56fd000 	C:\Windows\System32\KERNEL32.DLL
0x00007ff9e4e40000 - 0x00007ff9e5107000 	C:\Windows\System32\KERNELBASE.dll
0x00007ff9e5540000 - 0x00007ff9e5640000 	C:\Windows\System32\ucrtbase.dll
0x00007ff9cd900000 - 0x00007ff9cd918000 	C:\Program Files\Java\jdk-14.0.1\bin\jli.dll
0x00007ff9cc620000 - 0x00007ff9cc635000 	C:\Program Files\Java\jdk-14.0.1\bin\VCRUNTIME140.dll
0x00007ff9e5700000 - 0x00007ff9e57aa000 	C:\Windows\System32\ADVAPI32.dll
0x00007ff9e57f0000 - 0x00007ff9e588e000 	C:\Windows\System32\msvcrt.dll
0x00007ff9e6dd0000 - 0x00007ff9e6e6b000 	C:\Windows\System32\sechost.dll
0x00007ff9e7100000 - 0x00007ff9e7223000 	C:\Windows\System32\RPCRT4.dll
0x00007ff9e5fd0000 - 0x00007ff9e6170000 	C:\Windows\System32\USER32.dll
0x00007ff9e4d70000 - 0x00007ff9e4d92000 	C:\Windows\System32\win32u.dll
0x00007ff9e4150000 - 0x00007ff9e43ea000 	C:\Windows\WinSxS\amd64_microsoft.windows.common-controls_6595b64144ccf1df_6.0.19041.1_none_b555e41d4684ddec\COMCTL32.dll
0x00007ff9e6790000 - 0x00007ff9e67ba000 	C:\Windows\System32\GDI32.dll
0x00007ff9e52a0000 - 0x00007ff9e53aa000 	C:\Windows\System32\gdi32full.dll
0x00007ff9e4da0000 - 0x00007ff9e4e3d000 	C:\Windows\System32\msvcp_win.dll
0x00007ff9de920000 - 0x00007ff9de92a000 	C:\Windows\SYSTEM32\VERSION.dll
0x00007ff9e57b0000 - 0x00007ff9e57e0000 	C:\Windows\System32\IMM32.DLL
0x00007ff9c8590000 - 0x00007ff9c862b000 	C:\Program Files\Java\jdk-14.0.1\bin\msvcp140.dll
0x00007ff99e200000 - 0x00007ff99ed1e000 	C:\Program Files\Java\jdk-14.0.1\bin\server\jvm.dll
0x00007ff9e6780000 - 0x00007ff9e6788000 	C:\Windows\System32\PSAPI.DLL
0x00007ff9d70b0000 - 0x00007ff9d70d7000 	C:\Windows\SYSTEM32\WINMM.dll
0x00007ff9d1610000 - 0x00007ff9d1619000 	C:\Windows\SYSTEM32\WSOCK32.dll
0x00007ff9e6710000 - 0x00007ff9e677b000 	C:\Windows\System32\WS2_32.dll
0x00007ff9e2680000 - 0x00007ff9e2693000 	C:\Windows\SYSTEM32\kernel.appcore.dll
0x00007ff9d4bf0000 - 0x00007ff9d4bfa000 	C:\Program Files\Java\jdk-14.0.1\bin\jimage.dll
0x00007ff9e47f0000 - 0x00007ff9e49d4000 	C:\Windows\SYSTEM32\DBGHELP.DLL
0x00007ff9e4510000 - 0x00007ff9e453c000 	C:\Windows\SYSTEM32\dbgcore.DLL
0x00007ff9e5460000 - 0x00007ff9e54df000 	C:\Windows\System32\bcryptPrimitives.dll
0x00007ff9cb080000 - 0x00007ff9cb0a5000 	C:\Program Files\Java\jdk-14.0.1\bin\java.dll
0x00007ff9cadd0000 - 0x00007ff9cade6000 	C:\Program Files\Java\jdk-14.0.1\bin\zip.dll
0x00007ff9e5890000 - 0x00007ff9e5fc5000 	C:\Windows\System32\SHELL32.dll
0x00007ff9e2880000 - 0x00007ff9e300f000 	C:\Windows\SYSTEM32\windows.storage.dll
0x00007ff9e67e0000 - 0x00007ff9e6b33000 	C:\Windows\System32\combase.dll
0x00007ff9e40b0000 - 0x00007ff9e40db000 	C:\Windows\SYSTEM32\Wldp.dll
0x00007ff9e74e0000 - 0x00007ff9e758e000 	C:\Windows\System32\SHCORE.dll
0x00007ff9e6bc0000 - 0x00007ff9e6c15000 	C:\Windows\System32\shlwapi.dll
0x00007ff9e4c60000 - 0x00007ff9e4c7f000 	C:\Windows\SYSTEM32\profapi.dll
0x00007ff9ca060000 - 0x00007ff9ca079000 	C:\Program Files\Java\jdk-14.0.1\bin\net.dll
0x00007ff9d6240000 - 0x00007ff9d6340000 	C:\Windows\SYSTEM32\WINHTTP.dll
0x00007ff9e3dd0000 - 0x00007ff9e3e3a000 	C:\Windows\system32\mswsock.dll
0x00007ff9ca040000 - 0x00007ff9ca052000 	C:\Program Files\Java\jdk-14.0.1\bin\nio.dll
0x00007ff9cd8f0000 - 0x00007ff9cd900000 	C:\Program Files\Java\jdk-14.0.1\bin\verify.dll
0x00007ff9d3540000 - 0x00007ff9d3567000 	C:\Users\Andrew Aleynikov\.gradle\native\c976cfcca226fdd4bee4412e95191dd41148b7504f9625baeda1d523bc39a967\windows-amd64\native-platform.dll
0x00007ff9cb070000 - 0x00007ff9cb079000 	C:\Program Files\Java\jdk-14.0.1\bin\management.dll
0x00007ff9cadc0000 - 0x00007ff9cadcb000 	C:\Program Files\Java\jdk-14.0.1\bin\management_ext.dll
0x00007ff9e49e0000 - 0x00007ff9e49f8000 	C:\Windows\SYSTEM32\CRYPTSP.dll
0x00007ff9e3780000 - 0x00007ff9e37b4000 	C:\Windows\system32\rsaenh.dll
0x00007ff9e5270000 - 0x00007ff9e5297000 	C:\Windows\System32\bcrypt.dll
0x00007ff9e4be0000 - 0x00007ff9e4c0e000 	C:\Windows\SYSTEM32\USERENV.dll
0x00007ff9e3fa0000 - 0x00007ff9e3fac000 	C:\Windows\SYSTEM32\CRYPTBASE.dll
0x00007ff9e3ac0000 - 0x00007ff9e3afb000 	C:\Windows\SYSTEM32\IPHLPAPI.DLL
0x00007ff9e57e0000 - 0x00007ff9e57e9000 	C:\Windows\System32\NSI.dll
0x00007ff9ddda0000 - 0x00007ff9dddb7000 	C:\Windows\SYSTEM32\dhcpcsvc6.DLL
0x00007ff9ddd80000 - 0x00007ff9ddd9d000 	C:\Windows\SYSTEM32\dhcpcsvc.DLL
0x00007ff9e3b00000 - 0x00007ff9e3bca000 	C:\Windows\SYSTEM32\DNSAPI.dll

dbghelp: loaded successfully - version: 4.0.5 - missing functions: none
symbol engine: initialized successfully - sym options: 0x614 - pdb path: .;C:\Program Files\Java\jdk-14.0.1\bin;C:\Windows\SYSTEM32;C:\Windows\WinSxS\amd64_microsoft.windows.common-controls_6595b64144ccf1df_6.0.19041.1_none_b555e41d4684ddec;C:\Program Files\Java\jdk-14.0.1\bin\server;C:\Users\Andrew Aleynikov\.gradle\native\c976cfcca226fdd4bee4412e95191dd41148b7504f9625baeda1d523bc39a967\windows-amd64

VM Arguments:
jvm_args: --add-opens=java.base/java.util=ALL-UNNAMED --add-opens=java.base/java.lang=ALL-UNNAMED --add-opens=java.base/java.lang.invoke=ALL-UNNAMED --add-opens=java.prefs/java.util.prefs=ALL-UNNAMED -XX:MaxMetaspaceSize=256m -XX:+HeapDumpOnOutOfMemoryError -Xms256m -Xmx512m -Dfile.encoding=windows-1251 -Duser.country=RU -Duser.language=ru -Duser.variant 
java_command: org.gradle.launcher.daemon.bootstrap.GradleDaemon 6.3
java_class_path (initial): C:\Users\Andrew Aleynikov\.gradle\wrapper\dists\gradle-6.3-bin\8tpu6egwsccjzp10c1jckl0rx\gradle-6.3\lib\gradle-launcher-6.3.jar
Launcher Type: SUN_STANDARD

[Global flags]
     intx CICompilerCount                          = 4                                         {product} {ergonomic}
   size_t CompressedClassSpaceSize                 = 260046848                                 {product} {ergonomic}
     uint ConcGCThreads                            = 2                                         {product} {ergonomic}
     uint G1ConcRefinementThreads                  = 8                                         {product} {ergonomic}
   size_t G1HeapRegionSize                         = 1048576                                   {product} {ergonomic}
    uintx GCDrainStackTargetSize                   = 64                                        {product} {ergonomic}
     bool HeapDumpOnOutOfMemoryError               = true                                   {manageable} {command line}
   size_t InitialHeapSize                          = 268435456                                 {product} {command line}
   size_t MarkStackSize                            = 4194304                                   {product} {ergonomic}
   size_t MaxHeapSize                              = 536870912                                 {product} {command line}
   size_t MaxMetaspaceSize                         = 268435456                                 {product} {command line}
   size_t MaxNewSize                               = 321912832                                 {product} {ergonomic}
   size_t MinHeapDeltaBytes                        = 1048576                                   {product} {ergonomic}
   size_t MinHeapSize                              = 268435456                                 {product} {command line}
    uintx NonNMethodCodeHeapSize                   = 5839372                                {pd product} {ergonomic}
    uintx NonProfiledCodeHeapSize                  = 122909434                              {pd product} {ergonomic}
    uintx ProfiledCodeHeapSize                     = 122909434                              {pd product} {ergonomic}
    uintx ReservedCodeCacheSize                    = 251658240                              {pd product} {ergonomic}
     bool SegmentedCodeCache                       = true                                      {product} {ergonomic}
   size_t SoftMaxHeapSize                          = 536870912                              {manageable} {ergonomic}
     bool UseCompressedClassPointers               = true                                 {lp64_product} {ergonomic}
     bool UseCompressedOops                        = true                                 {lp64_product} {ergonomic}
     bool UseG1GC                                  = true                                      {product} {ergonomic}
     bool UseLargePagesIndividualAllocation        = false                                  {pd product} {ergonomic}

Logging:
Log output configuration:
 #0: stdout all=warning uptime,level,tags
 #1: stderr all=off uptime,level,tags

Environment Variables:
PATH=C:\Program Files (x86)\Common Files\Oracle\Java\javapath;C:\Windows\system32;C:\Windows;C:\Windows\System32\Wbem;C:\Windows\System32\WindowsPowerShell\v1.0\;C:\Windows\System32\OpenSSH\;C:\Program Files\NVIDIA Corporation\NVIDIA NvDLISR;C:\Program Files (x86)\NVIDIA Corporation\PhysX\Common;C:\Program Files\Git\cmd;C:\Users\Andrew Aleynikov\AppData\Local\Microsoft\WindowsApps;C:\Users\Andrew Aleynikov\AppData\Local\atom\bin;D:\Program Files\Development Software\JetBrains\IntelliJ IDEA 2020.2.2\bin;;D:\Program Files\Development Software\JetBrains\Rider for Unreal Engine 2020.2.1\bin;;D:\Program Files\Development Software\JetBrains\DataGrip 2020.2.3\bin;
USERNAME=Andrew Aleynikov
OS=Windows_NT
PROCESSOR_IDENTIFIER=Intel64 Family 6 Model 58 Stepping 9, GenuineIntel



---------------  S Y S T E M  ---------------

OS: Windows 10 , 64 bit Build 19041 (10.0.19041.292)
OS uptime: 0 days 0:53 hours

CPU:total 8 (initial active 8) (4 cores per cpu, 2 threads per core) family 6 model 58 stepping 9, cmov, cx8, fxsr, mmx, sse, sse2, sse3, ssse3, sse4.1, sse4.2, popcnt, avx, aes, clmul, erms, ht, tsc, tscinvbit, tscinv

Memory: 4k page, system-wide physical 16333M (7318M free)
TotalPageFile size 18381M (AvailPageFile size 5M)
current process WorkingSet (physical memory assigned to process): 280M, peak: 280M
current process commit charge ("private bytes"): 445M, peak: 445M

vm_info: Java HotSpot(TM) 64-Bit Server VM (14.0.1+7) for windows-amd64 JRE (14.0.1+7), built on Mar  5 2020 10:30:14 by "mach5one" with MS VC++ 15.9 (VS2017)

END.
