#
# There is insufficient memory for the Java Runtime Environment to continue.
# Native memory allocation (malloc) failed to allocate 156000 bytes for Chunk::new
# Possible reasons:
#   The system is out of physical RAM or swap space
#   The process is running with CompressedOops enabled, and the Java Heap may be blocking the growth of the native heap
# Possible solutions:
#   Reduce memory load on the system
#   Increase physical memory or swap space
#   Check if swap backing store is full
#   Decrease Java heap size (-Xmx/-Xms)
#   Decrease number of Java threads
#   Decrease Java thread stack sizes (-Xss)
#   Set larger code cache with -XX:ReservedCodeCacheSize=
#   JVM is running with Unscaled Compressed Oops mode in which the Java heap is
#     placed in the first 4GB address space. The Java Heap base address is the
#     maximum limit for the native heap growth. Please use -XX:HeapBaseMinAddress
#     to set the Java Heap base and to place the Java Heap above 4GB virtual address.
# This output file may be truncated or incomplete.
#
#  Out of Memory Error (./open/src/hotspot/share/memory/arena.cpp:195), pid=9756, tid=11712
#
# JRE version: Java(TM) SE Runtime Environment (14.0.1+7) (build 14.0.1+7)
# Java VM: Java HotSpot(TM) 64-Bit Server VM (14.0.1+7, mixed mode, sharing, tiered, compressed oops, g1 gc, windows-amd64)
# No core dump will be written. Minidumps are not enabled by default on client versions of Windows
#

---------------  S U M M A R Y ------------

Command Line: -XX:MaxMetaspaceSize=256m -XX:+HeapDumpOnOutOfMemoryError -agentlib:jdwp=transport=dt_socket,server=n,suspend=y,address=127.0.0.1:50954 --add-opens=java.base/java.util=ALL-UNNAMED --add-opens=java.base/java.lang=ALL-UNNAMED --add-opens=java.base/java.lang.invoke=ALL-UNNAMED --add-opens=java.prefs/java.util.prefs=ALL-UNNAMED -Xms256m -Xmx512m -Dfile.encoding=windows-1251 -Duser.country=RU -Duser.language=ru -Duser.variant org.gradle.launcher.daemon.bootstrap.GradleDaemon 6.3

Host: Intel(R) Core(TM) i7-3770K CPU @ 3.50GHz, 8 cores, 15G,  Windows 10 , 64 bit Build 19041 (10.0.19041.292)
Time: Sun Oct  4 17:08:35 2020 RTZ 2 (зима) elapsed time: 10 seconds (0d 0h 0m 10s)

---------------  T H R E A D  ---------------

Current thread (0x000001c3ec133000):  JavaThread "C2 CompilerThread0" daemon [_thread_in_native, id=11712, stack(0x0000001918800000,0x0000001918900000)]


Current CompileTask:
C2:  10624 6999       4       com.sun.tools.javac.jvm.PoolReader::resolve (341 bytes)

Stack: [0x0000001918800000,0x0000001918900000]
Native frames: (J=compiled Java code, j=interpreted, Vv=VM code, C=native code)
V  [jvm.dll+0x5f840a]
V  [jvm.dll+0x741e4a]
V  [jvm.dll+0x7435ff]
V  [jvm.dll+0x743c43]
V  [jvm.dll+0x20d288]
V  [jvm.dll+0xabb07]
V  [jvm.dll+0xac1fc]
V  [jvm.dll+0x64920b]
V  [jvm.dll+0x18cfef]
V  [jvm.dll+0x1e5efa]
V  [jvm.dll+0x1e50b8]
V  [jvm.dll+0x1779cc]
V  [jvm.dll+0x1f4105]
V  [jvm.dll+0x1f22eb]
V  [jvm.dll+0x706a9d]
V  [jvm.dll+0x6ff8ba]
V  [jvm.dll+0x5f72c6]
C  [ucrtbase.dll+0x21542]
C  [KERNEL32.DLL+0x16fd4]
C  [ntdll.dll+0x4cec1]


---------------  P R O C E S S  ---------------

Threads class SMR info:
_java_thread_list=0x000001c3f11cf820, length=57, elements={
0x000001c3d08de000, 0x000001c3ec112000, 0x000001c3ec113800, 0x000001c3ec12c800,
0x000001c3ec12f800, 0x000001c3ec131800, 0x000001c3ec133000, 0x000001c3ec140000,
0x000001c3eca68800, 0x000001c3ecba3000, 0x000001c3ecbdb800, 0x000001c3ecbdd000,
0x000001c3ecbdf000, 0x000001c3ecba6800, 0x000001c3ecba8000, 0x000001c3ecba4000,
0x000001c3ecba5800, 0x000001c3ecba7800, 0x000001c3ecba2800, 0x000001c3ecba9000,
0x000001c3ecba5000, 0x000001c3ee771800, 0x000001c3ee76e800, 0x000001c3ee76f000,
0x000001c3ee76c000, 0x000001c3ee772800, 0x000001c3ee770000, 0x000001c3ee76d000,
0x000001c3ee773800, 0x000001c3ee771000, 0x000001c3ee77a000, 0x000001c3ee776800,
0x000001c3ee779000, 0x000001c3ee777800, 0x000001c3ee77a800, 0x000001c3ee775800,
0x000001c3ee775000, 0x000001c3f0cf2000, 0x000001c3f0ced000, 0x000001c3f0cf0000,
0x000001c3f0cf2800, 0x000001c3f0cf3800, 0x000001c3f0cf1000, 0x000001c3f0ced800,
0x000001c3f0cf4000, 0x000001c3f0cf5000, 0x000001c3f0cef800, 0x000001c3f0cfb800,
0x000001c3f0cf6000, 0x000001c3f0cfa800, 0x000001c3f0cf9000, 0x000001c3f0cfa000,
0x000001c3f0cf6800, 0x000001c3f0cf7800, 0x000001c3f3349800, 0x000001c3f334a000,
0x000001c3f334d800
}

Java Threads: ( => current thread )
  0x000001c3d08de000 JavaThread "main" [_thread_blocked, id=4996, stack(0x0000001917c00000,0x0000001917d00000)]
  0x000001c3ec112000 JavaThread "Reference Handler" daemon [_thread_blocked, id=11352, stack(0x0000001918300000,0x0000001918400000)]
  0x000001c3ec113800 JavaThread "Finalizer" daemon [_thread_blocked, id=4860, stack(0x0000001918400000,0x0000001918500000)]
  0x000001c3ec12c800 JavaThread "Signal Dispatcher" daemon [_thread_blocked, id=11984, stack(0x0000001918500000,0x0000001918600000)]
  0x000001c3ec12f800 JavaThread "Attach Listener" daemon [_thread_blocked, id=7216, stack(0x0000001918600000,0x0000001918700000)]
  0x000001c3ec131800 JavaThread "Service Thread" daemon [_thread_blocked, id=7832, stack(0x0000001918700000,0x0000001918800000)]
=>0x000001c3ec133000 JavaThread "C2 CompilerThread0" daemon [_thread_in_native, id=11712, stack(0x0000001918800000,0x0000001918900000)]
  0x000001c3ec140000 JavaThread "C1 CompilerThread0" daemon [_thread_in_vm_trans, id=9588, stack(0x0000001918900000,0x0000001918a00000)]
  0x000001c3eca68800 JavaThread "Sweeper thread" daemon [_thread_blocked, id=6516, stack(0x0000001918a00000,0x0000001918b00000)]
  0x000001c3ecba3000 JavaThread "Common-Cleaner" daemon [_thread_blocked, id=5000, stack(0x0000001918b00000,0x0000001918c00000)]
  0x000001c3ecbdb800 JavaThread "JDWP Transport Listener: dt_socket" daemon [_thread_blocked, id=11392, stack(0x0000001918c00000,0x0000001918d00000)]
  0x000001c3ecbdd000 JavaThread "JDWP Event Helper Thread" daemon [_thread_blocked, id=2624, stack(0x0000001918d00000,0x0000001918e00000)]
  0x000001c3ecbdf000 JavaThread "JDWP Command Reader" daemon [_thread_in_native, id=5884, stack(0x0000001918e00000,0x0000001918f00000)]
  0x000001c3ecba6800 JavaThread "Notification Thread" daemon [_thread_blocked, id=4404, stack(0x0000001918f00000,0x0000001919000000)]
  0x000001c3ecba8000 JavaThread "Daemon health stats" [_thread_blocked, id=11664, stack(0x0000001919800000,0x0000001919900000)]
  0x000001c3ecba4000 JavaThread "Incoming local TCP Connector on port 50959" [_thread_in_native, id=3924, stack(0x0000001919900000,0x0000001919a00000)]
  0x000001c3ecba5800 JavaThread "Daemon periodic checks" [_thread_blocked, id=4912, stack(0x0000001919a00000,0x0000001919b00000)]
  0x000001c3ecba7800 JavaThread "Daemon" [_thread_blocked, id=10652, stack(0x0000001919b00000,0x0000001919c00000)]
  0x000001c3ecba2800 JavaThread "Handler for socket connection from /127.0.0.1:50959 to /127.0.0.1:50960" [_thread_in_native, id=11560, stack(0x0000001919c00000,0x0000001919d00000)]
  0x000001c3ecba9000 JavaThread "Cancel handler" [_thread_blocked, id=12016, stack(0x0000001919d00000,0x0000001919e00000)]
  0x000001c3ecba5000 JavaThread "Daemon worker" [_thread_blocked, id=10348, stack(0x0000001919e00000,0x0000001919f00000)]
  0x000001c3ee771800 JavaThread "Asynchronous log dispatcher for DefaultDaemonConnection: socket connection from /127.0.0.1:50959 to /127.0.0.1:50960" [_thread_blocked, id=1296, stack(0x0000001919f00000,0x000000191a000000)]
  0x000001c3ee76e800 JavaThread "Stdin handler" [_thread_blocked, id=9508, stack(0x000000191a000000,0x000000191a100000)]
  0x000001c3ee76f000 JavaThread "Thread-8" [_thread_blocked, id=11524, stack(0x000000191a100000,0x000000191a200000)]
  0x000001c3ee76c000 JavaThread "Cache worker for journal cache (C:\Users\Andrew Aleynikov\.gradle\caches\journal-1)" [_thread_blocked, id=1292, stack(0x0000001919100000,0x0000001919200000)]
  0x000001c3ee772800 JavaThread "File lock request listener" [_thread_in_native, id=11060, stack(0x0000001919700000,0x0000001919800000)]
  0x000001c3ee770000 JavaThread "Cache worker for file hash cache (C:\Users\Andrew Aleynikov\.gradle\caches\6.3\fileHashes)" [_thread_blocked, id=12124, stack(0x000000191a200000,0x000000191a300000)]
  0x000001c3ee76d000 JavaThread "Cache worker for checksums cache (C:\Users\Andrew Aleynikov\IdeaProjects\db-server\.gradle\checksums)" [_thread_blocked, id=4908, stack(0x000000191a500000,0x000000191a600000)]
  0x000001c3ee773800 JavaThread "Cache worker for file hash cache (C:\Users\Andrew Aleynikov\IdeaProjects\db-server\.gradle\6.3\fileHashes)" [_thread_blocked, id=12176, stack(0x000000191a600000,0x000000191a700000)]
  0x000001c3ee771000 JavaThread "Cache worker for cache directory md-supplier (C:\Users\Andrew Aleynikov\.gradle\caches\6.3\md-supplier)" [_thread_blocked, id=10836, stack(0x000000191a700000,0x000000191a800000)]
  0x000001c3ee77a000 JavaThread "Cache worker for cache directory md-rule (C:\Users\Andrew Aleynikov\.gradle\caches\6.3\md-rule)" [_thread_blocked, id=12032, stack(0x000000191a800000,0x000000191a900000)]
  0x000001c3ee776800 JavaThread "Cache worker for execution history cache (C:\Users\Andrew Aleynikov\.gradle\caches\6.3\executionHistory)" [_thread_blocked, id=10400, stack(0x000000191a900000,0x000000191aa00000)]
  0x000001c3ee779000 JavaThread "Build operations" [_thread_blocked, id=5256, stack(0x000000191a400000,0x000000191a500000)]
  0x000001c3ee777800 JavaThread "Build operations Thread 2" [_thread_blocked, id=10912, stack(0x000000191ad00000,0x000000191ae00000)]
  0x000001c3ee77a800 JavaThread "Build operations Thread 3" [_thread_blocked, id=11404, stack(0x000000191ae00000,0x000000191af00000)]
  0x000001c3ee775800 JavaThread "Build operations Thread 4" [_thread_blocked, id=11388, stack(0x000000191af00000,0x000000191b000000)]
  0x000001c3ee775000 JavaThread "Build operations Thread 5" [_thread_blocked, id=9836, stack(0x000000191b000000,0x000000191b100000)]
  0x000001c3f0cf2000 JavaThread "Build operations Thread 6" [_thread_blocked, id=12024, stack(0x000000191b100000,0x000000191b200000)]
  0x000001c3f0ced000 JavaThread "Build operations Thread 7" [_thread_blocked, id=2004, stack(0x000000191b200000,0x000000191b300000)]
  0x000001c3f0cf0000 JavaThread "Build operations Thread 8" [_thread_blocked, id=1312, stack(0x000000191b300000,0x000000191b400000)]
  0x000001c3f0cf2800 JavaThread "Cache worker for Build Output Cleanup Cache (C:\Users\Andrew Aleynikov\IdeaProjects\db-server\.gradle\buildOutputCleanup)" [_thread_blocked, id=5252, stack(0x000000191b400000,0x000000191b500000)]
  0x000001c3f0cf3800 JavaThread "Memory manager" [_thread_blocked, id=6544, stack(0x000000191b600000,0x000000191b700000)]
  0x000001c3f0cf1000 JavaThread "Cache worker for file content cache (C:\Users\Andrew Aleynikov\.gradle\caches\6.3\fileContent)" [_thread_blocked, id=7196, stack(0x000000191b700000,0x000000191b800000)]
  0x000001c3f0ced800 JavaThread "Cache worker for file content cache (C:\Users\Andrew Aleynikov\IdeaProjects\db-server\.gradle\6.3\fileContent)" [_thread_blocked, id=5028, stack(0x000000191b800000,0x000000191b900000)]
  0x000001c3f0cf4000 JavaThread "Execution worker for ':'" [_thread_blocked, id=8660, stack(0x000000191b900000,0x000000191ba00000)]
  0x000001c3f0cf5000 JavaThread "Execution worker for ':' Thread 2" [_thread_blocked, id=11556, stack(0x000000191ba00000,0x000000191bb00000)]
  0x000001c3f0cef800 JavaThread "Execution worker for ':' Thread 3" [_thread_blocked, id=1284, stack(0x000000191bb00000,0x000000191bc00000)]
  0x000001c3f0cfb800 JavaThread "Execution worker for ':' Thread 4" [_thread_blocked, id=3628, stack(0x000000191bc00000,0x000000191bd00000)]
  0x000001c3f0cf6000 JavaThread "Execution worker for ':' Thread 5" [_thread_blocked, id=6824, stack(0x000000191bd00000,0x000000191be00000)]
  0x000001c3f0cfa800 JavaThread "Execution worker for ':' Thread 6" [_thread_blocked, id=256, stack(0x000000191be00000,0x000000191bf00000)]
  0x000001c3f0cf9000 JavaThread "Execution worker for ':' Thread 7" [_thread_blocked, id=11436, stack(0x000000191bf00000,0x000000191c000000)]
  0x000001c3f0cfa000 JavaThread "Cache worker for execution history cache (C:\Users\Andrew Aleynikov\IdeaProjects\db-server\.gradle\6.3\executionHistory)" [_thread_blocked, id=10796, stack(0x000000191c000000,0x000000191c100000)]
  0x000001c3f0cf6800 JavaThread "Cache worker for Java compile cache (C:\Users\Andrew Aleynikov\.gradle\caches\6.3\javaCompile)" [_thread_blocked, id=10220, stack(0x000000191c100000,0x000000191c200000)]
  0x000001c3f0cf7800 JavaThread "Cache worker for Java compile cache (C:\Users\Andrew Aleynikov\IdeaProjects\db-server\.gradle\6.3\javaCompile)" [_thread_blocked, id=11776, stack(0x000000191c200000,0x000000191c300000)]
  0x000001c3f3349800 JavaThread "Exec process" [_thread_in_native, id=7484, stack(0x000000191c300000,0x000000191c400000)]
  0x000001c3f334a000 JavaThread "Exec process Thread 2" [_thread_in_native_trans, id=10644, stack(0x000000191c400000,0x000000191c500000)]
  0x000001c3f334d800 JavaThread "Exec process Thread 3" [_thread_in_vm, id=3980, stack(0x000000191c500000,0x000000191c600000)]

Other Threads:
  0x000001c3ec10d000 VMThread "VM Thread" [stack: 0x0000001918200000,0x0000001918300000] [id=8488]
  0x000001c3ecbf0000 WatcherThread [stack: 0x0000001919000000,0x0000001919100000] [id=11648]
  0x000001c3d0904800 GCTaskThread "GC Thread#0" [stack: 0x0000001917d00000,0x0000001917e00000] [id=11704]
  0x000001c3ed846000 GCTaskThread "GC Thread#1" [stack: 0x0000001919200000,0x0000001919300000] [id=9540]
  0x000001c3ed5e0800 GCTaskThread "GC Thread#2" [stack: 0x0000001919300000,0x0000001919400000] [id=9300]
  0x000001c3ed5e1000 GCTaskThread "GC Thread#3" [stack: 0x0000001919400000,0x0000001919500000] [id=2604]
  0x000001c3ed841000 GCTaskThread "GC Thread#4" [stack: 0x0000001919500000,0x0000001919600000] [id=10328]
  0x000001c3ed842000 GCTaskThread "GC Thread#5" [stack: 0x0000001919600000,0x0000001919700000] [id=11456]
  0x000001c3f1c12800 GCTaskThread "GC Thread#6" [stack: 0x000000191aa00000,0x000000191ab00000] [id=11420]
  0x000001c3f41b4800 GCTaskThread "GC Thread#7" [stack: 0x000000191ab00000,0x000000191ac00000] [id=11072]
  0x000001c3d090a000 ConcurrentGCThread "G1 Main Marker" [stack: 0x0000001917e00000,0x0000001917f00000] [id=12180]
  0x000001c3d090b800 ConcurrentGCThread "G1 Conc#0" [stack: 0x0000001917f00000,0x0000001918000000] [id=11768]
  0x000001c3ef4c5800 ConcurrentGCThread "G1 Conc#1" [stack: 0x000000191ac00000,0x000000191ad00000] [id=11376]
  0x000001c3ebfbc800 ConcurrentGCThread "G1 Refine#0" [stack: 0x0000001918000000,0x0000001918100000] [id=11972]
  0x000001c3ebfbd000 ConcurrentGCThread "G1 Young RemSet Sampling" [stack: 0x0000001918100000,0x0000001918200000] [id=10264]

Threads with active compile tasks:
C2 CompilerThread0    10645 6999       4       com.sun.tools.javac.jvm.PoolReader::resolve (341 bytes)

VM state:not at safepoint (normal execution)

VM Mutex/Monitor currently owned by a thread: None

Heap address: 0x00000000e0000000, size: 512 MB, Compressed Oops mode: 32-bit
Narrow klass base: 0x0000000800000000, Narrow klass shift: 3
Compressed class space size: 260046848 Address: 0x0000000800b30000

Heap:
 garbage-first heap   total 262144K, used 167023K [0x00000000e0000000, 0x0000000100000000)
  region size 1024K, 148 young (151552K), 17 survivors (17408K)
 Metaspace       used 58257K, capacity 60000K, committed 60296K, reserved 307200K
  class space    used 7824K, capacity 8458K, committed 8576K, reserved 253952K
Heap Regions: E=young(eden), S=young(survivor), O=old, HS=humongous(starts), HC=humongous(continues), CS=collection set, F=free, OA=open archive, CA=closed archive, TAMS=top-at-mark-start (previous, next)
|   0|0x00000000e0000000, 0x00000000e0100000, 0x00000000e0100000|100%| O|  |TAMS 0x00000000e0100000, 0x00000000e0000000| Untracked 
|   1|0x00000000e0100000, 0x00000000e0200000, 0x00000000e0200000|100%| O|  |TAMS 0x00000000e0200000, 0x00000000e0100000| Untracked 
|   2|0x00000000e0200000, 0x00000000e0300000, 0x00000000e0300000|100%| O|  |TAMS 0x00000000e02b3400, 0x00000000e0200000| Untracked 
|   3|0x00000000e0300000, 0x00000000e0400000, 0x00000000e0400000|100%|HS|  |TAMS 0x00000000e0400000, 0x00000000e0300000| Complete 
|   4|0x00000000e0400000, 0x00000000e0500000, 0x00000000e0500000|100%|HC|  |TAMS 0x00000000e0500000, 0x00000000e0400000| Complete 
|   5|0x00000000e0500000, 0x00000000e0600000, 0x00000000e0600000|100%|HC|  |TAMS 0x00000000e0600000, 0x00000000e0500000| Complete 
|   6|0x00000000e0600000, 0x00000000e0700000, 0x00000000e0700000|100%| O|  |TAMS 0x00000000e0700000, 0x00000000e0600000| Untracked 
|   7|0x00000000e0700000, 0x00000000e0800000, 0x00000000e0800000|100%| O|  |TAMS 0x00000000e0800000, 0x00000000e0700000| Untracked 
|   8|0x00000000e0800000, 0x00000000e0900000, 0x00000000e0900000|100%| O|  |TAMS 0x00000000e0900000, 0x00000000e0800000| Untracked 
|   9|0x00000000e0900000, 0x00000000e0a00000, 0x00000000e0a00000|100%| O|  |TAMS 0x00000000e0900000, 0x00000000e0900000| Untracked 
|  10|0x00000000e0a00000, 0x00000000e0b00000, 0x00000000e0b00000|100%| O|  |TAMS 0x00000000e0a00000, 0x00000000e0a00000| Untracked 
|  11|0x00000000e0b00000, 0x00000000e0c00000, 0x00000000e0c00000|100%| O|  |TAMS 0x00000000e0b00000, 0x00000000e0b00000| Untracked 
|  12|0x00000000e0c00000, 0x00000000e0d00000, 0x00000000e0d00000|100%| O|  |TAMS 0x00000000e0c00000, 0x00000000e0c00000| Untracked 
|  13|0x00000000e0d00000, 0x00000000e0e00000, 0x00000000e0e00000|100%| O|  |TAMS 0x00000000e0d00000, 0x00000000e0d00000| Untracked 
|  14|0x00000000e0e00000, 0x00000000e0f00000, 0x00000000e0f00000|100%| O|  |TAMS 0x00000000e0e00000, 0x00000000e0e00000| Untracked 
|  15|0x00000000e0f00000, 0x00000000e1000000, 0x00000000e1000000|100%| O|  |TAMS 0x00000000e0f00000, 0x00000000e0f00000| Untracked 
|  16|0x00000000e1000000, 0x00000000e1100000, 0x00000000e1100000|100%| O|  |TAMS 0x00000000e1000000, 0x00000000e1000000| Untracked 
|  17|0x00000000e1100000, 0x00000000e1197e00, 0x00000000e1200000| 59%| O|  |TAMS 0x00000000e1100000, 0x00000000e1100000| Untracked 
|  18|0x00000000e1200000, 0x00000000e1200000, 0x00000000e1300000|  0%| F|  |TAMS 0x00000000e1200000, 0x00000000e1200000| Untracked 
|  19|0x00000000e1300000, 0x00000000e1300000, 0x00000000e1400000|  0%| F|  |TAMS 0x00000000e1300000, 0x00000000e1300000| Untracked 
|  20|0x00000000e1400000, 0x00000000e1400000, 0x00000000e1500000|  0%| F|  |TAMS 0x00000000e1400000, 0x00000000e1400000| Untracked 
|  21|0x00000000e1500000, 0x00000000e1500000, 0x00000000e1600000|  0%| F|  |TAMS 0x00000000e1500000, 0x00000000e1500000| Untracked 
|  22|0x00000000e1600000, 0x00000000e1600000, 0x00000000e1700000|  0%| F|  |TAMS 0x00000000e1600000, 0x00000000e1600000| Untracked 
|  23|0x00000000e1700000, 0x00000000e1700000, 0x00000000e1800000|  0%| F|  |TAMS 0x00000000e1700000, 0x00000000e1700000| Untracked 
|  24|0x00000000e1800000, 0x00000000e1800000, 0x00000000e1900000|  0%| F|  |TAMS 0x00000000e1800000, 0x00000000e1800000| Untracked 
|  25|0x00000000e1900000, 0x00000000e1900000, 0x00000000e1a00000|  0%| F|  |TAMS 0x00000000e1900000, 0x00000000e1900000| Untracked 
|  26|0x00000000e1a00000, 0x00000000e1a00000, 0x00000000e1b00000|  0%| F|  |TAMS 0x00000000e1a00000, 0x00000000e1a00000| Untracked 
|  27|0x00000000e1b00000, 0x00000000e1b00000, 0x00000000e1c00000|  0%| F|  |TAMS 0x00000000e1b00000, 0x00000000e1b00000| Untracked 
|  28|0x00000000e1c00000, 0x00000000e1c00000, 0x00000000e1d00000|  0%| F|  |TAMS 0x00000000e1c00000, 0x00000000e1c00000| Untracked 
|  29|0x00000000e1d00000, 0x00000000e1d00000, 0x00000000e1e00000|  0%| F|  |TAMS 0x00000000e1d00000, 0x00000000e1d00000| Untracked 
|  30|0x00000000e1e00000, 0x00000000e1e00000, 0x00000000e1f00000|  0%| F|  |TAMS 0x00000000e1e00000, 0x00000000e1e00000| Untracked 
|  31|0x00000000e1f00000, 0x00000000e1f00000, 0x00000000e2000000|  0%| F|  |TAMS 0x00000000e1f00000, 0x00000000e1f00000| Untracked 
|  32|0x00000000e2000000, 0x00000000e2000000, 0x00000000e2100000|  0%| F|  |TAMS 0x00000000e2000000, 0x00000000e2000000| Untracked 
|  33|0x00000000e2100000, 0x00000000e2100000, 0x00000000e2200000|  0%| F|  |TAMS 0x00000000e2100000, 0x00000000e2100000| Untracked 
|  34|0x00000000e2200000, 0x00000000e2200000, 0x00000000e2300000|  0%| F|  |TAMS 0x00000000e2200000, 0x00000000e2200000| Untracked 
|  35|0x00000000e2300000, 0x00000000e2300000, 0x00000000e2400000|  0%| F|  |TAMS 0x00000000e2300000, 0x00000000e2300000| Untracked 
|  36|0x00000000e2400000, 0x00000000e2400000, 0x00000000e2500000|  0%| F|  |TAMS 0x00000000e2400000, 0x00000000e2400000| Untracked 
|  37|0x00000000e2500000, 0x00000000e2500000, 0x00000000e2600000|  0%| F|  |TAMS 0x00000000e2500000, 0x00000000e2500000| Untracked 
|  38|0x00000000e2600000, 0x00000000e2600000, 0x00000000e2700000|  0%| F|  |TAMS 0x00000000e2600000, 0x00000000e2600000| Untracked 
|  39|0x00000000e2700000, 0x00000000e2700000, 0x00000000e2800000|  0%| F|  |TAMS 0x00000000e2700000, 0x00000000e2700000| Untracked 
|  40|0x00000000e2800000, 0x00000000e2800000, 0x00000000e2900000|  0%| F|  |TAMS 0x00000000e2800000, 0x00000000e2800000| Untracked 
|  41|0x00000000e2900000, 0x00000000e2900000, 0x00000000e2a00000|  0%| F|  |TAMS 0x00000000e2900000, 0x00000000e2900000| Untracked 
|  42|0x00000000e2a00000, 0x00000000e2a00000, 0x00000000e2b00000|  0%| F|  |TAMS 0x00000000e2a00000, 0x00000000e2a00000| Untracked 
|  43|0x00000000e2b00000, 0x00000000e2b00000, 0x00000000e2c00000|  0%| F|  |TAMS 0x00000000e2b00000, 0x00000000e2b00000| Untracked 
|  44|0x00000000e2c00000, 0x00000000e2c00000, 0x00000000e2d00000|  0%| F|  |TAMS 0x00000000e2c00000, 0x00000000e2c00000| Untracked 
|  45|0x00000000e2d00000, 0x00000000e2d00000, 0x00000000e2e00000|  0%| F|  |TAMS 0x00000000e2d00000, 0x00000000e2d00000| Untracked 
|  46|0x00000000e2e00000, 0x00000000e2e00000, 0x00000000e2f00000|  0%| F|  |TAMS 0x00000000e2e00000, 0x00000000e2e00000| Untracked 
|  47|0x00000000e2f00000, 0x00000000e2f00000, 0x00000000e3000000|  0%| F|  |TAMS 0x00000000e2f00000, 0x00000000e2f00000| Untracked 
|  48|0x00000000e3000000, 0x00000000e3000000, 0x00000000e3100000|  0%| F|  |TAMS 0x00000000e3000000, 0x00000000e3000000| Untracked 
|  49|0x00000000e3100000, 0x00000000e3100000, 0x00000000e3200000|  0%| F|  |TAMS 0x00000000e3100000, 0x00000000e3100000| Untracked 
|  50|0x00000000e3200000, 0x00000000e3200000, 0x00000000e3300000|  0%| F|  |TAMS 0x00000000e3200000, 0x00000000e3200000| Untracked 
|  51|0x00000000e3300000, 0x00000000e3300000, 0x00000000e3400000|  0%| F|  |TAMS 0x00000000e3300000, 0x00000000e3300000| Untracked 
|  52|0x00000000e3400000, 0x00000000e3400000, 0x00000000e3500000|  0%| F|  |TAMS 0x00000000e3400000, 0x00000000e3400000| Untracked 
|  53|0x00000000e3500000, 0x00000000e3500000, 0x00000000e3600000|  0%| F|  |TAMS 0x00000000e3500000, 0x00000000e3500000| Untracked 
|  54|0x00000000e3600000, 0x00000000e3600000, 0x00000000e3700000|  0%| F|  |TAMS 0x00000000e3600000, 0x00000000e3600000| Untracked 
|  55|0x00000000e3700000, 0x00000000e3700000, 0x00000000e3800000|  0%| F|  |TAMS 0x00000000e3700000, 0x00000000e3700000| Untracked 
|  56|0x00000000e3800000, 0x00000000e3800000, 0x00000000e3900000|  0%| F|  |TAMS 0x00000000e3800000, 0x00000000e3800000| Untracked 
|  57|0x00000000e3900000, 0x00000000e3900000, 0x00000000e3a00000|  0%| F|  |TAMS 0x00000000e3900000, 0x00000000e3900000| Untracked 
|  58|0x00000000e3a00000, 0x00000000e3a00000, 0x00000000e3b00000|  0%| F|  |TAMS 0x00000000e3a00000, 0x00000000e3a00000| Untracked 
|  59|0x00000000e3b00000, 0x00000000e3b00000, 0x00000000e3c00000|  0%| F|  |TAMS 0x00000000e3b00000, 0x00000000e3b00000| Untracked 
|  60|0x00000000e3c00000, 0x00000000e3c00000, 0x00000000e3d00000|  0%| F|  |TAMS 0x00000000e3c00000, 0x00000000e3c00000| Untracked 
|  61|0x00000000e3d00000, 0x00000000e3d00000, 0x00000000e3e00000|  0%| F|  |TAMS 0x00000000e3d00000, 0x00000000e3d00000| Untracked 
|  62|0x00000000e3e00000, 0x00000000e3e00000, 0x00000000e3f00000|  0%| F|  |TAMS 0x00000000e3e00000, 0x00000000e3e00000| Untracked 
|  63|0x00000000e3f00000, 0x00000000e3f00000, 0x00000000e4000000|  0%| F|  |TAMS 0x00000000e3f00000, 0x00000000e3f00000| Untracked 
|  64|0x00000000e4000000, 0x00000000e4000000, 0x00000000e4100000|  0%| F|  |TAMS 0x00000000e4000000, 0x00000000e4000000| Untracked 
|  65|0x00000000e4100000, 0x00000000e4100000, 0x00000000e4200000|  0%| F|  |TAMS 0x00000000e4100000, 0x00000000e4100000| Untracked 
|  66|0x00000000e4200000, 0x00000000e4200000, 0x00000000e4300000|  0%| F|  |TAMS 0x00000000e4200000, 0x00000000e4200000| Untracked 
|  67|0x00000000e4300000, 0x00000000e4300000, 0x00000000e4400000|  0%| F|  |TAMS 0x00000000e4300000, 0x00000000e4300000| Untracked 
|  68|0x00000000e4400000, 0x00000000e4400000, 0x00000000e4500000|  0%| F|  |TAMS 0x00000000e4400000, 0x00000000e4400000| Untracked 
|  69|0x00000000e4500000, 0x00000000e4500000, 0x00000000e4600000|  0%| F|  |TAMS 0x00000000e4500000, 0x00000000e4500000| Untracked 
|  70|0x00000000e4600000, 0x00000000e4600000, 0x00000000e4700000|  0%| F|  |TAMS 0x00000000e4600000, 0x00000000e4600000| Untracked 
|  71|0x00000000e4700000, 0x00000000e4700000, 0x00000000e4800000|  0%| F|  |TAMS 0x00000000e4700000, 0x00000000e4700000| Untracked 
|  72|0x00000000e4800000, 0x00000000e4800000, 0x00000000e4900000|  0%| F|  |TAMS 0x00000000e4800000, 0x00000000e4800000| Untracked 
|  73|0x00000000e4900000, 0x00000000e4900000, 0x00000000e4a00000|  0%| F|  |TAMS 0x00000000e4900000, 0x00000000e4900000| Untracked 
|  74|0x00000000e4a00000, 0x00000000e4a00000, 0x00000000e4b00000|  0%| F|  |TAMS 0x00000000e4a00000, 0x00000000e4a00000| Untracked 
|  75|0x00000000e4b00000, 0x00000000e4b00000, 0x00000000e4c00000|  0%| F|  |TAMS 0x00000000e4b00000, 0x00000000e4b00000| Untracked 
|  76|0x00000000e4c00000, 0x00000000e4c00000, 0x00000000e4d00000|  0%| F|  |TAMS 0x00000000e4c00000, 0x00000000e4c00000| Untracked 
|  77|0x00000000e4d00000, 0x00000000e4d00000, 0x00000000e4e00000|  0%| F|  |TAMS 0x00000000e4d00000, 0x00000000e4d00000| Untracked 
|  78|0x00000000e4e00000, 0x00000000e4e00000, 0x00000000e4f00000|  0%| F|  |TAMS 0x00000000e4e00000, 0x00000000e4e00000| Untracked 
|  79|0x00000000e4f00000, 0x00000000e4f00000, 0x00000000e5000000|  0%| F|  |TAMS 0x00000000e4f00000, 0x00000000e4f00000| Untracked 
|  80|0x00000000e5000000, 0x00000000e5000000, 0x00000000e5100000|  0%| F|  |TAMS 0x00000000e5000000, 0x00000000e5000000| Untracked 
|  81|0x00000000e5100000, 0x00000000e5100000, 0x00000000e5200000|  0%| F|  |TAMS 0x00000000e5100000, 0x00000000e5100000| Untracked 
|  82|0x00000000e5200000, 0x00000000e5200000, 0x00000000e5300000|  0%| F|  |TAMS 0x00000000e5200000, 0x00000000e5200000| Untracked 
|  83|0x00000000e5300000, 0x00000000e5300000, 0x00000000e5400000|  0%| F|  |TAMS 0x00000000e5300000, 0x00000000e5300000| Untracked 
|  84|0x00000000e5400000, 0x00000000e5400000, 0x00000000e5500000|  0%| F|  |TAMS 0x00000000e5400000, 0x00000000e5400000| Untracked 
|  85|0x00000000e5500000, 0x00000000e5500000, 0x00000000e5600000|  0%| F|  |TAMS 0x00000000e5500000, 0x00000000e5500000| Untracked 
|  86|0x00000000e5600000, 0x00000000e5683ec0, 0x00000000e5700000| 51%| S|CS|TAMS 0x00000000e5600000, 0x00000000e5600000| Complete 
|  87|0x00000000e5700000, 0x00000000e5800000, 0x00000000e5800000|100%| S|CS|TAMS 0x00000000e5700000, 0x00000000e5700000| Complete 
|  88|0x00000000e5800000, 0x00000000e5900000, 0x00000000e5900000|100%| S|CS|TAMS 0x00000000e5800000, 0x00000000e5800000| Complete 
|  89|0x00000000e5900000, 0x00000000e5a00000, 0x00000000e5a00000|100%| S|CS|TAMS 0x00000000e5900000, 0x00000000e5900000| Complete 
|  90|0x00000000e5a00000, 0x00000000e5b00000, 0x00000000e5b00000|100%| S|CS|TAMS 0x00000000e5a00000, 0x00000000e5a00000| Complete 
|  91|0x00000000e5b00000, 0x00000000e5c00000, 0x00000000e5c00000|100%| S|CS|TAMS 0x00000000e5b00000, 0x00000000e5b00000| Complete 
|  92|0x00000000e5c00000, 0x00000000e5d00000, 0x00000000e5d00000|100%| S|CS|TAMS 0x00000000e5c00000, 0x00000000e5c00000| Complete 
|  93|0x00000000e5d00000, 0x00000000e5e00000, 0x00000000e5e00000|100%| S|CS|TAMS 0x00000000e5d00000, 0x00000000e5d00000| Complete 
|  94|0x00000000e5e00000, 0x00000000e5f00000, 0x00000000e5f00000|100%| S|CS|TAMS 0x00000000e5e00000, 0x00000000e5e00000| Complete 
|  95|0x00000000e5f00000, 0x00000000e6000000, 0x00000000e6000000|100%| S|CS|TAMS 0x00000000e5f00000, 0x00000000e5f00000| Complete 
|  96|0x00000000e6000000, 0x00000000e6100000, 0x00000000e6100000|100%| S|CS|TAMS 0x00000000e6000000, 0x00000000e6000000| Complete 
|  97|0x00000000e6100000, 0x00000000e6200000, 0x00000000e6200000|100%| S|CS|TAMS 0x00000000e6100000, 0x00000000e6100000| Complete 
|  98|0x00000000e6200000, 0x00000000e6300000, 0x00000000e6300000|100%| S|CS|TAMS 0x00000000e6200000, 0x00000000e6200000| Complete 
|  99|0x00000000e6300000, 0x00000000e6400000, 0x00000000e6400000|100%| S|CS|TAMS 0x00000000e6300000, 0x00000000e6300000| Complete 
| 100|0x00000000e6400000, 0x00000000e6500000, 0x00000000e6500000|100%| S|CS|TAMS 0x00000000e6400000, 0x00000000e6400000| Complete 
| 101|0x00000000e6500000, 0x00000000e6600000, 0x00000000e6600000|100%| S|CS|TAMS 0x00000000e6500000, 0x00000000e6500000| Complete 
| 102|0x00000000e6600000, 0x00000000e6700000, 0x00000000e6700000|100%| S|CS|TAMS 0x00000000e6600000, 0x00000000e6600000| Complete 
| 103|0x00000000e6700000, 0x00000000e6700000, 0x00000000e6800000|  0%| F|  |TAMS 0x00000000e6700000, 0x00000000e6700000| Untracked 
| 104|0x00000000e6800000, 0x00000000e6800000, 0x00000000e6900000|  0%| F|  |TAMS 0x00000000e6800000, 0x00000000e6800000| Untracked 
| 105|0x00000000e6900000, 0x00000000e6900000, 0x00000000e6a00000|  0%| F|  |TAMS 0x00000000e6900000, 0x00000000e6900000| Untracked 
| 106|0x00000000e6a00000, 0x00000000e6a00000, 0x00000000e6b00000|  0%| F|  |TAMS 0x00000000e6a00000, 0x00000000e6a00000| Untracked 
| 107|0x00000000e6b00000, 0x00000000e6b00000, 0x00000000e6c00000|  0%| F|  |TAMS 0x00000000e6b00000, 0x00000000e6b00000| Untracked 
| 108|0x00000000e6c00000, 0x00000000e6c00000, 0x00000000e6d00000|  0%| F|  |TAMS 0x00000000e6c00000, 0x00000000e6c00000| Untracked 
| 109|0x00000000e6d00000, 0x00000000e6d00000, 0x00000000e6e00000|  0%| F|  |TAMS 0x00000000e6d00000, 0x00000000e6d00000| Untracked 
| 110|0x00000000e6e00000, 0x00000000e6e00000, 0x00000000e6f00000|  0%| F|  |TAMS 0x00000000e6e00000, 0x00000000e6e00000| Untracked 
| 111|0x00000000e6f00000, 0x00000000e6f00000, 0x00000000e7000000|  0%| F|  |TAMS 0x00000000e6f00000, 0x00000000e6f00000| Untracked 
| 112|0x00000000e7000000, 0x00000000e7000000, 0x00000000e7100000|  0%| F|  |TAMS 0x00000000e7000000, 0x00000000e7000000| Untracked 
| 113|0x00000000e7100000, 0x00000000e7100000, 0x00000000e7200000|  0%| F|  |TAMS 0x00000000e7100000, 0x00000000e7100000| Untracked 
| 114|0x00000000e7200000, 0x00000000e7200000, 0x00000000e7300000|  0%| F|  |TAMS 0x00000000e7200000, 0x00000000e7200000| Untracked 
| 115|0x00000000e7300000, 0x00000000e7300000, 0x00000000e7400000|  0%| F|  |TAMS 0x00000000e7300000, 0x00000000e7300000| Untracked 
| 116|0x00000000e7400000, 0x00000000e7400000, 0x00000000e7500000|  0%| F|  |TAMS 0x00000000e7400000, 0x00000000e7400000| Untracked 
| 117|0x00000000e7500000, 0x00000000e7500000, 0x00000000e7600000|  0%| F|  |TAMS 0x00000000e7500000, 0x00000000e7500000| Untracked 
| 118|0x00000000e7600000, 0x00000000e7600000, 0x00000000e7700000|  0%| F|  |TAMS 0x00000000e7600000, 0x00000000e7600000| Untracked 
| 119|0x00000000e7700000, 0x00000000e7700000, 0x00000000e7800000|  0%| F|  |TAMS 0x00000000e7700000, 0x00000000e7700000| Untracked 
| 120|0x00000000e7800000, 0x00000000e7800000, 0x00000000e7900000|  0%| F|  |TAMS 0x00000000e7800000, 0x00000000e7800000| Untracked 
| 121|0x00000000e7900000, 0x00000000e7900000, 0x00000000e7a00000|  0%| F|  |TAMS 0x00000000e7900000, 0x00000000e7900000| Untracked 
| 122|0x00000000e7a00000, 0x00000000e7a00000, 0x00000000e7b00000|  0%| F|  |TAMS 0x00000000e7a00000, 0x00000000e7a00000| Untracked 
| 123|0x00000000e7b00000, 0x00000000e7b00000, 0x00000000e7c00000|  0%| F|  |TAMS 0x00000000e7b00000, 0x00000000e7b00000| Untracked 
| 124|0x00000000e7c00000, 0x00000000e7c00000, 0x00000000e7d00000|  0%| F|  |TAMS 0x00000000e7c00000, 0x00000000e7c00000| Untracked 
| 125|0x00000000e7d00000, 0x00000000e7e00000, 0x00000000e7e00000|100%| E|  |TAMS 0x00000000e7d00000, 0x00000000e7d00000| Complete 
| 126|0x00000000e7e00000, 0x00000000e7f00000, 0x00000000e7f00000|100%| E|CS|TAMS 0x00000000e7e00000, 0x00000000e7e00000| Complete 
| 127|0x00000000e7f00000, 0x00000000e8000000, 0x00000000e8000000|100%| E|CS|TAMS 0x00000000e7f00000, 0x00000000e7f00000| Complete 
| 128|0x00000000e8000000, 0x00000000e8100000, 0x00000000e8100000|100%| E|CS|TAMS 0x00000000e8000000, 0x00000000e8000000| Complete 
| 129|0x00000000e8100000, 0x00000000e8200000, 0x00000000e8200000|100%| E|CS|TAMS 0x00000000e8100000, 0x00000000e8100000| Complete 
| 130|0x00000000e8200000, 0x00000000e8300000, 0x00000000e8300000|100%| E|CS|TAMS 0x00000000e8200000, 0x00000000e8200000| Complete 
| 131|0x00000000e8300000, 0x00000000e8400000, 0x00000000e8400000|100%| E|CS|TAMS 0x00000000e8300000, 0x00000000e8300000| Complete 
| 132|0x00000000e8400000, 0x00000000e8500000, 0x00000000e8500000|100%| E|CS|TAMS 0x00000000e8400000, 0x00000000e8400000| Complete 
| 133|0x00000000e8500000, 0x00000000e8600000, 0x00000000e8600000|100%| E|CS|TAMS 0x00000000e8500000, 0x00000000e8500000| Complete 
| 134|0x00000000e8600000, 0x00000000e8700000, 0x00000000e8700000|100%| E|CS|TAMS 0x00000000e8600000, 0x00000000e8600000| Complete 
| 135|0x00000000e8700000, 0x00000000e8800000, 0x00000000e8800000|100%| E|CS|TAMS 0x00000000e8700000, 0x00000000e8700000| Complete 
| 136|0x00000000e8800000, 0x00000000e8900000, 0x00000000e8900000|100%| E|CS|TAMS 0x00000000e8800000, 0x00000000e8800000| Complete 
| 137|0x00000000e8900000, 0x00000000e8a00000, 0x00000000e8a00000|100%| E|CS|TAMS 0x00000000e8900000, 0x00000000e8900000| Complete 
| 138|0x00000000e8a00000, 0x00000000e8b00000, 0x00000000e8b00000|100%| E|CS|TAMS 0x00000000e8a00000, 0x00000000e8a00000| Complete 
| 139|0x00000000e8b00000, 0x00000000e8c00000, 0x00000000e8c00000|100%| E|CS|TAMS 0x00000000e8b00000, 0x00000000e8b00000| Complete 
| 140|0x00000000e8c00000, 0x00000000e8d00000, 0x00000000e8d00000|100%| E|CS|TAMS 0x00000000e8c00000, 0x00000000e8c00000| Complete 
| 141|0x00000000e8d00000, 0x00000000e8e00000, 0x00000000e8e00000|100%| E|CS|TAMS 0x00000000e8d00000, 0x00000000e8d00000| Complete 
| 142|0x00000000e8e00000, 0x00000000e8f00000, 0x00000000e8f00000|100%| E|CS|TAMS 0x00000000e8e00000, 0x00000000e8e00000| Complete 
| 143|0x00000000e8f00000, 0x00000000e9000000, 0x00000000e9000000|100%| E|CS|TAMS 0x00000000e8f00000, 0x00000000e8f00000| Complete 
| 144|0x00000000e9000000, 0x00000000e9100000, 0x00000000e9100000|100%| E|CS|TAMS 0x00000000e9000000, 0x00000000e9000000| Complete 
| 145|0x00000000e9100000, 0x00000000e9200000, 0x00000000e9200000|100%| E|CS|TAMS 0x00000000e9100000, 0x00000000e9100000| Complete 
| 146|0x00000000e9200000, 0x00000000e9300000, 0x00000000e9300000|100%| E|CS|TAMS 0x00000000e9200000, 0x00000000e9200000| Complete 
| 147|0x00000000e9300000, 0x00000000e9400000, 0x00000000e9400000|100%| E|CS|TAMS 0x00000000e9300000, 0x00000000e9300000| Complete 
| 148|0x00000000e9400000, 0x00000000e9500000, 0x00000000e9500000|100%| E|CS|TAMS 0x00000000e9400000, 0x00000000e9400000| Complete 
| 149|0x00000000e9500000, 0x00000000e9600000, 0x00000000e9600000|100%| E|CS|TAMS 0x00000000e9500000, 0x00000000e9500000| Complete 
| 150|0x00000000e9600000, 0x00000000e9700000, 0x00000000e9700000|100%| E|CS|TAMS 0x00000000e9600000, 0x00000000e9600000| Complete 
| 151|0x00000000e9700000, 0x00000000e9800000, 0x00000000e9800000|100%| E|CS|TAMS 0x00000000e9700000, 0x00000000e9700000| Complete 
| 152|0x00000000e9800000, 0x00000000e9900000, 0x00000000e9900000|100%| E|CS|TAMS 0x00000000e9800000, 0x00000000e9800000| Complete 
| 153|0x00000000e9900000, 0x00000000e9a00000, 0x00000000e9a00000|100%| E|CS|TAMS 0x00000000e9900000, 0x00000000e9900000| Complete 
| 154|0x00000000e9a00000, 0x00000000e9b00000, 0x00000000e9b00000|100%| E|CS|TAMS 0x00000000e9a00000, 0x00000000e9a00000| Complete 
| 155|0x00000000e9b00000, 0x00000000e9c00000, 0x00000000e9c00000|100%| E|CS|TAMS 0x00000000e9b00000, 0x00000000e9b00000| Complete 
| 156|0x00000000e9c00000, 0x00000000e9d00000, 0x00000000e9d00000|100%| E|CS|TAMS 0x00000000e9c00000, 0x00000000e9c00000| Complete 
| 157|0x00000000e9d00000, 0x00000000e9e00000, 0x00000000e9e00000|100%| E|CS|TAMS 0x00000000e9d00000, 0x00000000e9d00000| Complete 
| 158|0x00000000e9e00000, 0x00000000e9f00000, 0x00000000e9f00000|100%| E|  |TAMS 0x00000000e9e00000, 0x00000000e9e00000| Complete 
| 159|0x00000000e9f00000, 0x00000000ea000000, 0x00000000ea000000|100%| E|CS|TAMS 0x00000000e9f00000, 0x00000000e9f00000| Complete 
| 160|0x00000000ea000000, 0x00000000ea100000, 0x00000000ea100000|100%| E|CS|TAMS 0x00000000ea000000, 0x00000000ea000000| Complete 
| 161|0x00000000ea100000, 0x00000000ea200000, 0x00000000ea200000|100%| E|CS|TAMS 0x00000000ea100000, 0x00000000ea100000| Complete 
| 162|0x00000000ea200000, 0x00000000ea300000, 0x00000000ea300000|100%| E|CS|TAMS 0x00000000ea200000, 0x00000000ea200000| Complete 
| 163|0x00000000ea300000, 0x00000000ea400000, 0x00000000ea400000|100%| E|CS|TAMS 0x00000000ea300000, 0x00000000ea300000| Complete 
| 164|0x00000000ea400000, 0x00000000ea500000, 0x00000000ea500000|100%| E|CS|TAMS 0x00000000ea400000, 0x00000000ea400000| Complete 
| 165|0x00000000ea500000, 0x00000000ea600000, 0x00000000ea600000|100%| E|CS|TAMS 0x00000000ea500000, 0x00000000ea500000| Complete 
| 166|0x00000000ea600000, 0x00000000ea700000, 0x00000000ea700000|100%| E|CS|TAMS 0x00000000ea600000, 0x00000000ea600000| Complete 
| 167|0x00000000ea700000, 0x00000000ea800000, 0x00000000ea800000|100%| E|CS|TAMS 0x00000000ea700000, 0x00000000ea700000| Complete 
| 168|0x00000000ea800000, 0x00000000ea900000, 0x00000000ea900000|100%| E|CS|TAMS 0x00000000ea800000, 0x00000000ea800000| Complete 
| 169|0x00000000ea900000, 0x00000000eaa00000, 0x00000000eaa00000|100%| E|CS|TAMS 0x00000000ea900000, 0x00000000ea900000| Complete 
| 170|0x00000000eaa00000, 0x00000000eab00000, 0x00000000eab00000|100%| E|CS|TAMS 0x00000000eaa00000, 0x00000000eaa00000| Complete 
| 171|0x00000000eab00000, 0x00000000eac00000, 0x00000000eac00000|100%| E|CS|TAMS 0x00000000eab00000, 0x00000000eab00000| Complete 
| 172|0x00000000eac00000, 0x00000000ead00000, 0x00000000ead00000|100%| E|CS|TAMS 0x00000000eac00000, 0x00000000eac00000| Complete 
| 173|0x00000000ead00000, 0x00000000eae00000, 0x00000000eae00000|100%| E|CS|TAMS 0x00000000ead00000, 0x00000000ead00000| Complete 
| 174|0x00000000eae00000, 0x00000000eaf00000, 0x00000000eaf00000|100%| E|CS|TAMS 0x00000000eae00000, 0x00000000eae00000| Complete 
| 175|0x00000000eaf00000, 0x00000000eb000000, 0x00000000eb000000|100%| E|CS|TAMS 0x00000000eaf00000, 0x00000000eaf00000| Complete 
| 176|0x00000000eb000000, 0x00000000eb100000, 0x00000000eb100000|100%| E|CS|TAMS 0x00000000eb000000, 0x00000000eb000000| Complete 
| 177|0x00000000eb100000, 0x00000000eb200000, 0x00000000eb200000|100%| E|CS|TAMS 0x00000000eb100000, 0x00000000eb100000| Complete 
| 178|0x00000000eb200000, 0x00000000eb300000, 0x00000000eb300000|100%| E|CS|TAMS 0x00000000eb200000, 0x00000000eb200000| Complete 
| 179|0x00000000eb300000, 0x00000000eb400000, 0x00000000eb400000|100%| E|CS|TAMS 0x00000000eb300000, 0x00000000eb300000| Complete 
| 180|0x00000000eb400000, 0x00000000eb500000, 0x00000000eb500000|100%| E|CS|TAMS 0x00000000eb400000, 0x00000000eb400000| Complete 
| 181|0x00000000eb500000, 0x00000000eb600000, 0x00000000eb600000|100%| E|CS|TAMS 0x00000000eb500000, 0x00000000eb500000| Complete 
| 182|0x00000000eb600000, 0x00000000eb700000, 0x00000000eb700000|100%| E|CS|TAMS 0x00000000eb600000, 0x00000000eb600000| Complete 
| 183|0x00000000eb700000, 0x00000000eb800000, 0x00000000eb800000|100%| E|CS|TAMS 0x00000000eb700000, 0x00000000eb700000| Complete 
| 184|0x00000000eb800000, 0x00000000eb900000, 0x00000000eb900000|100%| E|CS|TAMS 0x00000000eb800000, 0x00000000eb800000| Complete 
| 185|0x00000000eb900000, 0x00000000eba00000, 0x00000000eba00000|100%| E|CS|TAMS 0x00000000eb900000, 0x00000000eb900000| Complete 
| 186|0x00000000eba00000, 0x00000000ebb00000, 0x00000000ebb00000|100%| E|CS|TAMS 0x00000000eba00000, 0x00000000eba00000| Complete 
| 187|0x00000000ebb00000, 0x00000000ebc00000, 0x00000000ebc00000|100%| E|CS|TAMS 0x00000000ebb00000, 0x00000000ebb00000| Complete 
| 188|0x00000000ebc00000, 0x00000000ebd00000, 0x00000000ebd00000|100%| E|CS|TAMS 0x00000000ebc00000, 0x00000000ebc00000| Complete 
| 189|0x00000000ebd00000, 0x00000000ebe00000, 0x00000000ebe00000|100%| E|CS|TAMS 0x00000000ebd00000, 0x00000000ebd00000| Complete 
| 190|0x00000000ebe00000, 0x00000000ebf00000, 0x00000000ebf00000|100%| E|CS|TAMS 0x00000000ebe00000, 0x00000000ebe00000| Complete 
| 191|0x00000000ebf00000, 0x00000000ec000000, 0x00000000ec000000|100%| E|CS|TAMS 0x00000000ebf00000, 0x00000000ebf00000| Complete 
| 192|0x00000000ec000000, 0x00000000ec100000, 0x00000000ec100000|100%| E|CS|TAMS 0x00000000ec000000, 0x00000000ec000000| Complete 
| 193|0x00000000ec100000, 0x00000000ec200000, 0x00000000ec200000|100%| E|CS|TAMS 0x00000000ec100000, 0x00000000ec100000| Complete 
| 194|0x00000000ec200000, 0x00000000ec300000, 0x00000000ec300000|100%| E|CS|TAMS 0x00000000ec200000, 0x00000000ec200000| Complete 
| 195|0x00000000ec300000, 0x00000000ec400000, 0x00000000ec400000|100%| E|CS|TAMS 0x00000000ec300000, 0x00000000ec300000| Complete 
| 196|0x00000000ec400000, 0x00000000ec500000, 0x00000000ec500000|100%| E|CS|TAMS 0x00000000ec400000, 0x00000000ec400000| Complete 
| 197|0x00000000ec500000, 0x00000000ec600000, 0x00000000ec600000|100%| E|CS|TAMS 0x00000000ec500000, 0x00000000ec500000| Complete 
| 198|0x00000000ec600000, 0x00000000ec700000, 0x00000000ec700000|100%| E|CS|TAMS 0x00000000ec600000, 0x00000000ec600000| Complete 
| 199|0x00000000ec700000, 0x00000000ec800000, 0x00000000ec800000|100%| E|CS|TAMS 0x00000000ec700000, 0x00000000ec700000| Complete 
| 200|0x00000000ec800000, 0x00000000ec900000, 0x00000000ec900000|100%| E|CS|TAMS 0x00000000ec800000, 0x00000000ec800000| Complete 
| 201|0x00000000ec900000, 0x00000000eca00000, 0x00000000eca00000|100%| E|CS|TAMS 0x00000000ec900000, 0x00000000ec900000| Complete 
| 202|0x00000000eca00000, 0x00000000ecb00000, 0x00000000ecb00000|100%| E|CS|TAMS 0x00000000eca00000, 0x00000000eca00000| Complete 
| 203|0x00000000ecb00000, 0x00000000ecc00000, 0x00000000ecc00000|100%| E|CS|TAMS 0x00000000ecb00000, 0x00000000ecb00000| Complete 
| 204|0x00000000ecc00000, 0x00000000ecd00000, 0x00000000ecd00000|100%| E|CS|TAMS 0x00000000ecc00000, 0x00000000ecc00000| Complete 
| 205|0x00000000ecd00000, 0x00000000ece00000, 0x00000000ece00000|100%| E|CS|TAMS 0x00000000ecd00000, 0x00000000ecd00000| Complete 
| 206|0x00000000ece00000, 0x00000000ecf00000, 0x00000000ecf00000|100%| E|CS|TAMS 0x00000000ece00000, 0x00000000ece00000| Complete 
| 207|0x00000000ecf00000, 0x00000000ed000000, 0x00000000ed000000|100%| E|CS|TAMS 0x00000000ecf00000, 0x00000000ecf00000| Complete 
| 208|0x00000000ed000000, 0x00000000ed100000, 0x00000000ed100000|100%| E|CS|TAMS 0x00000000ed000000, 0x00000000ed000000| Complete 
| 209|0x00000000ed100000, 0x00000000ed200000, 0x00000000ed200000|100%| E|CS|TAMS 0x00000000ed100000, 0x00000000ed100000| Complete 
| 210|0x00000000ed200000, 0x00000000ed300000, 0x00000000ed300000|100%| E|CS|TAMS 0x00000000ed200000, 0x00000000ed200000| Complete 
| 211|0x00000000ed300000, 0x00000000ed400000, 0x00000000ed400000|100%| E|CS|TAMS 0x00000000ed300000, 0x00000000ed300000| Complete 
| 212|0x00000000ed400000, 0x00000000ed500000, 0x00000000ed500000|100%| E|CS|TAMS 0x00000000ed400000, 0x00000000ed400000| Complete 
| 213|0x00000000ed500000, 0x00000000ed600000, 0x00000000ed600000|100%| E|CS|TAMS 0x00000000ed500000, 0x00000000ed500000| Complete 
| 214|0x00000000ed600000, 0x00000000ed700000, 0x00000000ed700000|100%| E|CS|TAMS 0x00000000ed600000, 0x00000000ed600000| Complete 
| 215|0x00000000ed700000, 0x00000000ed800000, 0x00000000ed800000|100%| E|CS|TAMS 0x00000000ed700000, 0x00000000ed700000| Complete 
| 216|0x00000000ed800000, 0x00000000ed900000, 0x00000000ed900000|100%| E|CS|TAMS 0x00000000ed800000, 0x00000000ed800000| Complete 
| 217|0x00000000ed900000, 0x00000000eda00000, 0x00000000eda00000|100%| E|CS|TAMS 0x00000000ed900000, 0x00000000ed900000| Complete 
| 218|0x00000000eda00000, 0x00000000edb00000, 0x00000000edb00000|100%| E|CS|TAMS 0x00000000eda00000, 0x00000000eda00000| Complete 
| 219|0x00000000edb00000, 0x00000000edc00000, 0x00000000edc00000|100%| E|CS|TAMS 0x00000000edb00000, 0x00000000edb00000| Complete 
| 220|0x00000000edc00000, 0x00000000edd00000, 0x00000000edd00000|100%| E|CS|TAMS 0x00000000edc00000, 0x00000000edc00000| Complete 
| 221|0x00000000edd00000, 0x00000000ede00000, 0x00000000ede00000|100%| E|CS|TAMS 0x00000000edd00000, 0x00000000edd00000| Complete 
| 222|0x00000000ede00000, 0x00000000edf00000, 0x00000000edf00000|100%| E|CS|TAMS 0x00000000ede00000, 0x00000000ede00000| Complete 
| 223|0x00000000edf00000, 0x00000000ee000000, 0x00000000ee000000|100%| E|CS|TAMS 0x00000000edf00000, 0x00000000edf00000| Complete 
| 224|0x00000000ee000000, 0x00000000ee100000, 0x00000000ee100000|100%| E|CS|TAMS 0x00000000ee000000, 0x00000000ee000000| Complete 
| 225|0x00000000ee100000, 0x00000000ee200000, 0x00000000ee200000|100%| E|CS|TAMS 0x00000000ee100000, 0x00000000ee100000| Complete 
| 226|0x00000000ee200000, 0x00000000ee300000, 0x00000000ee300000|100%| E|CS|TAMS 0x00000000ee200000, 0x00000000ee200000| Complete 
| 227|0x00000000ee300000, 0x00000000ee400000, 0x00000000ee400000|100%| E|CS|TAMS 0x00000000ee300000, 0x00000000ee300000| Complete 
| 228|0x00000000ee400000, 0x00000000ee500000, 0x00000000ee500000|100%| E|CS|TAMS 0x00000000ee400000, 0x00000000ee400000| Complete 
| 229|0x00000000ee500000, 0x00000000ee600000, 0x00000000ee600000|100%| E|CS|TAMS 0x00000000ee500000, 0x00000000ee500000| Complete 
| 230|0x00000000ee600000, 0x00000000ee700000, 0x00000000ee700000|100%| E|CS|TAMS 0x00000000ee600000, 0x00000000ee600000| Complete 
| 231|0x00000000ee700000, 0x00000000ee800000, 0x00000000ee800000|100%| E|CS|TAMS 0x00000000ee700000, 0x00000000ee700000| Complete 
| 232|0x00000000ee800000, 0x00000000ee900000, 0x00000000ee900000|100%| E|CS|TAMS 0x00000000ee800000, 0x00000000ee800000| Complete 
| 233|0x00000000ee900000, 0x00000000eea00000, 0x00000000eea00000|100%| E|CS|TAMS 0x00000000ee900000, 0x00000000ee900000| Complete 
| 234|0x00000000eea00000, 0x00000000eeb00000, 0x00000000eeb00000|100%| E|CS|TAMS 0x00000000eea00000, 0x00000000eea00000| Complete 
| 235|0x00000000eeb00000, 0x00000000eec00000, 0x00000000eec00000|100%| E|CS|TAMS 0x00000000eeb00000, 0x00000000eeb00000| Complete 
| 236|0x00000000eec00000, 0x00000000eed00000, 0x00000000eed00000|100%| E|CS|TAMS 0x00000000eec00000, 0x00000000eec00000| Complete 
| 237|0x00000000eed00000, 0x00000000eee00000, 0x00000000eee00000|100%| E|CS|TAMS 0x00000000eed00000, 0x00000000eed00000| Complete 
| 238|0x00000000eee00000, 0x00000000eef00000, 0x00000000eef00000|100%| E|CS|TAMS 0x00000000eee00000, 0x00000000eee00000| Complete 
| 239|0x00000000eef00000, 0x00000000ef000000, 0x00000000ef000000|100%| E|CS|TAMS 0x00000000eef00000, 0x00000000eef00000| Complete 
| 240|0x00000000ef000000, 0x00000000ef100000, 0x00000000ef100000|100%| E|CS|TAMS 0x00000000ef000000, 0x00000000ef000000| Complete 
| 241|0x00000000ef100000, 0x00000000ef200000, 0x00000000ef200000|100%| E|CS|TAMS 0x00000000ef100000, 0x00000000ef100000| Complete 
| 242|0x00000000ef200000, 0x00000000ef300000, 0x00000000ef300000|100%| E|CS|TAMS 0x00000000ef200000, 0x00000000ef200000| Complete 
| 243|0x00000000ef300000, 0x00000000ef400000, 0x00000000ef400000|100%| E|CS|TAMS 0x00000000ef300000, 0x00000000ef300000| Complete 
| 244|0x00000000ef400000, 0x00000000ef500000, 0x00000000ef500000|100%| E|CS|TAMS 0x00000000ef400000, 0x00000000ef400000| Complete 
| 245|0x00000000ef500000, 0x00000000ef600000, 0x00000000ef600000|100%| E|CS|TAMS 0x00000000ef500000, 0x00000000ef500000| Complete 
| 246|0x00000000ef600000, 0x00000000ef700000, 0x00000000ef700000|100%| E|CS|TAMS 0x00000000ef600000, 0x00000000ef600000| Complete 
| 247|0x00000000ef700000, 0x00000000ef800000, 0x00000000ef800000|100%| E|CS|TAMS 0x00000000ef700000, 0x00000000ef700000| Complete 
| 248|0x00000000ef800000, 0x00000000ef900000, 0x00000000ef900000|100%| E|CS|TAMS 0x00000000ef800000, 0x00000000ef800000| Complete 
| 249|0x00000000ef900000, 0x00000000efa00000, 0x00000000efa00000|100%| E|CS|TAMS 0x00000000ef900000, 0x00000000ef900000| Complete 
| 250|0x00000000efa00000, 0x00000000efb00000, 0x00000000efb00000|100%| E|CS|TAMS 0x00000000efa00000, 0x00000000efa00000| Complete 
| 251|0x00000000efb00000, 0x00000000efc00000, 0x00000000efc00000|100%| E|CS|TAMS 0x00000000efb00000, 0x00000000efb00000| Complete 
| 252|0x00000000efc00000, 0x00000000efd00000, 0x00000000efd00000|100%| E|CS|TAMS 0x00000000efc00000, 0x00000000efc00000| Complete 
| 253|0x00000000efd00000, 0x00000000efe00000, 0x00000000efe00000|100%| E|CS|TAMS 0x00000000efd00000, 0x00000000efd00000| Complete 
| 254|0x00000000efe00000, 0x00000000eff00000, 0x00000000eff00000|100%| E|CS|TAMS 0x00000000efe00000, 0x00000000efe00000| Complete 
| 255|0x00000000eff00000, 0x00000000f0000000, 0x00000000f0000000|100%| E|CS|TAMS 0x00000000eff00000, 0x00000000eff00000| Complete 

Card table byte_map: [0x000001c3e84d0000,0x000001c3e85d0000] _byte_map_base: 0x000001c3e7dd0000

Marking Bits (Prev, Next): (CMBitMap*) 0x000001c3d0904fb8, (CMBitMap*) 0x000001c3d0904ff8
 Prev Bits: [0x000001c3e86d0000, 0x000001c3e8ed0000)
 Next Bits: [0x000001c3e8ed0000, 0x000001c3e96d0000)

Polling page: 0x000001c3ce740000

Metaspace:

Usage:
  Non-class:     50.33 MB capacity,    49.25 MB ( 98%) used,   943.17 KB (  2%) free+waste,   165.31 KB ( <1%) overhead. 
      Class:      8.26 MB capacity,     7.64 MB ( 93%) used,   553.10 KB (  7%) free+waste,    80.56 KB ( <1%) overhead. 
       Both:     58.59 MB capacity,    56.89 MB ( 97%) used,     1.46 MB (  2%) free+waste,   245.88 KB ( <1%) overhead. 

Virtual space:
  Non-class space:       52.00 MB reserved,      50.51 MB ( 97%) committed 
      Class space:      248.00 MB reserved,       8.38 MB (  3%) committed 
             Both:      300.00 MB reserved,      58.88 MB ( 20%) committed 

Chunk freelists:
   Non-Class:  0 bytes
       Class:  22.00 KB
        Both:  22.00 KB

MaxMetaspaceSize: 256.00 MB
CompressedClassSpaceSize: 248.00 MB

CodeHeap 'non-profiled nmethods': size=120000Kb used=5112Kb max_used=5112Kb free=114887Kb
 bounds [0x000001c3e0b60000, 0x000001c3e1060000, 0x000001c3e8090000]
CodeHeap 'profiled nmethods': size=120000Kb used=15879Kb max_used=15879Kb free=104120Kb
 bounds [0x000001c3d9630000, 0x000001c3da5c0000, 0x000001c3e0b60000]
CodeHeap 'non-nmethods': size=5760Kb used=2456Kb max_used=2577Kb free=3303Kb
 bounds [0x000001c3d9090000, 0x000001c3d9330000, 0x000001c3d9630000]
 total_blobs=10133 nmethods=6620 adapters=765
 compilation: enabled
              stopped_count=0, restarted_count=0
 full_count=0

Compilation events (20 events):
Event: 10.316 Thread 0x000001c3ec140000 7230       3       java.util.concurrent.ThreadPoolExecutor::runStateAtLeast (11 bytes)
Event: 10.316 Thread 0x000001c3ec140000 nmethod 7230 0x000001c3da5a3a10 code [0x000001c3da5a3ba0, 0x000001c3da5a3cd8]
Event: 10.319 Thread 0x000001c3eef04000 nmethod 7221 0x000001c3e1049e90 code [0x000001c3e104a0a0, 0x000001c3e104a4a8]
Event: 10.319 Thread 0x000001c3eef04000 7223       4       sun.net.www.ParseUtil::encodePath (41 bytes)
Event: 10.325 Thread 0x000001c3eef04000 nmethod 7223 0x000001c3e104a890 code [0x000001c3e104aae0, 0x000001c3e104afd8]
Event: 10.327 Thread 0x000001c3ec140000 7231       3       javax.management.ObjectName::construct (1135 bytes)
Event: 10.331 Thread 0x000001c3ec140000 nmethod 7231 0x000001c3da5a3d90 code [0x000001c3da5a44c0, 0x000001c3da5a8c08]
Event: 10.394 Thread 0x000001c3f0cee800 nmethod 6227 0x000001c3e104b310 code [0x000001c3e104c300, 0x000001c3e105a140]
Event: 10.600 Thread 0x000001c3ec140000 7232       3       org.gradle.internal.io.StreamByteBuffer::allocateSpace (73 bytes)
Event: 10.600 Thread 0x000001c3ec140000 nmethod 7232 0x000001c3da5aad90 code [0x000001c3da5aafa0, 0x000001c3da5ab748]
Event: 10.600 Thread 0x000001c3ec140000 7235       3       org.gradle.internal.logging.text.AbstractLineChoppingStyledTextOutput$1::execute (9 bytes)
Event: 10.600 Thread 0x000001c3ec140000 nmethod 7235 0x000001c3da5aba10 code [0x000001c3da5abbc0, 0x000001c3da5abe28]
Event: 10.601 Thread 0x000001c3ec140000 7236       3       org.gradle.internal.logging.text.AbstractLineChoppingStyledTextOutput$1::execute (130 bytes)
Event: 10.601 Thread 0x000001c3ec140000 nmethod 7236 0x000001c3da5abf10 code [0x000001c3da5ac1c0, 0x000001c3da5ace58]
Event: 10.601 Thread 0x000001c3ec140000 7238       3       org.gradle.internal.logging.text.AbstractLineChoppingStyledTextOutput$2::execute (73 bytes)
Event: 10.602 Thread 0x000001c3ec140000 nmethod 7238 0x000001c3da5ad390 code [0x000001c3da5ad600, 0x000001c3da5ae018]
Event: 10.602 Thread 0x000001c3ec140000 7233       3       org.gradle.internal.io.StreamByteBuffer$StreamByteBufferChunk::spaceLeft (10 bytes)
Event: 10.602 Thread 0x000001c3ec140000 nmethod 7233 0x000001c3da5ae490 code [0x000001c3da5ae620, 0x000001c3da5ae738]
Event: 10.602 Thread 0x000001c3ec140000 7234       1       org.gradle.internal.io.StreamByteBuffer::access$000 (5 bytes)
Event: 10.602 Thread 0x000001c3ec140000 nmethod 7234 0x000001c3e105dd10 code [0x000001c3e105dea0, 0x000001c3e105df38]

GC Heap History (10 events):
Event: 0.690 GC heap before
{Heap before GC invocations=0 (full 0):
 garbage-first heap   total 262144K, used 28672K [0x00000000e0000000, 0x0000000100000000)
  region size 1024K, 23 young (23552K), 0 survivors (0K)
 Metaspace       used 3641K, capacity 6507K, committed 6656K, reserved 262144K
  class space    used 470K, capacity 763K, committed 768K, reserved 253952K
}
Event: 0.695 GC heap after
{Heap after GC invocations=1 (full 0):
 garbage-first heap   total 262144K, used 8615K [0x00000000e0000000, 0x0000000100000000)
  region size 1024K, 3 young (3072K), 3 survivors (3072K)
 Metaspace       used 3641K, capacity 6507K, committed 6656K, reserved 262144K
  class space    used 470K, capacity 763K, committed 768K, reserved 253952K
}
Event: 1.008 GC heap before
{Heap before GC invocations=1 (full 0):
 garbage-first heap   total 262144K, used 36263K [0x00000000e0000000, 0x0000000100000000)
  region size 1024K, 31 young (31744K), 3 survivors (3072K)
 Metaspace       used 4156K, capacity 6724K, committed 7040K, reserved 262144K
  class space    used 516K, capacity 771K, committed 896K, reserved 253952K
}
Event: 1.012 GC heap after
{Heap after GC invocations=2 (full 0):
 garbage-first heap   total 262144K, used 13005K [0x00000000e0000000, 0x0000000100000000)
  region size 1024K, 4 young (4096K), 4 survivors (4096K)
 Metaspace       used 4156K, capacity 6724K, committed 7040K, reserved 262144K
  class space    used 516K, capacity 771K, committed 896K, reserved 253952K
}
Event: 3.430 GC heap before
{Heap before GC invocations=2 (full 0):
 garbage-first heap   total 262144K, used 127693K [0x00000000e0000000, 0x0000000100000000)
  region size 1024K, 117 young (119808K), 4 survivors (4096K)
 Metaspace       used 20647K, capacity 21213K, committed 21296K, reserved 272384K
  class space    used 2993K, capacity 3199K, committed 3200K, reserved 253952K
}
Event: 3.437 GC heap after
{Heap after GC invocations=3 (full 0):
 garbage-first heap   total 262144K, used 18410K [0x00000000e0000000, 0x0000000100000000)
  region size 1024K, 10 young (10240K), 10 survivors (10240K)
 Metaspace       used 20647K, capacity 21213K, committed 21296K, reserved 272384K
  class space    used 2993K, capacity 3199K, committed 3200K, reserved 253952K
}
Event: 5.800 GC heap before
{Heap before GC invocations=4 (full 0):
 garbage-first heap   total 262144K, used 134122K [0x00000000e0000000, 0x0000000100000000)
  region size 1024K, 122 young (124928K), 10 survivors (10240K)
 Metaspace       used 34973K, capacity 35779K, committed 35920K, reserved 286720K
  class space    used 4506K, capacity 4809K, committed 4864K, reserved 253952K
}
Event: 5.812 GC heap after
{Heap after GC invocations=5 (full 0):
 garbage-first heap   total 262144K, used 24395K [0x00000000e0000000, 0x0000000100000000)
  region size 1024K, 16 young (16384K), 16 survivors (16384K)
 Metaspace       used 34973K, capacity 35779K, committed 35920K, reserved 286720K
  class space    used 4506K, capacity 4809K, committed 4864K, reserved 253952K
}
Event: 7.822 GC heap before
{Heap before GC invocations=6 (full 0):
 garbage-first heap   total 262144K, used 164683K [0x00000000e0000000, 0x0000000100000000)
  region size 1024K, 153 young (156672K), 16 survivors (16384K)
 Metaspace       used 42656K, capacity 43908K, committed 44240K, reserved 292864K
  class space    used 5741K, capacity 6190K, committed 6272K, reserved 253952K
}
Event: 7.839 GC heap after
{Heap after GC invocations=7 (full 0):
 garbage-first heap   total 262144K, used 34927K [0x00000000e0000000, 0x0000000100000000)
  region size 1024K, 17 young (17408K), 17 survivors (17408K)
 Metaspace       used 42656K, capacity 43908K, committed 44240K, reserved 292864K
  class space    used 5741K, capacity 6190K, committed 6272K, reserved 253952K
}

Deoptimization events (20 events):
Event: 10.278 Thread 0x000001c3f3349800 DEOPT PACKING pc=0x000001c3da13012c sp=0x000000191c3fdc50
Event: 10.278 Thread 0x000001c3f3349800 DEOPT UNPACKING pc=0x000001c3d90d964e sp=0x000000191c3fd1e8 mode 1
Event: 10.279 Thread 0x000001c3f3349800 DEOPT PACKING pc=0x000001c3da13012c sp=0x000000191c3fdde0
Event: 10.279 Thread 0x000001c3f3349800 DEOPT UNPACKING pc=0x000001c3d90d964e sp=0x000000191c3fd378 mode 1
Event: 10.301 Thread 0x000001c3f3349800 DEOPT PACKING pc=0x000001c3da13012c sp=0x000000191c3fe230
Event: 10.301 Thread 0x000001c3f3349800 DEOPT UNPACKING pc=0x000001c3d90d964e sp=0x000000191c3fd7c8 mode 1
Event: 10.301 Thread 0x000001c3f3349800 DEOPT PACKING pc=0x000001c3da13012c sp=0x000000191c3fe3c0
Event: 10.301 Thread 0x000001c3f3349800 DEOPT UNPACKING pc=0x000001c3d90d964e sp=0x000000191c3fd958 mode 1
Event: 10.599 Thread 0x000001c3f334d800 Uncommon trap: trap_request=0xffffff45 fr.pc=0x000001c3e0c2e40c relative=0x000000000000062c
Event: 10.599 Thread 0x000001c3f334d800 Uncommon trap: reason=unstable_if action=reinterpret pc=0x000001c3e0c2e40c method=org.gradle.internal.logging.text.AbstractLineChoppingStyledTextOutput$2.execute(Lorg/gradle/internal/logging/text/AbstractLineChoppingStyledTextOutput$StateContext;)V @ 30 c
Event: 10.599 Thread 0x000001c3f334d800 DEOPT PACKING pc=0x000001c3e0c2e40c sp=0x000000191c5fdba0
Event: 10.599 Thread 0x000001c3f334d800 DEOPT UNPACKING pc=0x000001c3d90d912f sp=0x000000191c5fda58 mode 2
Event: 10.600 Thread 0x000001c3f334d800 Uncommon trap: trap_request=0xffffff45 fr.pc=0x000001c3e0c2ffc4 relative=0x0000000000000664
Event: 10.600 Thread 0x000001c3f334d800 Uncommon trap: reason=unstable_if action=reinterpret pc=0x000001c3e0c2ffc4 method=org.gradle.internal.logging.text.AbstractLineChoppingStyledTextOutput$2.execute(Lorg/gradle/internal/logging/text/AbstractLineChoppingStyledTextOutput$StateContext;)V @ 30 c
Event: 10.600 Thread 0x000001c3f334d800 DEOPT PACKING pc=0x000001c3e0c2ffc4 sp=0x000000191c5fdb20
Event: 10.600 Thread 0x000001c3f334d800 DEOPT UNPACKING pc=0x000001c3d90d912f sp=0x000000191c5fda40 mode 2
Event: 10.600 Thread 0x000001c3f334d800 Uncommon trap: trap_request=0xffffff45 fr.pc=0x000001c3e0c3123c relative=0x000000000000045c
Event: 10.600 Thread 0x000001c3f334d800 Uncommon trap: reason=unstable_if action=reinterpret pc=0x000001c3e0c3123c method=org.gradle.internal.logging.text.AbstractLineChoppingStyledTextOutput$2.execute(Lorg/gradle/internal/logging/text/AbstractLineChoppingStyledTextOutput$StateContext;)V @ 30 c
Event: 10.600 Thread 0x000001c3f334d800 DEOPT PACKING pc=0x000001c3e0c3123c sp=0x000000191c5fda80
Event: 10.600 Thread 0x000001c3f334d800 DEOPT UNPACKING pc=0x000001c3d90d912f sp=0x000000191c5fda50 mode 2

Classes unloaded (0 events):
No events

Classes redefined (0 events):
No events

Internal exceptions (20 events):
Event: 10.126 Thread 0x000001c3f0cfb800 Exception <a 'java/lang/ClassNotFoundException'{0x00000000e83f67f0}: org/gradle/language/jvm/tasks/ProcessResourcesCustomizer> (0x00000000e83f67f0) 
thrown [./open/src/hotspot/share/classfile/systemDictionary.cpp, line 226]
Event: 10.128 Thread 0x000001c3f0cfb800 Exception <a 'java/lang/ClassNotFoundException'{0x00000000e8221a48}: org/gradle/language/jvm/tasks/ProcessResources_DecoratedCustomizer> (0x00000000e8221a48) 
thrown [./open/src/hotspot/share/classfile/systemDictionary.cpp, line 226]
Event: 10.146 Thread 0x000001c3ee76f000 Exception <a 'java/lang/NoSuchMethodError'{0x00000000e8347540}: static Lorg/gradle/internal/build/event/types/DefaultTaskSkippedResult;.<clinit>()V> (0x00000000e8347540) 
thrown [./open/src/hotspot/share/prims/jni.cpp, line 1348]
Event: 10.148 Thread 0x000001c3f0cfb800 Exception <a 'java/lang/ClassNotFoundException'{0x00000000e81092d0}: org/gradle/api/DefaultTask_DecoratedBeanInfo> (0x00000000e81092d0) 
thrown [./open/src/hotspot/share/classfile/systemDictionary.cpp, line 226]
Event: 10.148 Thread 0x000001c3f0cfb800 Exception <a 'java/lang/ClassNotFoundException'{0x00000000e8115a80}: org/gradle/api/DefaultTask_DecoratedCustomizer> (0x00000000e8115a80) 
thrown [./open/src/hotspot/share/classfile/systemDictionary.cpp, line 226]
Event: 10.160 Thread 0x000001c3f0cfb800 Exception <a 'java/lang/ClassNotFoundException'{0x00000000e81d9ae0}: org/gradle/api/internal/file/collections/DefaultConfigurableFileCollectionBeanInfo> (0x00000000e81d9ae0) 
thrown [./open/src/hotspot/share/classfile/systemDictionary.cpp, line 226]
Event: 10.161 Thread 0x000001c3f0cfb800 Exception <a 'java/lang/ClassNotFoundException'{0x00000000e81e6858}: org/gradle/api/internal/file/CompositeFileCollectionBeanInfo> (0x00000000e81e6858) 
thrown [./open/src/hotspot/share/classfile/systemDictionary.cpp, line 226]
Event: 10.162 Thread 0x000001c3f0cfb800 Exception <a 'java/lang/ClassNotFoundException'{0x00000000e81f3818}: org/gradle/api/internal/file/CompositeFileCollectionCustomizer> (0x00000000e81f3818) 
thrown [./open/src/hotspot/share/classfile/systemDictionary.cpp, line 226]
Event: 10.163 Thread 0x000001c3f0cfb800 Exception <a 'java/lang/ClassNotFoundException'{0x00000000e800c700}: org/gradle/api/internal/file/collections/DefaultConfigurableFileCollectionCustomizer> (0x00000000e800c700) 
thrown [./open/src/hotspot/share/classfile/systemDictionary.cpp, line 226]
Event: 10.194 Thread 0x000001c3f0cfb800 Exception <a 'java/lang/ClassNotFoundException'{0x00000000e7f1a950}: java/io/FileBeanInfo> (0x00000000e7f1a950) 
thrown [./open/src/hotspot/share/classfile/systemDictionary.cpp, line 226]
Event: 10.194 Thread 0x000001c3f0cfb800 Exception <a 'java/lang/ClassNotFoundException'{0x00000000e7f1f6d8}: java/io/FileCustomizer> (0x00000000e7f1f6d8) 
thrown [./open/src/hotspot/share/classfile/systemDictionary.cpp, line 226]
Event: 10.198 Thread 0x000001c3f0cfb800 Exception <a 'java/lang/ClassNotFoundException'{0x00000000e7e2c960}: java/lang/StringBeanInfo> (0x00000000e7e2c960) 
thrown [./open/src/hotspot/share/classfile/systemDictionary.cpp, line 226]
Event: 10.198 Thread 0x000001c3f0cfb800 Exception <a 'java/lang/ClassNotFoundException'{0x00000000e7e31a18}: java/lang/StringCustomizer> (0x00000000e7e31a18) 
thrown [./open/src/hotspot/share/classfile/systemDictionary.cpp, line 226]
Event: 10.211 Thread 0x000001c3f0cfb800 Exception <a 'java/lang/ClassNotFoundException'{0x00000000e7eb6200}: com/intellij/openapi/externalSystem/rt/execution/ForkedDebuggerHelperBeanInfo> (0x00000000e7eb6200) 
thrown [./open/src/hotspot/share/classfile/systemDictionary.cpp, line 226]
Event: 10.212 Thread 0x000001c3f0cfb800 Exception <a 'java/lang/ClassNotFoundException'{0x00000000e7ebdf98}: com/intellij/openapi/externalSystem/rt/execution/ForkedDebuggerHelperCustomizer> (0x00000000e7ebdf98) 
thrown [./open/src/hotspot/share/classfile/systemDictionary.cpp, line 226]
Event: 10.217 Thread 0x000001c3f0cfb800 Exception <a 'java/net/SocketException'{0x00000000e7ed1280}: Socket is not connected: shutdown> (0x00000000e7ed1280) 
thrown [./open/src/hotspot/share/prims/jni.cpp, line 620]
Event: 10.288 Thread 0x000001c3f3349800 Exception <a 'java/lang/NoSuchMethodError'{0x00000000e7d85d78}: 'void java.lang.invoke.DirectMethodHandle$Holder.invokeStatic(java.lang.Object, long)'> (0x00000000e7d85d78) 
thrown [./open/src/hotspot/share/interpreter/linkResolver.cpp, line 766]
Event: 10.298 Thread 0x000001c3f3349800 Exception <a 'java/lang/NoSuchMethodError'{0x00000000e7d8d470}: 'java.lang.Object java.lang.invoke.DirectMethodHandle$Holder.invokeStatic(java.lang.Object, java.lang.Object, long, java.lang.Object)'> (0x00000000e7d8d470) 
thrown [./open/src/hotspot/share/interpreter/linkResolver.cpp, line 766]
Event: 10.298 Thread 0x000001c3f3349800 Exception <a 'java/lang/NoSuchMethodError'{0x00000000e7d90408}: 'java.lang.Object java.lang.invoke.DirectMethodHandle$Holder.invokeStaticInit(java.lang.Object, java.lang.Object, long, java.lang.Object)'> (0x00000000e7d90408) 
thrown [./open/src/hotspot/share/interpreter/linkResolver.cpp, line 766]
Event: 10.298 Thread 0x000001c3f3349800 Exception <a 'java/lang/NoSuchMethodError'{0x00000000e7d95cf0}: 'java.lang.Object java.lang.invoke.Invokers$Holder.linkToTargetMethod(java.lang.Object, long, java.lang.Object)'> (0x00000000e7d95cf0) 
thrown [./open/src/hotspot/share/interpreter/linkResolver.cpp, line 766]

Events (20 events):
Event: 10.269 Executing VM operation: HandshakeOneThread done
Event: 10.269 Executing VM operation: HandshakeOneThread
Event: 10.269 Executing VM operation: HandshakeOneThread done
Event: 10.276 Thread 0x000001c3f3349800 Thread added: 0x000001c3f3349800
Event: 10.277 loading class java/lang/ProcessBuilder
Event: 10.277 loading class java/lang/ProcessBuilder done
Event: 10.280 loading class java/lang/ProcessImpl
Event: 10.283 loading class java/lang/ProcessImpl done
Event: 10.289 loading class java/lang/ProcessHandleImpl
Event: 10.289 loading class java/lang/ProcessHandleImpl done
Event: 10.299 loading class java/lang/ProcessImpl$2
Event: 10.299 loading class java/lang/ProcessImpl$2 done
Event: 10.299 loading class java/lang/Process$PipeInputStream
Event: 10.299 loading class java/lang/Process$PipeInputStream done
Event: 10.300 Executing VM operation: HandshakeAllThreads
Event: 10.301 Executing VM operation: HandshakeAllThreads done
Event: 10.304 Thread 0x000001c3f334a000 Thread added: 0x000001c3f334a000
Event: 10.304 Thread 0x000001c3f334d800 Thread added: 0x000001c3f334d800
Event: 10.600 Thread 0x000001c3f0cee800 Thread exited: 0x000001c3f0cee800
Event: 10.600 Thread 0x000001c3eef04000 Thread exited: 0x000001c3eef04000


Dynamic libraries:
0x00007ff6ab9c0000 - 0x00007ff6ab9cf000 	C:\Program Files\Java\jdk-14.0.1\bin\java.exe
0x00007ff9e75d0000 - 0x00007ff9e77c4000 	C:\Windows\SYSTEM32\ntdll.dll
0x00007ff9e5640000 - 0x00007ff9e56fd000 	C:\Windows\System32\KERNEL32.DLL
0x00007ff9e4e40000 - 0x00007ff9e5107000 	C:\Windows\System32\KERNELBASE.dll
0x00007ff9e5540000 - 0x00007ff9e5640000 	C:\Windows\System32\ucrtbase.dll
0x00007ff9cd900000 - 0x00007ff9cd918000 	C:\Program Files\Java\jdk-14.0.1\bin\jli.dll
0x00007ff9e5700000 - 0x00007ff9e57aa000 	C:\Windows\System32\ADVAPI32.dll
0x00007ff9e57f0000 - 0x00007ff9e588e000 	C:\Windows\System32\msvcrt.dll
0x00007ff9cc620000 - 0x00007ff9cc635000 	C:\Program Files\Java\jdk-14.0.1\bin\VCRUNTIME140.dll
0x00007ff9e6dd0000 - 0x00007ff9e6e6b000 	C:\Windows\System32\sechost.dll
0x00007ff9e7100000 - 0x00007ff9e7223000 	C:\Windows\System32\RPCRT4.dll
0x00007ff9e5fd0000 - 0x00007ff9e6170000 	C:\Windows\System32\USER32.dll
0x00007ff9e4d70000 - 0x00007ff9e4d92000 	C:\Windows\System32\win32u.dll
0x00007ff9e4150000 - 0x00007ff9e43ea000 	C:\Windows\WinSxS\amd64_microsoft.windows.common-controls_6595b64144ccf1df_6.0.19041.1_none_b555e41d4684ddec\COMCTL32.dll
0x00007ff9e6790000 - 0x00007ff9e67ba000 	C:\Windows\System32\GDI32.dll
0x00007ff9e52a0000 - 0x00007ff9e53aa000 	C:\Windows\System32\gdi32full.dll
0x00007ff9e4da0000 - 0x00007ff9e4e3d000 	C:\Windows\System32\msvcp_win.dll
0x00007ff9de920000 - 0x00007ff9de92a000 	C:\Windows\SYSTEM32\VERSION.dll
0x00007ff9e57b0000 - 0x00007ff9e57e0000 	C:\Windows\System32\IMM32.DLL
0x00007ff9c8590000 - 0x00007ff9c862b000 	C:\Program Files\Java\jdk-14.0.1\bin\msvcp140.dll
0x00007ff99e200000 - 0x00007ff99ed1e000 	C:\Program Files\Java\jdk-14.0.1\bin\server\jvm.dll
0x00007ff9e6780000 - 0x00007ff9e6788000 	C:\Windows\System32\PSAPI.DLL
0x00007ff9d1610000 - 0x00007ff9d1619000 	C:\Windows\SYSTEM32\WSOCK32.dll
0x00007ff9d70b0000 - 0x00007ff9d70d7000 	C:\Windows\SYSTEM32\WINMM.dll
0x00007ff9e6710000 - 0x00007ff9e677b000 	C:\Windows\System32\WS2_32.dll
0x00007ff9e2680000 - 0x00007ff9e2693000 	C:\Windows\SYSTEM32\kernel.appcore.dll
0x00007ff9d4bf0000 - 0x00007ff9d4bfa000 	C:\Program Files\Java\jdk-14.0.1\bin\jimage.dll
0x00007ff9e47f0000 - 0x00007ff9e49d4000 	C:\Windows\SYSTEM32\DBGHELP.DLL
0x00007ff9e4510000 - 0x00007ff9e453c000 	C:\Windows\SYSTEM32\dbgcore.DLL
0x00007ff9e5460000 - 0x00007ff9e54df000 	C:\Windows\System32\bcryptPrimitives.dll
0x00007ff9d3d10000 - 0x00007ff9d3d48000 	C:\Program Files\Java\jdk-14.0.1\bin\jdwp.dll
0x00007ff9cb080000 - 0x00007ff9cb0a5000 	C:\Program Files\Java\jdk-14.0.1\bin\java.dll
0x00007ff9cadd0000 - 0x00007ff9cade6000 	C:\Program Files\Java\jdk-14.0.1\bin\zip.dll
0x00007ff9e5890000 - 0x00007ff9e5fc5000 	C:\Windows\System32\SHELL32.dll
0x00007ff9e2880000 - 0x00007ff9e300f000 	C:\Windows\SYSTEM32\windows.storage.dll
0x00007ff9e67e0000 - 0x00007ff9e6b33000 	C:\Windows\System32\combase.dll
0x00007ff9e40b0000 - 0x00007ff9e40db000 	C:\Windows\SYSTEM32\Wldp.dll
0x00007ff9e74e0000 - 0x00007ff9e758e000 	C:\Windows\System32\SHCORE.dll
0x00007ff9e6bc0000 - 0x00007ff9e6c15000 	C:\Windows\System32\shlwapi.dll
0x00007ff9e4c60000 - 0x00007ff9e4c7f000 	C:\Windows\SYSTEM32\profapi.dll
0x00007ff9e1fb0000 - 0x00007ff9e1fbb000 	C:\Program Files\Java\jdk-14.0.1\bin\dt_socket.dll
0x00007ff9e3ac0000 - 0x00007ff9e3afb000 	C:\Windows\SYSTEM32\IPHLPAPI.DLL
0x00007ff9e3dd0000 - 0x00007ff9e3e3a000 	C:\Windows\system32\mswsock.dll
0x00007ff9ca060000 - 0x00007ff9ca079000 	C:\Program Files\Java\jdk-14.0.1\bin\net.dll
0x00007ff9d6240000 - 0x00007ff9d6340000 	C:\Windows\SYSTEM32\WINHTTP.dll
0x00007ff9ca040000 - 0x00007ff9ca052000 	C:\Program Files\Java\jdk-14.0.1\bin\nio.dll
0x00007ff9cd8f0000 - 0x00007ff9cd900000 	C:\Program Files\Java\jdk-14.0.1\bin\verify.dll
0x00007ff9d3540000 - 0x00007ff9d3567000 	C:\Users\Andrew Aleynikov\.gradle\native\c976cfcca226fdd4bee4412e95191dd41148b7504f9625baeda1d523bc39a967\windows-amd64\native-platform.dll
0x00007ff9cb070000 - 0x00007ff9cb079000 	C:\Program Files\Java\jdk-14.0.1\bin\management.dll
0x00007ff9cadc0000 - 0x00007ff9cadcb000 	C:\Program Files\Java\jdk-14.0.1\bin\management_ext.dll
0x00007ff9e49e0000 - 0x00007ff9e49f8000 	C:\Windows\SYSTEM32\CRYPTSP.dll
0x00007ff9e3780000 - 0x00007ff9e37b4000 	C:\Windows\system32\rsaenh.dll
0x00007ff9e5270000 - 0x00007ff9e5297000 	C:\Windows\System32\bcrypt.dll
0x00007ff9e4be0000 - 0x00007ff9e4c0e000 	C:\Windows\SYSTEM32\USERENV.dll
0x00007ff9e3fa0000 - 0x00007ff9e3fac000 	C:\Windows\SYSTEM32\CRYPTBASE.dll
0x00007ff9e57e0000 - 0x00007ff9e57e9000 	C:\Windows\System32\NSI.dll
0x00007ff9ddda0000 - 0x00007ff9dddb7000 	C:\Windows\SYSTEM32\dhcpcsvc6.DLL
0x00007ff9ddd80000 - 0x00007ff9ddd9d000 	C:\Windows\SYSTEM32\dhcpcsvc.DLL
0x00007ff9e3b00000 - 0x00007ff9e3bca000 	C:\Windows\SYSTEM32\DNSAPI.dll

dbghelp: loaded successfully - version: 4.0.5 - missing functions: none
symbol engine: initialized successfully - sym options: 0x614 - pdb path: .;C:\Program Files\Java\jdk-14.0.1\bin;C:\Windows\SYSTEM32;C:\Windows\WinSxS\amd64_microsoft.windows.common-controls_6595b64144ccf1df_6.0.19041.1_none_b555e41d4684ddec;C:\Program Files\Java\jdk-14.0.1\bin\server;C:\Users\Andrew Aleynikov\.gradle\native\c976cfcca226fdd4bee4412e95191dd41148b7504f9625baeda1d523bc39a967\windows-amd64

VM Arguments:
jvm_args: -XX:MaxMetaspaceSize=256m -XX:+HeapDumpOnOutOfMemoryError -agentlib:jdwp=transport=dt_socket,server=n,suspend=y,address=127.0.0.1:50954 --add-opens=java.base/java.util=ALL-UNNAMED --add-opens=java.base/java.lang=ALL-UNNAMED --add-opens=java.base/java.lang.invoke=ALL-UNNAMED --add-opens=java.prefs/java.util.prefs=ALL-UNNAMED -Xms256m -Xmx512m -Dfile.encoding=windows-1251 -Duser.country=RU -Duser.language=ru -Duser.variant 
java_command: org.gradle.launcher.daemon.bootstrap.GradleDaemon 6.3
java_class_path (initial): C:\Users\Andrew Aleynikov\.gradle\wrapper\dists\gradle-6.3-bin\8tpu6egwsccjzp10c1jckl0rx\gradle-6.3\lib\gradle-launcher-6.3.jar
Launcher Type: SUN_STANDARD

[Global flags]
     intx CICompilerCount                          = 4                                         {product} {ergonomic}
   size_t CompressedClassSpaceSize                 = 260046848                                 {product} {ergonomic}
     uint ConcGCThreads                            = 2                                         {product} {ergonomic}
     uint G1ConcRefinementThreads                  = 8                                         {product} {ergonomic}
   size_t G1HeapRegionSize                         = 1048576                                   {product} {ergonomic}
    uintx GCDrainStackTargetSize                   = 64                                        {product} {ergonomic}
     bool HeapDumpOnOutOfMemoryError               = true                                   {manageable} {command line}
   size_t InitialHeapSize                          = 268435456                                 {product} {command line}
   size_t MarkStackSize                            = 4194304                                   {product} {ergonomic}
   size_t MaxHeapSize                              = 536870912                                 {product} {command line}
   size_t MaxMetaspaceSize                         = 268435456                                 {product} {command line}
   size_t MaxNewSize                               = 321912832                                 {product} {ergonomic}
   size_t MinHeapDeltaBytes                        = 1048576                                   {product} {ergonomic}
   size_t MinHeapSize                              = 268435456                                 {product} {command line}
    uintx NonNMethodCodeHeapSize                   = 5839372                                {pd product} {ergonomic}
    uintx NonProfiledCodeHeapSize                  = 122909434                              {pd product} {ergonomic}
    uintx ProfiledCodeHeapSize                     = 122909434                              {pd product} {ergonomic}
    uintx ReservedCodeCacheSize                    = 251658240                              {pd product} {ergonomic}
     bool SegmentedCodeCache                       = true                                      {product} {ergonomic}
   size_t SoftMaxHeapSize                          = 536870912                              {manageable} {ergonomic}
     bool UseCompressedClassPointers               = true                                 {lp64_product} {ergonomic}
     bool UseCompressedOops                        = true                                 {lp64_product} {ergonomic}
     bool UseG1GC                                  = true                                      {product} {ergonomic}
     bool UseLargePagesIndividualAllocation        = false                                  {pd product} {ergonomic}

Logging:
Log output configuration:
 #0: stdout all=warning uptime,level,tags
 #1: stderr all=off uptime,level,tags

Environment Variables:
PATH=C:\Program Files (x86)\Common Files\Oracle\Java\javapath;C:\Windows\system32;C:\Windows;C:\Windows\System32\Wbem;C:\Windows\System32\WindowsPowerShell\v1.0\;C:\Windows\System32\OpenSSH\;C:\Program Files\NVIDIA Corporation\NVIDIA NvDLISR;C:\Program Files (x86)\NVIDIA Corporation\PhysX\Common;C:\Program Files\Git\cmd;C:\Users\Andrew Aleynikov\AppData\Local\Microsoft\WindowsApps;C:\Users\Andrew Aleynikov\AppData\Local\atom\bin;D:\Program Files\Development Software\JetBrains\IntelliJ IDEA 2020.2.2\bin;;D:\Program Files\Development Software\JetBrains\Rider for Unreal Engine 2020.2.1\bin;;D:\Program Files\Development Software\JetBrains\DataGrip 2020.2.3\bin;
USERNAME=Andrew Aleynikov
OS=Windows_NT
PROCESSOR_IDENTIFIER=Intel64 Family 6 Model 58 Stepping 9, GenuineIntel



---------------  S Y S T E M  ---------------

OS: Windows 10 , 64 bit Build 19041 (10.0.19041.292)
OS uptime: 0 days 0:52 hours

CPU:total 8 (initial active 8) (4 cores per cpu, 2 threads per core) family 6 model 58 stepping 9, cmov, cx8, fxsr, mmx, sse, sse2, sse3, ssse3, sse4.1, sse4.2, popcnt, avx, aes, clmul, erms, ht, tsc, tscinvbit, tscinv

Memory: 4k page, system-wide physical 16333M (7302M free)
TotalPageFile size 18381M (AvailPageFile size 362M)
current process WorkingSet (physical memory assigned to process): 421M, peak: 463M
current process commit charge ("private bytes"): 528M, peak: 569M

vm_info: Java HotSpot(TM) 64-Bit Server VM (14.0.1+7) for windows-amd64 JRE (14.0.1+7), built on Mar  5 2020 10:30:14 by "mach5one" with MS VC++ 15.9 (VS2017)

END.
